#
# There is insufficient memory for the Java Runtime Environment to continue.
# Native memory allocation (malloc) failed to allocate 356624 bytes for Chunk::new
# Possible reasons:
#   The system is out of physical RAM or swap space
#   The process is running with CompressedOops enabled, and the Java Heap may be blocking the growth of the native heap
# Possible solutions:
#   Reduce memory load on the system
#   Increase physical memory or swap space
#   Check if swap backing store is full
#   Decrease Java heap size (-Xmx/-Xms)
#   Decrease number of Java threads
#   Decrease Java thread stack sizes (-Xss)
#   Set larger code cache with -XX:ReservedCodeCacheSize=
#   JVM is running with Unscaled Compressed Oops mode in which the Java heap is
#     placed in the first 4GB address space. The Java Heap base address is the
#     maximum limit for the native heap growth. Please use -XX:HeapBaseMinAddress
#     to set the Java Heap base and to place the Java Heap above 4GB virtual address.
# This output file may be truncated or incomplete.
#
#  Out of Memory Error (allocation.cpp:389), pid=12804, tid=0x0000000000007b90
#
# JRE version: OpenJDK Runtime Environment (8.0_252-b09) (build 1.8.0_252-b09)
# Java VM: OpenJDK 64-Bit Server VM (25.252-b09 mixed mode windows-amd64 compressed oops)
# Failed to write core dump. Minidumps are not enabled by default on client versions of Windows
#

---------------  T H R E A D  ---------------

Current thread (0x0000000019658800):  JavaThread "C2 CompilerThread0" daemon [_thread_in_native, id=31632, stack(0x000000001acb0000,0x000000001adb0000)]

Stack: [0x000000001acb0000,0x000000001adb0000]
[error occurred during error reporting (printing stack bounds), id 0xc0000005]

Native frames: (J=compiled Java code, j=interpreted, Vv=VM code, C=native code)


Current CompileTask:
C2:   6836 5442       4       java.beans.Introspector::addMethod (196 bytes)


---------------  P R O C E S S  ---------------

Java Threads: ( => current thread )
  0x000000001d2e9800 JavaThread "Cache worker for Build Output Cleanup Cache (C:\Users\evbri\AndroidStudioProjects\RailApp\.gradle\buildOutputCleanup)" [_thread_blocked, id=26860, stack(0x0000000024cd0000,0x0000000024dd0000)]
  0x000000001d2e6000 JavaThread "Build operations Thread 12" [_thread_blocked, id=18732, stack(0x00000000247d0000,0x00000000248d0000)]
  0x000000001d2e7800 JavaThread "Build operations Thread 11" [_thread_blocked, id=1548, stack(0x00000000246d0000,0x00000000247d0000)]
  0x000000001d2e8000 JavaThread "Build operations Thread 10" [_thread_blocked, id=13208, stack(0x00000000245d0000,0x00000000246d0000)]
  0x000000001d2ea800 JavaThread "Build operations Thread 9" [_thread_blocked, id=18724, stack(0x00000000244d0000,0x00000000245d0000)]
  0x000000001d2e6800 JavaThread "Build operations Thread 8" [_thread_blocked, id=15892, stack(0x00000000243d0000,0x00000000244d0000)]
  0x000000001d2e5000 JavaThread "Build operations Thread 7" [_thread_blocked, id=28372, stack(0x00000000242d0000,0x00000000243d0000)]
  0x000000001d2e4800 JavaThread "Build operations Thread 6" [_thread_blocked, id=16076, stack(0x00000000241d0000,0x00000000242d0000)]
  0x000000001d2dd000 JavaThread "Build operations Thread 5" [_thread_blocked, id=21916, stack(0x00000000240d0000,0x00000000241d0000)]
  0x000000001d2e3800 JavaThread "Build operations Thread 4" [_thread_blocked, id=22304, stack(0x0000000023fd0000,0x00000000240d0000)]
  0x000000001d2dc000 JavaThread "Build operations Thread 3" [_thread_blocked, id=8924, stack(0x0000000023ed0000,0x0000000023fd0000)]
  0x000000001d2e2000 JavaThread "Build operations Thread 2" [_thread_blocked, id=5984, stack(0x0000000023dd0000,0x0000000023ed0000)]
  0x000000001d2e1800 JavaThread "Build operations" [_thread_blocked, id=27820, stack(0x0000000023cd0000,0x0000000023dd0000)]
  0x000000001cec4000 JavaThread "Cache worker for execution history cache (C:\Users\evbri\.gradle\caches\6.1.1\executionHistory)" [_thread_blocked, id=4928, stack(0x0000000022d50000,0x0000000022e50000)]
  0x000000001cec7000 JavaThread "Cache worker for cache directory md-rule (C:\Users\evbri\.gradle\caches\6.1.1\md-rule)" [_thread_blocked, id=6420, stack(0x00000000226f0000,0x00000000227f0000)]
  0x000000001ceca000 JavaThread "Cache worker for cache directory md-supplier (C:\Users\evbri\.gradle\caches\6.1.1\md-supplier)" [_thread_blocked, id=20896, stack(0x0000000021470000,0x0000000021570000)]
  0x000000001cec8800 JavaThread "Cache worker for file hash cache (C:\Users\evbri\AndroidStudioProjects\RailApp\.gradle\6.1.1\fileHashes)" [_thread_blocked, id=25000, stack(0x0000000022850000,0x0000000022950000)]
  0x000000001cec5800 JavaThread "Cache worker for checksums cache (C:\Users\evbri\AndroidStudioProjects\RailApp\.gradle\checksums)" [_thread_blocked, id=17844, stack(0x00000000215d0000,0x00000000216d0000)]
  0x000000001cec6800 JavaThread "Cache worker for file hash cache (C:\Users\evbri\.gradle\caches\6.1.1\fileHashes)" [_thread_blocked, id=10888, stack(0x000000001f1d0000,0x000000001f2d0000)]
  0x000000001cec8000 JavaThread "File lock request listener" [_thread_in_native, id=5012, stack(0x000000001f0d0000,0x000000001f1d0000)]
  0x000000001cec3800 JavaThread "Cache worker for journal cache (C:\Users\evbri\.gradle\caches\journal-1)" [_thread_blocked, id=25788, stack(0x000000001efd0000,0x000000001f0d0000)]
  0x000000001cec9800 JavaThread "Thread-9" [_thread_blocked, id=17372, stack(0x000000001ecd0000,0x000000001edd0000)]
  0x000000001ce0d800 JavaThread "Stdin handler" [_thread_blocked, id=12828, stack(0x000000001ebd0000,0x000000001ecd0000)]
  0x000000001ce0b000 JavaThread "Asynchronous log dispatcher for DefaultDaemonConnection: socket connection from /127.0.0.1:57537 to /127.0.0.1:57538" [_thread_blocked, id=20864, stack(0x000000001ead0000,0x000000001ebd0000)]
  0x000000001cee8800 JavaThread "Daemon worker" [_thread_in_native, id=30716, stack(0x000000001e9d0000,0x000000001ead0000)]
  0x000000001cee7800 JavaThread "Cancel handler" [_thread_blocked, id=24796, stack(0x000000001e7d0000,0x000000001e8d0000)]
  0x000000001ce17000 JavaThread "Handler for socket connection from /127.0.0.1:57537 to /127.0.0.1:57538" [_thread_in_native, id=28152, stack(0x000000001e4d0000,0x000000001e5d0000)]
  0x000000001ce36000 JavaThread "Daemon" [_thread_blocked, id=18740, stack(0x000000001e3d0000,0x000000001e4d0000)]
  0x000000001ce35800 JavaThread "Daemon periodic checks" [_thread_blocked, id=16632, stack(0x000000001e2d0000,0x000000001e3d0000)]
  0x000000001cdf2800 JavaThread "Incoming local TCP Connector on port 57537" [_thread_in_native, id=18040, stack(0x000000001e090000,0x000000001e190000)]
  0x000000001cd44800 JavaThread "Daemon health stats" [_thread_blocked, id=26640, stack(0x000000001da50000,0x000000001db50000)]
  0x00000000196f3000 JavaThread "Service Thread" daemon [_thread_blocked, id=11504, stack(0x000000001b0b0000,0x000000001b1b0000)]
  0x0000000019668000 JavaThread "C1 CompilerThread3" daemon [_thread_in_native, id=27896, stack(0x000000001afb0000,0x000000001b0b0000)]
  0x0000000019667000 JavaThread "C2 CompilerThread2" daemon [_thread_in_native, id=11120, stack(0x000000001aeb0000,0x000000001afb0000)]
  0x000000001965f000 JavaThread "C2 CompilerThread1" daemon [_thread_in_native, id=26948, stack(0x000000001adb0000,0x000000001aeb0000)]
=>0x0000000019658800 JavaThread "C2 CompilerThread0" daemon [_thread_in_native, id=31632, stack(0x000000001acb0000,0x000000001adb0000)]
  0x0000000019654000 JavaThread "Attach Listener" daemon [_thread_blocked, id=24468, stack(0x000000001abb0000,0x000000001acb0000)]
  0x0000000019653800 JavaThread "Signal Dispatcher" daemon [_thread_blocked, id=23656, stack(0x000000001aab0000,0x000000001abb0000)]
  0x0000000002cfc000 JavaThread "Finalizer" daemon [_thread_blocked, id=9800, stack(0x000000001a8b0000,0x000000001a9b0000)]
  0x0000000019643000 JavaThread "Reference Handler" daemon [_thread_blocked, id=24188, stack(0x000000001a7b0000,0x000000001a8b0000)]
  0x0000000002c02800 JavaThread "main" [_thread_blocked, id=20032, stack(0x0000000002b00000,0x0000000002c00000)]

Other Threads:
  0x0000000017f66000 VMThread [stack: 0x000000001a6b0000,0x000000001a7b0000] [id=30276]
  0x00000000196f4800 WatcherThread [stack: 0x000000001b1b0000,0x000000001b2b0000] [id=19492]

VM state:not at safepoint (normal execution)

VM Mutex/Monitor currently owned by a thread: None

heap address: 0x0000000080000000, size: 2048 MB, Compressed Oops mode: 32-bit
Narrow klass base: 0x0000000000000000, Narrow klass shift: 3
Compressed class space size: 1073741824 Address: 0x0000000100000000

Heap:
 PSYoungGen      total 221184K, used 116282K [0x00000000d5580000, 0x00000000e8f80000, 0x0000000100000000)
  eden space 199680K, 47% used [0x00000000d5580000,0x00000000db20ed00,0x00000000e1880000)
  from space 21504K, 99% used [0x00000000e1880000,0x00000000e2d7fcd0,0x00000000e2d80000)
  to   space 22016K, 0% used [0x00000000e7a00000,0x00000000e7a00000,0x00000000e8f80000)
 ParOldGen       total 327168K, used 17395K [0x0000000080000000, 0x0000000093f80000, 0x00000000d5580000)
  object space 327168K, 5% used [0x0000000080000000,0x00000000810fce70,0x0000000093f80000)
 Metaspace       used 56039K, capacity 58164K, committed 58408K, reserved 1099776K
  class space    used 7319K, capacity 7860K, committed 7976K, reserved 1048576K

Card table byte_map: [0x00000000120c0000,0x00000000124d0000] byte_map_base: 0x0000000011cc0000

Marking Bits: (ParMarkBitMap*) 0x000000005cf550b0
 Begin Bits: [0x0000000013180000, 0x0000000015180000)
 End Bits:   [0x0000000015180000, 0x0000000017180000)

Polling page: 0x0000000000de0000

CodeCache: size=245760Kb used=17916Kb max_used=17916Kb free=227843Kb
 bounds [0x0000000002d00000, 0x0000000003e90000, 0x0000000011d00000]
 total_blobs=5766 nmethods=4973 adapters=706
 compilation: enabled

Compilation events (10 events):
Event: 6.816 Thread 0x0000000019668000 5468   !   3       java.beans.Introspector::getTargetPropertyInfo (582 bytes)
Event: 6.819 Thread 0x0000000019668000 nmethod 5468 0x0000000003e80850 code [0x0000000003e80d60, 0x0000000003e848f8]
Event: 6.819 Thread 0x0000000019668000 5470       1       groovy.lang.MetaClassImpl::getTheClass (5 bytes)
Event: 6.820 Thread 0x0000000019668000 nmethod 5470 0x0000000003e86390 code [0x0000000003e864e0, 0x0000000003e865f0]
Event: 6.826 Thread 0x0000000019668000 5472       3       sun.reflect.generics.reflectiveObjects.TypeVariableImpl::equals (67 bytes)
Event: 6.826 Thread 0x0000000019668000 nmethod 5472 0x0000000003e86650 code [0x0000000003e86840, 0x0000000003e87278]
Event: 6.828 Thread 0x0000000019668000 5473       3       org.codehaus.groovy.reflection.CachedClass$3::initValue (5 bytes)
Event: 6.828 Thread 0x0000000019668000 nmethod 5473 0x0000000003e874d0 code [0x0000000003e87640, 0x0000000003e877e8]
Event: 6.828 Thread 0x0000000019668000 5474   !   3       org.codehaus.groovy.reflection.CachedClass$3$1::run (29 bytes)
Event: 6.829 Thread 0x0000000019668000 nmethod 5474 0x0000000003e87890 code [0x0000000003e87a60, 0x0000000003e88008]

GC Heap History (10 events):
Event: 2.639 GC heap before
{Heap before GC invocations=3 (full 1):
 PSYoungGen      total 153088K, used 14439K [0x00000000d5580000, 0x00000000e8080000, 0x0000000100000000)
  eden space 131584K, 0% used [0x00000000d5580000,0x00000000d5580000,0x00000000dd600000)
  from space 21504K, 67% used [0x00000000deb00000,0x00000000df919fa0,0x00000000e0000000)
  to   space 21504K, 0% used [0x00000000dd600000,0x00000000dd600000,0x00000000deb00000)
 ParOldGen       total 349696K, used 24K [0x0000000080000000, 0x0000000095580000, 0x00000000d5580000)
  object space 349696K, 0% used [0x0000000080000000,0x0000000080006000,0x0000000095580000)
 Metaspace       used 20562K, capacity 21230K, committed 21296K, reserved 1067008K
  class space    used 2894K, capacity 3095K, committed 3120K, reserved 1048576K
Event: 2.667 GC heap after
Heap after GC invocations=3 (full 1):
 PSYoungGen      total 153088K, used 0K [0x00000000d5580000, 0x00000000e8080000, 0x0000000100000000)
  eden space 131584K, 0% used [0x00000000d5580000,0x00000000d5580000,0x00000000dd600000)
  from space 21504K, 0% used [0x00000000deb00000,0x00000000deb00000,0x00000000e0000000)
  to   space 21504K, 0% used [0x00000000dd600000,0x00000000dd600000,0x00000000deb00000)
 ParOldGen       total 209920K, used 13867K [0x0000000080000000, 0x000000008cd00000, 0x00000000d5580000)
  object space 209920K, 6% used [0x0000000080000000,0x0000000080d8ae08,0x000000008cd00000)
 Metaspace       used 20562K, capacity 21230K, committed 21296K, reserved 1067008K
  class space    used 2894K, capacity 3095K, committed 3120K, reserved 1048576K
}
Event: 3.717 GC heap before
{Heap before GC invocations=4 (full 1):
 PSYoungGen      total 153088K, used 131584K [0x00000000d5580000, 0x00000000e8080000, 0x0000000100000000)
  eden space 131584K, 100% used [0x00000000d5580000,0x00000000dd600000,0x00000000dd600000)
  from space 21504K, 0% used [0x00000000deb00000,0x00000000deb00000,0x00000000e0000000)
  to   space 21504K, 0% used [0x00000000dd600000,0x00000000dd600000,0x00000000deb00000)
 ParOldGen       total 209920K, used 13867K [0x0000000080000000, 0x000000008cd00000, 0x00000000d5580000)
  object space 209920K, 6% used [0x0000000080000000,0x0000000080d8ae08,0x000000008cd00000)
 Metaspace       used 32357K, capacity 33386K, committed 33712K, reserved 1079296K
  class space    used 4374K, capacity 4666K, committed 4784K, reserved 1048576K
Event: 3.729 GC heap after
Heap after GC invocations=4 (full 1):
 PSYoungGen      total 153088K, used 13606K [0x00000000d5580000, 0x00000000e4280000, 0x0000000100000000)
  eden space 131584K, 0% used [0x00000000d5580000,0x00000000d5580000,0x00000000dd600000)
  from space 21504K, 63% used [0x00000000dd600000,0x00000000de349a40,0x00000000deb00000)
  to   space 21504K, 0% used [0x00000000e2d80000,0x00000000e2d80000,0x00000000e4280000)
 ParOldGen       total 209920K, used 13875K [0x0000000080000000, 0x000000008cd00000, 0x00000000d5580000)
  object space 209920K, 6% used [0x0000000080000000,0x0000000080d8ce08,0x000000008cd00000)
 Metaspace       used 32357K, capacity 33386K, committed 33712K, reserved 1079296K
  class space    used 4374K, capacity 4666K, committed 4784K, reserved 1048576K
}
Event: 4.034 GC heap before
{Heap before GC invocations=5 (full 1):
 PSYoungGen      total 153088K, used 52462K [0x00000000d5580000, 0x00000000e4280000, 0x0000000100000000)
  eden space 131584K, 29% used [0x00000000d5580000,0x00000000d7b71fd0,0x00000000dd600000)
  from space 21504K, 63% used [0x00000000dd600000,0x00000000de349a40,0x00000000deb00000)
  to   space 21504K, 0% used [0x00000000e2d80000,0x00000000e2d80000,0x00000000e4280000)
 ParOldGen       total 209920K, used 13875K [0x0000000080000000, 0x000000008cd00000, 0x00000000d5580000)
  object space 209920K, 6% used [0x0000000080000000,0x0000000080d8ce08,0x000000008cd00000)
 Metaspace       used 34394K, capacity 35382K, committed 35496K, reserved 1079296K
  class space    used 4670K, capacity 4941K, committed 5032K, reserved 1048576K
Event: 4.040 GC heap after
Heap after GC invocations=5 (full 1):
 PSYoungGen      total 221184K, used 9495K [0x00000000d5580000, 0x00000000e4880000, 0x0000000100000000)
  eden space 199680K, 0% used [0x00000000d5580000,0x00000000d5580000,0x00000000e1880000)
  from space 21504K, 44% used [0x00000000e2d80000,0x00000000e36c5d88,0x00000000e4280000)
  to   space 21504K, 0% used [0x00000000e1880000,0x00000000e1880000,0x00000000e2d80000)
 ParOldGen       total 209920K, used 13883K [0x0000000080000000, 0x000000008cd00000, 0x00000000d5580000)
  object space 209920K, 6% used [0x0000000080000000,0x0000000080d8ee08,0x000000008cd00000)
 Metaspace       used 34394K, capacity 35382K, committed 35496K, reserved 1079296K
  class space    used 4670K, capacity 4941K, committed 5032K, reserved 1048576K
}
Event: 4.040 GC heap before
{Heap before GC invocations=6 (full 2):
 PSYoungGen      total 221184K, used 9495K [0x00000000d5580000, 0x00000000e4880000, 0x0000000100000000)
  eden space 199680K, 0% used [0x00000000d5580000,0x00000000d5580000,0x00000000e1880000)
  from space 21504K, 44% used [0x00000000e2d80000,0x00000000e36c5d88,0x00000000e4280000)
  to   space 21504K, 0% used [0x00000000e1880000,0x00000000e1880000,0x00000000e2d80000)
 ParOldGen       total 209920K, used 13883K [0x0000000080000000, 0x000000008cd00000, 0x00000000d5580000)
  object space 209920K, 6% used [0x0000000080000000,0x0000000080d8ee08,0x000000008cd00000)
 Metaspace       used 34394K, capacity 35382K, committed 35496K, reserved 1079296K
  class space    used 4670K, capacity 4941K, committed 5032K, reserved 1048576K
Event: 4.079 GC heap after
Heap after GC invocations=6 (full 2):
 PSYoungGen      total 221184K, used 0K [0x00000000d5580000, 0x00000000e4880000, 0x0000000100000000)
  eden space 199680K, 0% used [0x00000000d5580000,0x00000000d5580000,0x00000000e1880000)
  from space 21504K, 0% used [0x00000000e2d80000,0x00000000e2d80000,0x00000000e4280000)
  to   space 21504K, 0% used [0x00000000e1880000,0x00000000e1880000,0x00000000e2d80000)
 ParOldGen       total 327168K, used 16857K [0x0000000080000000, 0x0000000093f80000, 0x00000000d5580000)
  object space 327168K, 5% used [0x0000000080000000,0x00000000810764b0,0x0000000093f80000)
 Metaspace       used 34394K, capacity 35382K, committed 35496K, reserved 1079296K
  class space    used 4670K, capacity 4941K, committed 5032K, reserved 1048576K
}
Event: 6.012 GC heap before
{Heap before GC invocations=7 (full 2):
 PSYoungGen      total 221184K, used 199680K [0x00000000d5580000, 0x00000000e4880000, 0x0000000100000000)
  eden space 199680K, 100% used [0x00000000d5580000,0x00000000e1880000,0x00000000e1880000)
  from space 21504K, 0% used [0x00000000e2d80000,0x00000000e2d80000,0x00000000e4280000)
  to   space 21504K, 0% used [0x00000000e1880000,0x00000000e1880000,0x00000000e2d80000)
 ParOldGen       total 327168K, used 16857K [0x0000000080000000, 0x0000000093f80000, 0x00000000d5580000)
  object space 327168K, 5% used [0x0000000080000000,0x00000000810764b0,0x0000000093f80000)
 Metaspace       used 48961K, capacity 50880K, committed 50984K, reserved 1093632K
  class space    used 6488K, capacity 6929K, committed 6952K, reserved 1048576K
Event: 6.027 GC heap after
Heap after GC invocations=7 (full 2):
 PSYoungGen      total 221184K, used 21503K [0x00000000d5580000, 0x00000000e8f80000, 0x0000000100000000)
  eden space 199680K, 0% used [0x00000000d5580000,0x00000000d5580000,0x00000000e1880000)
  from space 21504K, 99% used [0x00000000e1880000,0x00000000e2d7fcd0,0x00000000e2d80000)
  to   space 22016K, 0% used [0x00000000e7a00000,0x00000000e7a00000,0x00000000e8f80000)
 ParOldGen       total 327168K, used 17395K [0x0000000080000000, 0x0000000093f80000, 0x00000000d5580000)
  object space 327168K, 5% used [0x0000000080000000,0x00000000810fce70,0x0000000093f80000)
 Metaspace       used 48961K, capacity 50880K, committed 50984K, reserved 1093632K
  class space    used 6488K, capacity 6929K, committed 6952K, reserved 1048576K
}

Deoptimization events (10 events):
Event: 6.472 Thread 0x000000001cee8800 Uncommon trap: reason=unstable_if action=reinterpret pc=0x0000000002e42c10 method=org.gradle.internal.instantiation.generator.AbstractClassGenerator$InjectionAnnotationValidator.validateMethod(Ljava/lang/reflect/Method;Lorg/gradle/internal/reflect/Propert
Event: 6.529 Thread 0x000000001cee8800 Uncommon trap: reason=unstable_if action=reinterpret pc=0x0000000002ecc69c method=java.lang.String.replace(CC)Ljava/lang/String; @ 2
Event: 6.534 Thread 0x000000001cee8800 Uncommon trap: reason=unstable_if action=reinterpret pc=0x0000000003a83648 method=org.codehaus.groovy.runtime.metaclass.MetaMethodIndex.copyNonPrivateNonNewMetaMethods(Lorg/codehaus/groovy/runtime/metaclass/MetaMethodIndex$Entry;Lorg/codehaus/groovy/runti
Event: 6.534 Thread 0x000000001cee8800 Uncommon trap: reason=unstable_if action=reinterpret pc=0x0000000003a8dba8 method=groovy.lang.MetaClassImpl$1MOPIter.methodNameAction(Ljava/lang/Class;Lorg/codehaus/groovy/runtime/metaclass/MetaMethodIndex$Entry;)V @ 182
Event: 6.584 Thread 0x000000001cee8800 Uncommon trap: reason=unstable_if action=reinterpret pc=0x0000000003d060d0 method=org.gradle.internal.service.DefaultServiceRegistry$OwnServices.getService(Ljava/lang/reflect/Type;)Lorg/gradle/internal/service/Service; @ 27
Event: 6.622 Thread 0x000000001cee8800 Uncommon trap: reason=unstable_if action=reinterpret pc=0x00000000030be184 method=java.lang.String.lastIndexOf([CII[CIII)I @ 17
Event: 6.622 Thread 0x000000001cee8800 Uncommon trap: reason=unstable_if action=reinterpret pc=0x0000000003812120 method=sun.net.www.protocol.jar.Handler.parseURL(Ljava/net/URL;Ljava/lang/String;II)V @ 116
Event: 6.713 Thread 0x000000001cee8800 Uncommon trap: reason=unstable_if action=reinterpret pc=0x0000000003cdeb44 method=java.util.concurrent.ConcurrentHashMap.addCount(JI)V @ 110
Event: 6.713 Thread 0x000000001cee8800 Uncommon trap: reason=unstable_if action=reinterpret pc=0x0000000003c8b5f0 method=java.util.concurrent.ConcurrentHashMap.addCount(JI)V @ 110
Event: 6.776 Thread 0x000000001cee8800 Uncommon trap: reason=unstable_if action=reinterpret pc=0x000000000349844c method=java.util.WeakHashMap.expungeStaleEntries()V @ 66

Classes redefined (0 events):
No events

Internal exceptions (10 events):
Event: 6.822 Thread 0x000000001cee8800 Exception <a 'java/lang/ClassNotFoundException': org/gradle/api/internal/DefaultNamedDomainObjectSetBeanInfo> (0x00000000dad18000) thrown at [C:\ws\UTv\Corretto8Src\installers\windows\zip\corretto-build\buildRoot\src\hotspot\src\share\vm\classfile\systemD
Event: 6.823 Thread 0x000000001cee8800 Exception <a 'java/lang/ClassNotFoundException': org/gradle/api/internal/DefaultNamedDomainObjectSetCustomizer> (0x00000000dad5bdb0) thrown at [C:\ws\UTv\Corretto8Src\installers\windows\zip\corretto-build\buildRoot\src\hotspot\src\share\vm\classfile\syste
Event: 6.825 Thread 0x000000001cee8800 Exception <a 'java/lang/ClassNotFoundException': org/gradle/api/internal/AbstractNamedDomainObjectContainerCustomizer> (0x00000000dadbf0a8) thrown at [C:\ws\UTv\Corretto8Src\installers\windows\zip\corretto-build\buildRoot\src\hotspot\src\share\vm\classfil
Event: 6.826 Thread 0x000000001cee8800 Exception <a 'java/lang/ClassNotFoundException': org/gradle/api/internal/FactoryNamedDomainObjectContainerCustomizer> (0x00000000dae206e0) thrown at [C:\ws\UTv\Corretto8Src\installers\windows\zip\corretto-build\buildRoot\src\hotspot\src\share\vm\classfile
Event: 6.826 Thread 0x000000001cee8800 Exception <a 'java/lang/ClassNotFoundException': org/gradle/api/internal/FactoryNamedDomainObjectContainer_DecoratedCustomizer> (0x00000000dae7ac90) thrown at [C:\ws\UTv\Corretto8Src\installers\windows\zip\corretto-build\buildRoot\src\hotspot\src\share\vm
Event: 6.830 Thread 0x000000001cee8800 Exception <a 'java/lang/ClassNotFoundException': com/android/build/gradle/internal/dsl/BuildType_DecoratedBeanInfo> (0x00000000daf56c20) thrown at [C:\ws\UTv\Corretto8Src\installers\windows\zip\corretto-build\buildRoot\src\hotspot\src\share\vm\classfile\s
Event: 6.830 Thread 0x000000001cee8800 Exception <a 'java/lang/ClassNotFoundException': com/android/build/gradle/internal/dsl/BuildTypeBeanInfo> (0x00000000daf76c68) thrown at [C:\ws\UTv\Corretto8Src\installers\windows\zip\corretto-build\buildRoot\src\hotspot\src\share\vm\classfile\systemDicti
Event: 6.831 Thread 0x000000001cee8800 Exception <a 'java/lang/ClassNotFoundException': com/android/builder/core/AbstractBuildTypeBeanInfo> (0x00000000daf948c0) thrown at [C:\ws\UTv\Corretto8Src\installers\windows\zip\corretto-build\buildRoot\src\hotspot\src\share\vm\classfile\systemDictionary
Event: 6.832 Thread 0x000000001cee8800 Exception <a 'java/lang/ClassNotFoundException': com/android/builder/core/AbstractBuildTypeCustomizer> (0x00000000dafb39d0) thrown at [C:\ws\UTv\Corretto8Src\installers\windows\zip\corretto-build\buildRoot\src\hotspot\src\share\vm\classfile\systemDictiona
Event: 6.833 Thread 0x000000001cee8800 Exception <a 'java/lang/ClassNotFoundException': com/android/build/gradle/internal/dsl/BuildTypeCustomizer> (0x00000000dafee460) thrown at [C:\ws\UTv\Corretto8Src\installers\windows\zip\corretto-build\buildRoot\src\hotspot\src\share\vm\classfile\systemDic

Events (10 events):
Event: 6.831 loading class com/android/builder/core/AbstractBuildTypeBeanInfo
Event: 6.831 loading class com/android/builder/core/AbstractBuildTypeBeanInfo done
Event: 6.831 loading class com/android/builder/core/AbstractBuildTypeCustomizer
Event: 6.831 loading class com/android/builder/core/AbstractBuildTypeCustomizer done
Event: 6.832 loading class com/android/builder/core/AbstractBuildTypeCustomizer
Event: 6.832 loading class com/android/builder/core/AbstractBuildTypeCustomizer done
Event: 6.832 loading class com/android/build/gradle/internal/dsl/BuildTypeCustomizer
Event: 6.832 loading class com/android/build/gradle/internal/dsl/BuildTypeCustomizer done
Event: 6.833 loading class com/android/build/gradle/internal/dsl/BuildTypeCustomizer
Event: 6.833 loading class com/android/build/gradle/internal/dsl/BuildTypeCustomizer done


Dynamic libraries:
0x00007ff7f9bb0000 - 0x00007ff7f9be5000 	C:\Program Files\Amazon Corretto\jdk1.8.0_252\bin\java.exe
0x00007ff9f93c0000 - 0x00007ff9f95b0000 	C:\Windows\SYSTEM32\ntdll.dll
0x00007ff9f9290000 - 0x00007ff9f9342000 	C:\Windows\System32\KERNEL32.DLL
0x00007ff9f6c00000 - 0x00007ff9f6ea4000 	C:\Windows\System32\KERNELBASE.dll
0x00007ff9f8020000 - 0x00007ff9f80c3000 	C:\Windows\System32\ADVAPI32.dll
0x00007ff9f8270000 - 0x00007ff9f830e000 	C:\Windows\System32\msvcrt.dll
0x00007ff9f7650000 - 0x00007ff9f76e7000 	C:\Windows\System32\sechost.dll
0x00007ff9f7760000 - 0x00007ff9f7880000 	C:\Windows\System32\RPCRT4.dll
0x00007ff9f80d0000 - 0x00007ff9f8265000 	C:\Windows\System32\USER32.dll
0x00007ff9f6ba0000 - 0x00007ff9f6bc1000 	C:\Windows\System32\win32u.dll
0x00007ff9f9350000 - 0x00007ff9f9376000 	C:\Windows\System32\GDI32.dll
0x00007ff9f71b0000 - 0x00007ff9f7346000 	C:\Windows\System32\gdi32full.dll
0x00007ff9f73d0000 - 0x00007ff9f746e000 	C:\Windows\System32\msvcp_win.dll
0x00007ff9f6eb0000 - 0x00007ff9f6faa000 	C:\Windows\System32\ucrtbase.dll
0x00007ff9e5770000 - 0x00007ff9e59f4000 	C:\Windows\WinSxS\amd64_microsoft.windows.common-controls_6595b64144ccf1df_6.0.18362.1016_none_9e7a36bbe461dae4\COMCTL32.dll
0x00007ff9f8a80000 - 0x00007ff9f8db5000 	C:\Windows\System32\combase.dll
0x00007ff9f7350000 - 0x00007ff9f73d0000 	C:\Windows\System32\bcryptPrimitives.dll
0x00007ff9f7ff0000 - 0x00007ff9f801e000 	C:\Windows\System32\IMM32.DLL
0x000000005f500000 - 0x000000005f5d2000 	C:\Program Files\Amazon Corretto\jdk1.8.0_252\jre\bin\msvcr100.dll
0x000000005c780000 - 0x000000005cfd1000 	C:\Program Files\Amazon Corretto\jdk1.8.0_252\jre\bin\server\jvm.dll
0x00007ff9f7470000 - 0x00007ff9f7478000 	C:\Windows\System32\PSAPI.DLL
0x00007ff9ebc70000 - 0x00007ff9ebc7a000 	C:\Windows\SYSTEM32\VERSION.dll
0x00007ff9f3d00000 - 0x00007ff9f3d24000 	C:\Windows\SYSTEM32\WINMM.dll
0x00007ff9f0fe0000 - 0x00007ff9f0fe9000 	C:\Windows\SYSTEM32\WSOCK32.dll
0x00007ff9f8580000 - 0x00007ff9f85ef000 	C:\Windows\System32\WS2_32.dll
0x00007ff9f3b40000 - 0x00007ff9f3b6d000 	C:\Windows\SYSTEM32\winmmbase.dll
0x00007ff9f6fb0000 - 0x00007ff9f6ffa000 	C:\Windows\System32\cfgmgr32.dll
0x00007ff9f3ba0000 - 0x00007ff9f3baf000 	C:\Program Files\Amazon Corretto\jdk1.8.0_252\jre\bin\verify.dll
0x00007ff9f2000000 - 0x00007ff9f2029000 	C:\Program Files\Amazon Corretto\jdk1.8.0_252\jre\bin\java.dll
0x00007ff9f1fe0000 - 0x00007ff9f1ff6000 	C:\Program Files\Amazon Corretto\jdk1.8.0_252\jre\bin\zip.dll
0x00007ff9f7900000 - 0x00007ff9f7fe7000 	C:\Windows\System32\SHELL32.dll
0x00007ff9f89d0000 - 0x00007ff9f8a79000 	C:\Windows\System32\shcore.dll
0x00007ff9f6340000 - 0x00007ff9f6ac2000 	C:\Windows\System32\windows.storage.dll
0x00007ff9f62c0000 - 0x00007ff9f62e3000 	C:\Windows\System32\profapi.dll
0x00007ff9f62f0000 - 0x00007ff9f633a000 	C:\Windows\System32\powrprof.dll
0x00007ff9f6270000 - 0x00007ff9f6280000 	C:\Windows\System32\UMPDC.dll
0x00007ff9f8450000 - 0x00007ff9f84a2000 	C:\Windows\System32\shlwapi.dll
0x00007ff9f6280000 - 0x00007ff9f6291000 	C:\Windows\System32\kernel.appcore.dll
0x00007ff9f6b80000 - 0x00007ff9f6b97000 	C:\Windows\System32\cryptsp.dll
0x00007ff9f17e0000 - 0x00007ff9f17fa000 	C:\Program Files\Amazon Corretto\jdk1.8.0_252\jre\bin\net.dll
0x00007ff9f5a80000 - 0x00007ff9f5ae7000 	C:\Windows\system32\mswsock.dll
0x00007ff9f12c0000 - 0x00007ff9f12d2000 	C:\Program Files\Amazon Corretto\jdk1.8.0_252\jre\bin\nio.dll
0x00007ff9ee500000 - 0x00007ff9ee526000 	C:\Users\evbri\.gradle\native\31\windows-amd64\native-platform.dll
0x00007ff9f1fd0000 - 0x00007ff9f1fdd000 	C:\Program Files\Amazon Corretto\jdk1.8.0_252\jre\bin\management.dll
0x00007ff9f5600000 - 0x00007ff9f5633000 	C:\Windows\system32\rsaenh.dll
0x00007ff9f6bd0000 - 0x00007ff9f6bf6000 	C:\Windows\System32\bcrypt.dll
0x00007ff9f6190000 - 0x00007ff9f61b5000 	C:\Windows\SYSTEM32\USERENV.dll
0x00007ff9f5c00000 - 0x00007ff9f5c0c000 	C:\Windows\SYSTEM32\CRYPTBASE.dll
0x00007ff9f57a0000 - 0x00007ff9f57da000 	C:\Windows\SYSTEM32\IPHLPAPI.DLL
0x00007ff9f89c0000 - 0x00007ff9f89c8000 	C:\Windows\System32\NSI.dll
0x00007ff9f0250000 - 0x00007ff9f0266000 	C:\Windows\SYSTEM32\dhcpcsvc6.DLL
0x00007ff9f01e0000 - 0x00007ff9f01fc000 	C:\Windows\SYSTEM32\dhcpcsvc.DLL
0x00007ff9f57e0000 - 0x00007ff9f58ab000 	C:\Windows\SYSTEM32\DNSAPI.dll

VM Arguments:
jvm_args: -Xmx2048m -Dfile.encoding=windows-1252 -Duser.country=IE -Duser.language=en -Duser.variant 
java_command: org.gradle.launcher.daemon.bootstrap.GradleDaemon 6.1.1
java_class_path (initial): C:\Users\evbri\.gradle\wrapper\dists\gradle-6.1.1-all\cfmwm155h49vnt3hynmlrsdst\gradle-6.1.1\lib\gradle-launcher-6.1.1.jar
Launcher Type: SUN_STANDARD

Environment Variables:
JAVA_HOME=C:\Program Files\Amazon Corretto\jdk1.8.0_252
PATH=C:\Program Files (x86)\NVIDIA Corporation\PhysX\Common;C:\Program Files\Amazon Corretto\jdk1.8.0_252\bin;C:\Program Files (x86)\Python38-32\Scripts\;C:\Program Files (x86)\Python38-32\;C:\Program Files\ImageMagick-7.0.9-Q16;C:\Python38\Scripts\;C:\Python38\;C:\Program Files (x86)\Common Files\Oracle\Java\javapath;C:\Windows\system32;C:\Windows;C:\Windows\System32\Wbem;C:\Windows\System32\WindowsPowerShell\v1.0\;C:\Windows\System32\OpenSSH\;C:\Program Files\WIDCOMM\Bluetooth Software\;C:\Program Files\WIDCOMM\Bluetooth Software\syswow64;C:\ProgramData\chocolatey\bin;C:\Program Files\Git\cmd;C:\Program Files\nodejs\;C:\ProgramData\nvm;C:\Program Files\nodejs;C:\Program Files (x86)\Yarn\bin\;C:\Users\evbri\Maven\apache-maven-3.6.3\bin;C:\Program Files\Amazon Corretto\jdk1.8.0_252\bin;C:\Users\evbri\AppData\Local\Android\Sdk;C:\Users\evbri\AppData\Local\Android\Sdk\platform-tools;C:\Program Files\dotnet\;C:\Program Files\Microsoft SQL Server\130\Tools\Binn\;F:\Program Files (x86)\IncrediBuild;C:\Program Files (x86)\Microsoft Emulator Manager\1.0\;C:\Program Files\Docker\Docker\resources\bin;C:\ProgramData\DockerDesktop\version-bin;C:\Users\evbri\AppData\Local\Microsoft\WindowsApps;C:\Program Files\JetBrains\IntelliJ IDEA 2019.2.4\bin;;C:\Program Files (x86)\Nmap;C:\Users\evbri\AppData\Roaming\npm;C:\Users\evbri\AppData\Local\Programs\Microsoft VS Code\bin;C:\Users\evbri\AppData\Local\Yarn\bin;;C:\Users\evbri\AppData\Local\Programs\Fiddler;C:\Users\evbri\.dotnet\tools
USERNAME=evbri
OS=Windows_NT
PROCESSOR_IDENTIFIER=AMD64 Family 23 Model 8 Stepping 2, AuthenticAMD



---------------  S Y S T E M  ---------------

OS: Windows 10.0 , 64 bit Build 18362 (10.0.18362.959)

CPU:total 12 (initial active 12) (12 cores per cpu, 1 threads per core) family 23 model 8 stepping 2, cmov, cx8, fxsr, mmx, sse, sse2, sse3, ssse3, sse4.1, sse4.2, popcnt, avx, avx2, aes, clmul, mmxext, 3dnowpref, lzcnt, sse4a, tsc, tscinvbit, tscinv, bmi1

Memory: 4k page, physical 33487044k(7030556k free), swap 62708288k(3464k free)

vm_info: OpenJDK 64-Bit Server VM (25.252-b09) for windows-amd64 JRE (1.8.0_252-b09), built on Apr 17 2020 18:10:37 by "Administrator" with MS VC++ 10.0 (VS2010)

time: Sat Sep 12 22:26:52 2020
timezone: GMT Summer Time
elapsed time: 6 seconds (0d 0h 0m 6s)

