#
# There is insufficient memory for the Java Runtime Environment to continue.
# Native memory allocation (malloc) failed to allocate 893296 bytes for Chunk::new
# Possible reasons:
#   The system is out of physical RAM or swap space
#   The process is running with CompressedOops enabled, and the Java Heap may be blocking the growth of the native heap
# Possible solutions:
#   Reduce memory load on the system
#   Increase physical memory or swap space
#   Check if swap backing store is full
#   Decrease Java heap size (-Xmx/-Xms)
#   Decrease number of Java threads
#   Decrease Java thread stack sizes (-Xss)
#   Set larger code cache with -XX:ReservedCodeCacheSize=
#   JVM is running with Unscaled Compressed Oops mode in which the Java heap is
#     placed in the first 4GB address space. The Java Heap base address is the
#     maximum limit for the native heap growth. Please use -XX:HeapBaseMinAddress
#     to set the Java Heap base and to place the Java Heap above 4GB virtual address.
# This output file may be truncated or incomplete.
#
#  Out of Memory Error (allocation.cpp:389), pid=25572, tid=0x0000000000005e48
#
# JRE version: OpenJDK Runtime Environment (8.0_252-b09) (build 1.8.0_252-b09)
# Java VM: OpenJDK 64-Bit Server VM (25.252-b09 mixed mode windows-amd64 compressed oops)
# Failed to write core dump. Minidumps are not enabled by default on client versions of Windows
#

---------------  T H R E A D  ---------------

Current thread (0x0000000019963000):  JavaThread "C2 CompilerThread2" daemon [_thread_in_native, id=24136, stack(0x000000001b1b0000,0x000000001b2b0000)]

Stack: [0x000000001b1b0000,0x000000001b2b0000]
[error occurred during error reporting (printing stack bounds), id 0xc0000005]

Native frames: (J=compiled Java code, j=interpreted, Vv=VM code, C=native code)


Current CompileTask:
C2:  36860 23150 %     4       com.android.tools.r8.dex.A::a @ 1462 (3970 bytes)


---------------  P R O C E S S  ---------------

Java Threads: ( => current thread )
  0x00000000214e9000 JavaThread "ForkJoinPool-2-worker-12" daemon [_thread_blocked, id=18936, stack(0x0000000033350000,0x0000000033450000)]
  0x00000000214e7800 JavaThread "ForkJoinPool-2-worker-3" daemon [_thread_blocked, id=16788, stack(0x0000000033250000,0x0000000033350000)]
  0x00000000214e7000 JavaThread "ForkJoinPool-2-worker-10" daemon [_thread_blocked, id=30624, stack(0x0000000030ac0000,0x0000000030bc0000)]
  0x00000000214e6000 JavaThread "ForkJoinPool-2-worker-1" daemon [_thread_blocked, id=30384, stack(0x00000000309c0000,0x0000000030ac0000)]
  0x00000000214e4800 JavaThread "ForkJoinPool-2-worker-8" daemon [_thread_in_Java, id=12016, stack(0x00000000308c0000,0x00000000309c0000)]
  0x00000000214df800 JavaThread "ForkJoinPool-2-worker-15" daemon [_thread_blocked, id=8620, stack(0x00000000307c0000,0x00000000308c0000)]
  0x00000000214dd000 JavaThread "ForkJoinPool-2-worker-6" daemon [_thread_blocked, id=27656, stack(0x00000000306c0000,0x00000000307c0000)]
  0x00000000214e4000 JavaThread "ForkJoinPool-2-worker-13" daemon [_thread_blocked, id=31112, stack(0x00000000305c0000,0x00000000306c0000)]
  0x00000000214dc800 JavaThread "ForkJoinPool-2-worker-4" daemon [_thread_blocked, id=18596, stack(0x00000000304c0000,0x00000000305c0000)]
  0x00000000214e2800 JavaThread "ForkJoinPool-2-worker-11" daemon [_thread_blocked, id=25080, stack(0x000000002db60000,0x000000002dc60000)]
  0x00000000214e1800 JavaThread "ForkJoinPool-2-worker-2" daemon [_thread_blocked, id=27180, stack(0x000000002a730000,0x000000002a830000)]
  0x00000000234d4800 JavaThread "ForkJoinPool-2-worker-9" daemon [_thread_blocked, id=16752, stack(0x0000000028e60000,0x0000000028f60000)]
  0x00000000234d0000 JavaThread "WorkerExecutor Queue Thread 24" [_thread_blocked, id=4348, stack(0x0000000028b60000,0x0000000028c60000)]
  0x00000000234cd800 JavaThread "ForkJoinPool.commonPool-worker-14" daemon [_thread_blocked, id=16936, stack(0x000000002c980000,0x000000002ca80000)]
  0x00000000234d3800 JavaThread "ForkJoinPool.commonPool-worker-5" daemon [_thread_blocked, id=16420, stack(0x0000000030cc0000,0x0000000030dc0000)]
  0x00000000214de800 JavaThread "Cache worker for Java compile cache (C:\Users\evbri\AndroidStudioProjects\RailApp\.gradle\6.1.1\javaCompile)" [_thread_blocked, id=7344, stack(0x000000002ce80000,0x000000002cf80000)]
  0x00000000214de000 JavaThread "Cache worker for Java compile cache (C:\Users\evbri\.gradle\caches\6.1.1\javaCompile)" [_thread_blocked, id=25856, stack(0x000000002cd80000,0x000000002ce80000)]
  0x00000000214e3000 JavaThread "RMI TCP Connection(2)-127.0.0.1" daemon [_thread_in_native, id=23440, stack(0x0000000028f60000,0x0000000029060000)]
  0x00000000214db000 JavaThread "WorkerExecutor Queue Thread 14" [_thread_blocked, id=17984, stack(0x000000002cf80000,0x000000002d080000)]
  0x00000000214e1000 JavaThread "ForkJoinPool.commonPool-worker-1" daemon [_thread_blocked, id=14040, stack(0x000000002cc80000,0x000000002cd80000)]
  0x00000000214db800 JavaThread "ForkJoinPool.commonPool-worker-8" daemon [_thread_blocked, id=7504, stack(0x000000002cb80000,0x000000002cc80000)]
  0x00000000214e0000 JavaThread "ForkJoinPool.commonPool-worker-15" daemon [_thread_blocked, id=24564, stack(0x000000002ca80000,0x000000002cb80000)]
  0x00000000234da800 JavaThread "ForkJoinPool.commonPool-worker-13" daemon [_thread_blocked, id=13856, stack(0x000000002c880000,0x000000002c980000)]
  0x00000000234da000 JavaThread "ForkJoinPool.commonPool-worker-4" daemon [_thread_blocked, id=29772, stack(0x000000002c450000,0x000000002c550000)]
  0x00000000234d9000 JavaThread "ForkJoinPool.commonPool-worker-11" daemon [_thread_blocked, id=26276, stack(0x000000002c780000,0x000000002c880000)]
  0x00000000234d8000 JavaThread "ForkJoinPool.commonPool-worker-2" daemon [_thread_blocked, id=24432, stack(0x000000002c680000,0x000000002c780000)]
  0x00000000234d7800 JavaThread "ForkJoinPool.commonPool-worker-9" daemon [_thread_blocked, id=3184, stack(0x000000002c580000,0x000000002c680000)]
  0x00000000234d6800 JavaThread "RMI TCP Connection(3)-127.0.0.1" daemon [_thread_in_native, id=27556, stack(0x000000002c350000,0x000000002c450000)]
  0x00000000234d6000 JavaThread "RMI Reaper" [_thread_blocked, id=3080, stack(0x000000002b630000,0x000000002b730000)]
  0x00000000234ce800 JavaThread "RMI TCP Accept-0" daemon [_thread_in_native, id=31516, stack(0x000000002a430000,0x000000002a530000)]
  0x00000000234d5000 JavaThread "GC Daemon" daemon [_thread_blocked, id=10276, stack(0x0000000029090000,0x0000000029190000)]
  0x00000000234cd000 JavaThread "RMI Scheduler(0)" daemon [_thread_blocked, id=18988, stack(0x0000000028860000,0x0000000028960000)]
  0x00000000229aa800 JavaThread "stdout" [_thread_in_native, id=23916, stack(0x000000002bc50000,0x000000002bd50000)]
  0x00000000229aa000 JavaThread "stderr" [_thread_in_native, id=26228, stack(0x000000002bb50000,0x000000002bc50000)]
  0x00000000229a9000 JavaThread "stdout" [_thread_in_native, id=25812, stack(0x000000002ba50000,0x000000002bb50000)]
  0x00000000229a7800 JavaThread "stderr" [_thread_in_native, id=11628, stack(0x000000002b950000,0x000000002ba50000)]
  0x00000000229a7000 JavaThread "stdout" [_thread_in_native, id=28816, stack(0x000000002b850000,0x000000002b950000)]
  0x00000000229a5800 JavaThread "stderr" [_thread_in_native, id=16416, stack(0x000000002b750000,0x000000002b850000)]
  0x00000000229a6000 JavaThread "stdout" [_thread_in_native, id=24796, stack(0x000000002b530000,0x000000002b630000)]
  0x00000000229a8800 JavaThread "stderr" [_thread_in_native, id=19452, stack(0x000000002b430000,0x000000002b530000)]
  0x000000002299c000 JavaThread "stdout" [_thread_in_native, id=24100, stack(0x000000002b330000,0x000000002b430000)]
  0x00000000229a3000 JavaThread "stderr" [_thread_in_native, id=5100, stack(0x000000002b230000,0x000000002b330000)]
  0x00000000229a1800 JavaThread "stdout" [_thread_in_native, id=28596, stack(0x000000002b130000,0x000000002b230000)]
  0x00000000229a1000 JavaThread "stderr" [_thread_in_native, id=9168, stack(0x000000002b030000,0x000000002b130000)]
  0x00000000229a0000 JavaThread "stdout" [_thread_in_native, id=29908, stack(0x000000002af30000,0x000000002b030000)]
  0x000000002299e800 JavaThread "stderr" [_thread_in_native, id=28560, stack(0x000000002ae30000,0x000000002af30000)]
  0x000000002299e000 JavaThread "stdout" [_thread_in_native, id=17156, stack(0x000000002ad30000,0x000000002ae30000)]
  0x000000002299f800 JavaThread "stderr" [_thread_in_native, id=14328, stack(0x000000002ac30000,0x000000002ad30000)]
  0x000000002299d000 JavaThread "pool-3-thread-1" [_thread_blocked, id=1172, stack(0x000000002ab30000,0x000000002ac30000)]
  0x00000000229a2800 JavaThread "Java2D Disposer" daemon [_thread_blocked, id=18080, stack(0x000000002a830000,0x000000002a930000)]
  0x00000000234cf000 JavaThread "Cache worker for execution history cache (C:\Users\evbri\AndroidStudioProjects\RailApp\.gradle\6.1.1\executionHistory)" [_thread_blocked, id=10316, stack(0x0000000028560000,0x0000000028660000)]
  0x000000001d5f5000 JavaThread "Execution worker for ':' Thread 11" [_thread_blocked, id=15572, stack(0x0000000028460000,0x0000000028560000)]
  0x000000001d5f4000 JavaThread "Execution worker for ':' Thread 10" [_thread_blocked, id=9592, stack(0x0000000028360000,0x0000000028460000)]
  0x000000001d5f3800 JavaThread "Execution worker for ':' Thread 9" [_thread_blocked, id=30532, stack(0x0000000028260000,0x0000000028360000)]
  0x000000001d5f2000 JavaThread "Execution worker for ':' Thread 8" [_thread_blocked, id=22372, stack(0x0000000028160000,0x0000000028260000)]
  0x000000001d5f2800 JavaThread "Execution worker for ':' Thread 7" [_thread_blocked, id=15556, stack(0x0000000028060000,0x0000000028160000)]
  0x000000001d5f6800 JavaThread "Execution worker for ':' Thread 6" [_thread_blocked, id=32, stack(0x0000000027f60000,0x0000000028060000)]
  0x000000001d5f5800 JavaThread "Execution worker for ':' Thread 5" [_thread_blocked, id=30036, stack(0x0000000027e60000,0x0000000027f60000)]
  0x000000001d5ea000 JavaThread "Execution worker for ':' Thread 4" [_thread_blocked, id=26848, stack(0x0000000027d60000,0x0000000027e60000)]
  0x000000001d5f1000 JavaThread "Execution worker for ':' Thread 3" [_thread_blocked, id=19016, stack(0x0000000027c60000,0x0000000027d60000)]
  0x000000001d5f0800 JavaThread "Execution worker for ':' Thread 2" [_thread_blocked, id=13144, stack(0x0000000027b60000,0x0000000027c60000)]
  0x000000001d5ef800 JavaThread "Execution worker for ':'" [_thread_blocked, id=18248, stack(0x0000000027730000,0x0000000027830000)]
  0x000000001d5e9800 JavaThread "Cache worker for file content cache (C:\Users\evbri\AndroidStudioProjects\RailApp\.gradle\6.1.1\fileContent)" [_thread_blocked, id=12508, stack(0x0000000027230000,0x0000000027330000)]
  0x000000001d5eb000 JavaThread "Cache worker for file content cache (C:\Users\evbri\.gradle\caches\6.1.1\fileContent)" [_thread_blocked, id=25852, stack(0x0000000027130000,0x0000000027230000)]
  0x000000001d5ec800 JavaThread "Memory manager" [_thread_blocked, id=14108, stack(0x0000000027030000,0x0000000027130000)]
  0x000000001d5ef000 JavaThread "Cache worker for Build Output Cleanup Cache (C:\Users\evbri\AndroidStudioProjects\RailApp\.gradle\buildOutputCleanup)" [_thread_blocked, id=28840, stack(0x0000000025d10000,0x0000000025e10000)]
  0x000000001d5e7000 JavaThread "Build operations Thread 12" [_thread_blocked, id=10828, stack(0x0000000025c10000,0x0000000025d10000)]
  0x000000001d5e8800 JavaThread "Build operations Thread 11" [_thread_blocked, id=31532, stack(0x0000000024f10000,0x0000000025010000)]
  0x000000001d5eb800 JavaThread "Build operations Thread 10" [_thread_blocked, id=25404, stack(0x0000000024810000,0x0000000024910000)]
  0x0000000019962000 JavaThread "Build operations Thread 9" [_thread_blocked, id=13112, stack(0x0000000024710000,0x0000000024810000)]
  0x0000000019961800 JavaThread "Build operations Thread 8" [_thread_blocked, id=12536, stack(0x0000000024610000,0x0000000024710000)]
  0x0000000019960800 JavaThread "Build operations Thread 7" [_thread_blocked, id=31404, stack(0x0000000024510000,0x0000000024610000)]
  0x000000001995f000 JavaThread "Build operations Thread 6" [_thread_blocked, id=19348, stack(0x0000000024410000,0x0000000024510000)]
  0x000000001b89a800 JavaThread "Build operations Thread 5" [_thread_blocked, id=13388, stack(0x0000000024310000,0x0000000024410000)]
  0x000000001b899800 JavaThread "Build operations Thread 4" [_thread_blocked, id=17296, stack(0x0000000024210000,0x0000000024310000)]
  0x000000001b89e800 JavaThread "Build operations Thread 3" [_thread_blocked, id=25076, stack(0x0000000024110000,0x0000000024210000)]
  0x000000001b89d000 JavaThread "Build operations Thread 2" [_thread_blocked, id=27076, stack(0x0000000024010000,0x0000000024110000)]
  0x000000001b89c000 JavaThread "Build operations" [_thread_blocked, id=20140, stack(0x0000000023f10000,0x0000000024010000)]
  0x000000001b899000 JavaThread "Cache worker for cache directory md-rule (C:\Users\evbri\.gradle\caches\6.1.1\md-rule)" [_thread_blocked, id=26668, stack(0x0000000023bc0000,0x0000000023cc0000)]
  0x000000001b89b800 JavaThread "Cache worker for cache directory md-supplier (C:\Users\evbri\.gradle\caches\6.1.1\md-supplier)" [_thread_blocked, id=18948, stack(0x00000000224d0000,0x00000000225d0000)]
  0x000000001b891800 JavaThread "Cache worker for file hash cache (C:\Users\evbri\AndroidStudioProjects\RailApp\.gradle\6.1.1\fileHashes)" [_thread_blocked, id=20820, stack(0x0000000021ed0000,0x0000000021fd0000)]
  0x000000001b898000 JavaThread "Cache worker for checksums cache (C:\Users\evbri\AndroidStudioProjects\RailApp\.gradle\checksums)" [_thread_blocked, id=25660, stack(0x0000000021970000,0x0000000021a70000)]
  0x000000001b890800 JavaThread "Thread-46" [_thread_blocked, id=15492, stack(0x0000000021870000,0x0000000021970000)]
  0x000000001b892000 JavaThread "Stdin handler" [_thread_blocked, id=1616, stack(0x0000000021770000,0x0000000021870000)]
  0x000000001b895000 JavaThread "Asynchronous log dispatcher for DefaultDaemonConnection: socket connection from /127.0.0.1:19037 to /127.0.0.1:19049" [_thread_blocked, id=13160, stack(0x000000001efd0000,0x000000001f0d0000)]
  0x000000001b893000 JavaThread "Cancel handler" [_thread_blocked, id=4532, stack(0x000000001ead0000,0x000000001ebd0000)]
  0x000000001b894800 JavaThread "Handler for socket connection from /127.0.0.1:19037 to /127.0.0.1:19049" [_thread_in_native, id=15296, stack(0x000000001e7d0000,0x000000001e8d0000)]
  0x0000000019963800 JavaThread "Cache worker for execution history cache (C:\Users\evbri\.gradle\caches\6.1.1\executionHistory)" [_thread_blocked, id=31424, stack(0x0000000021fd0000,0x00000000220d0000)]
  0x0000000019965000 JavaThread "Cache worker for file hash cache (C:\Users\evbri\.gradle\caches\6.1.1\fileHashes)" [_thread_blocked, id=28716, stack(0x000000001f4d0000,0x000000001f5d0000)]
  0x0000000019960000 JavaThread "File lock request listener" [_thread_in_native, id=18892, stack(0x000000001f3d0000,0x000000001f4d0000)]
  0x000000001d554000 JavaThread "Cache worker for journal cache (C:\Users\evbri\.gradle\caches\journal-1)" [_thread_blocked, id=30736, stack(0x000000001f2d0000,0x000000001f3d0000)]
  0x000000001d294800 JavaThread "Daemon worker" [_thread_blocked, id=20688, stack(0x000000001ecd0000,0x000000001edd0000)]
  0x000000001d29a800 JavaThread "Daemon" [_thread_blocked, id=29088, stack(0x000000001e6d0000,0x000000001e7d0000)]
  0x000000001d29d000 JavaThread "Daemon periodic checks" [_thread_blocked, id=24880, stack(0x000000001e5d0000,0x000000001e6d0000)]
  0x000000001d1f8000 JavaThread "Incoming local TCP Connector on port 19037" [_thread_in_native, id=12360, stack(0x000000001e390000,0x000000001e490000)]
  0x000000001d19a800 JavaThread "Daemon health stats" [_thread_blocked, id=4984, stack(0x000000001dd50000,0x000000001de50000)]
  0x00000000199f4800 JavaThread "Service Thread" daemon [_thread_blocked, id=22616, stack(0x000000001b3b0000,0x000000001b4b0000)]
  0x000000001995e800 JavaThread "C1 CompilerThread3" daemon [_thread_blocked, id=29100, stack(0x000000001b2b0000,0x000000001b3b0000)]
=>0x0000000019963000 JavaThread "C2 CompilerThread2" daemon [_thread_in_native, id=24136, stack(0x000000001b1b0000,0x000000001b2b0000)]
  0x0000000019964800 JavaThread "C2 CompilerThread1" daemon [_thread_in_native, id=3648, stack(0x000000001b0b0000,0x000000001b1b0000)]
  0x0000000019957800 JavaThread "C2 CompilerThread0" daemon [_thread_in_native, id=25968, stack(0x000000001afb0000,0x000000001b0b0000)]
  0x0000000019954800 JavaThread "Attach Listener" daemon [_thread_blocked, id=14076, stack(0x000000001aeb0000,0x000000001afb0000)]
  0x0000000019952000 JavaThread "Signal Dispatcher" daemon [_thread_blocked, id=30128, stack(0x000000001adb0000,0x000000001aeb0000)]
  0x0000000002fec000 JavaThread "Finalizer" daemon [_thread_blocked, id=8644, stack(0x000000001abb0000,0x000000001acb0000)]
  0x0000000019943000 JavaThread "Reference Handler" daemon [_thread_blocked, id=9944, stack(0x000000001aab0000,0x000000001abb0000)]
  0x0000000002ef2800 JavaThread "main" [_thread_blocked, id=28428, stack(0x0000000002db0000,0x0000000002eb0000)]

Other Threads:
  0x0000000018256000 VMThread [stack: 0x000000001a9b0000,0x000000001aab0000] [id=312]
  0x000000001997c800 WatcherThread [stack: 0x000000001b4b0000,0x000000001b5b0000] [id=11200]

VM state:not at safepoint (normal execution)

VM Mutex/Monitor currently owned by a thread: None

OutOfMemory and StackOverflow Exception counts:
OutOfMemoryError java_heap_errors=1

heap address: 0x0000000080000000, size: 2048 MB, Compressed Oops mode: 32-bit
Narrow klass base: 0x0000000000000000, Narrow klass shift: 3
Compressed class space size: 1073741824 Address: 0x0000000100000000

Heap:
 PSYoungGen      total 515072K, used 360603K [0x00000000d5580000, 0x00000000f8800000, 0x0000000100000000)
  eden space 459264K, 66% used [0x00000000d5580000,0x00000000e7f28180,0x00000000f1600000)
  from space 55808K, 99% used [0x00000000f5000000,0x00000000f867eae8,0x00000000f8680000)
  to   space 58368K, 0% used [0x00000000f1600000,0x00000000f1600000,0x00000000f4f00000)
 ParOldGen       total 486400K, used 358928K [0x0000000080000000, 0x000000009db00000, 0x00000000d5580000)
  object space 486400K, 73% used [0x0000000080000000,0x0000000095e840f0,0x000000009db00000)
 Metaspace       used 120684K, capacity 128556K, committed 128808K, reserved 1161216K
  class space    used 15717K, capacity 17385K, committed 17456K, reserved 1048576K

Card table byte_map: [0x00000000123b0000,0x00000000127c0000] byte_map_base: 0x0000000011fb0000

Marking Bits: (ParMarkBitMap*) 0x000000005cf550b0
 Begin Bits: [0x0000000013470000, 0x0000000015470000)
 End Bits:   [0x0000000015470000, 0x0000000017470000)

Polling page: 0x0000000000bf0000

CodeCache: size=245760Kb used=58000Kb max_used=58012Kb free=187759Kb
 bounds [0x0000000002ff0000, 0x00000000068f0000, 0x0000000011ff0000]
 total_blobs=19475 nmethods=18447 adapters=940
 compilation: enabled

Compilation events (10 events):
Event: 36.828 Thread 0x0000000019964800 nmethod 23186 0x00000000068d7490 code [0x00000000068d7760, 0x00000000068d8de8]
Event: 36.829 Thread 0x0000000019964800 23210       4       com.android.tools.r8.graph.E::collectMixedSectionItems (36 bytes)
Event: 36.831 Thread 0x000000001995e800 23213       3       com.android.tools.r8.graph.h0$e::equals (34 bytes)
Event: 36.831 Thread 0x000000001995e800 nmethod 23213 0x00000000068d6e50 code [0x00000000068d6fc0, 0x00000000068d73d0]
Event: 36.836 Thread 0x0000000019957800 nmethod 23165 0x00000000068df190 code [0x00000000068df420, 0x00000000068e0ff0]
Event: 36.836 Thread 0x0000000019957800 23211       4       com.android.tools.r8.graph.E::b (36 bytes)
Event: 36.848 Thread 0x0000000019957800 nmethod 23211 0x00000000068d3d50 code [0x00000000068d3ee0, 0x00000000068d46b8]
Event: 36.848 Thread 0x0000000019957800 23215       4       com.android.tools.r8.graph.K::computeEquals (55 bytes)
Event: 36.856 Thread 0x0000000019957800 nmethod 23215 0x00000000068d4f10 code [0x00000000068d5060, 0x00000000068d5518]
Event: 36.856 Thread 0x0000000019957800 23212       4       com.android.tools.r8.dex.t::a (30 bytes)

GC Heap History (10 events):
Event: 31.162 GC heap before
{Heap before GC invocations=18 (full 4):
 PSYoungGen      total 517632K, used 517629K [0x00000000d5580000, 0x00000000f8800000, 0x0000000100000000)
  eden space 459264K, 100% used [0x00000000d5580000,0x00000000f1600000,0x00000000f1600000)
  from space 58368K, 99% used [0x00000000f1600000,0x00000000f4eff6a8,0x00000000f4f00000)
  to   space 55808K, 0% used [0x00000000f5000000,0x00000000f5000000,0x00000000f8680000)
 ParOldGen       total 486400K, used 91870K [0x0000000080000000, 0x000000009db00000, 0x00000000d5580000)
  object space 486400K, 18% used [0x0000000080000000,0x00000000859b79d8,0x000000009db00000)
 Metaspace       used 116963K, capacity 124036K, committed 124200K, reserved 1157120K
  class space    used 15321K, capacity 16881K, committed 16944K, reserved 1048576K
Event: 31.209 GC heap after
Heap after GC invocations=18 (full 4):
 PSYoungGen      total 515072K, used 55805K [0x00000000d5580000, 0x00000000f8800000, 0x0000000100000000)
  eden space 459264K, 0% used [0x00000000d5580000,0x00000000d5580000,0x00000000f1600000)
  from space 55808K, 99% used [0x00000000f5000000,0x00000000f867f748,0x00000000f8680000)
  to   space 58368K, 0% used [0x00000000f1600000,0x00000000f1600000,0x00000000f4f00000)
 ParOldGen       total 486400K, used 123576K [0x0000000080000000, 0x000000009db00000, 0x00000000d5580000)
  object space 486400K, 25% used [0x0000000080000000,0x00000000878ae0a8,0x000000009db00000)
 Metaspace       used 116963K, capacity 124036K, committed 124200K, reserved 1157120K
  class space    used 15321K, capacity 16881K, committed 16944K, reserved 1048576K
}
Event: 32.931 GC heap before
{Heap before GC invocations=19 (full 4):
 PSYoungGen      total 515072K, used 515069K [0x00000000d5580000, 0x00000000f8800000, 0x0000000100000000)
  eden space 459264K, 100% used [0x00000000d5580000,0x00000000f1600000,0x00000000f1600000)
  from space 55808K, 99% used [0x00000000f5000000,0x00000000f867f748,0x00000000f8680000)
  to   space 58368K, 0% used [0x00000000f1600000,0x00000000f1600000,0x00000000f4f00000)
 ParOldGen       total 486400K, used 123576K [0x0000000080000000, 0x000000009db00000, 0x00000000d5580000)
  object space 486400K, 25% used [0x0000000080000000,0x00000000878ae0a8,0x000000009db00000)
 Metaspace       used 118413K, capacity 125682K, committed 125864K, reserved 1159168K
  class space    used 15442K, capacity 17016K, committed 17072K, reserved 1048576K
Event: 32.987 GC heap after
Heap after GC invocations=19 (full 4):
 PSYoungGen      total 517632K, used 58363K [0x00000000d5580000, 0x00000000f8800000, 0x0000000100000000)
  eden space 459264K, 0% used [0x00000000d5580000,0x00000000d5580000,0x00000000f1600000)
  from space 58368K, 99% used [0x00000000f1600000,0x00000000f4efeef0,0x00000000f4f00000)
  to   space 55808K, 0% used [0x00000000f5000000,0x00000000f5000000,0x00000000f8680000)
 ParOldGen       total 486400K, used 194160K [0x0000000080000000, 0x000000009db00000, 0x00000000d5580000)
  object space 486400K, 39% used [0x0000000080000000,0x000000008bd9c380,0x000000009db00000)
 Metaspace       used 118413K, capacity 125682K, committed 125864K, reserved 1159168K
  class space    used 15442K, capacity 17016K, committed 17072K, reserved 1048576K
}
Event: 33.567 GC heap before
{Heap before GC invocations=20 (full 4):
 PSYoungGen      total 517632K, used 517627K [0x00000000d5580000, 0x00000000f8800000, 0x0000000100000000)
  eden space 459264K, 100% used [0x00000000d5580000,0x00000000f1600000,0x00000000f1600000)
  from space 58368K, 99% used [0x00000000f1600000,0x00000000f4efeef0,0x00000000f4f00000)
  to   space 55808K, 0% used [0x00000000f5000000,0x00000000f5000000,0x00000000f8680000)
 ParOldGen       total 486400K, used 194160K [0x0000000080000000, 0x000000009db00000, 0x00000000d5580000)
  object space 486400K, 39% used [0x0000000080000000,0x000000008bd9c380,0x000000009db00000)
 Metaspace       used 118469K, capacity 125692K, committed 125864K, reserved 1159168K
  class space    used 15445K, capacity 17017K, committed 17072K, reserved 1048576K
Event: 33.654 GC heap after
Heap after GC invocations=20 (full 4):
 PSYoungGen      total 515072K, used 55801K [0x00000000d5580000, 0x00000000f8800000, 0x0000000100000000)
  eden space 459264K, 0% used [0x00000000d5580000,0x00000000d5580000,0x00000000f1600000)
  from space 55808K, 99% used [0x00000000f5000000,0x00000000f867e588,0x00000000f8680000)
  to   space 58368K, 0% used [0x00000000f1600000,0x00000000f1600000,0x00000000f4f00000)
 ParOldGen       total 486400K, used 276567K [0x0000000080000000, 0x000000009db00000, 0x00000000d5580000)
  object space 486400K, 56% used [0x0000000080000000,0x0000000090e15d38,0x000000009db00000)
 Metaspace       used 118469K, capacity 125692K, committed 125864K, reserved 1159168K
  class space    used 15445K, capacity 17017K, committed 17072K, reserved 1048576K
}
Event: 34.498 GC heap before
{Heap before GC invocations=21 (full 4):
 PSYoungGen      total 515072K, used 515065K [0x00000000d5580000, 0x00000000f8800000, 0x0000000100000000)
  eden space 459264K, 100% used [0x00000000d5580000,0x00000000f1600000,0x00000000f1600000)
  from space 55808K, 99% used [0x00000000f5000000,0x00000000f867e588,0x00000000f8680000)
  to   space 58368K, 0% used [0x00000000f1600000,0x00000000f1600000,0x00000000f4f00000)
 ParOldGen       total 486400K, used 276567K [0x0000000080000000, 0x000000009db00000, 0x00000000d5580000)
  object space 486400K, 56% used [0x0000000080000000,0x0000000090e15d38,0x000000009db00000)
 Metaspace       used 119401K, capacity 127004K, committed 127272K, reserved 1159168K
  class space    used 15559K, capacity 17187K, committed 17200K, reserved 1048576K
Event: 34.543 GC heap after
Heap after GC invocations=21 (full 4):
 PSYoungGen      total 517632K, used 20596K [0x00000000d5580000, 0x00000000f8800000, 0x0000000100000000)
  eden space 459264K, 0% used [0x00000000d5580000,0x00000000d5580000,0x00000000f1600000)
  from space 58368K, 35% used [0x00000000f1600000,0x00000000f2a1d290,0x00000000f4f00000)
  to   space 55808K, 0% used [0x00000000f5000000,0x00000000f5000000,0x00000000f8680000)
 ParOldGen       total 486400K, used 330868K [0x0000000080000000, 0x000000009db00000, 0x00000000d5580000)
  object space 486400K, 68% used [0x0000000080000000,0x000000009431d188,0x000000009db00000)
 Metaspace       used 119401K, capacity 127004K, committed 127272K, reserved 1159168K
  class space    used 15559K, capacity 17187K, committed 17200K, reserved 1048576K
}
Event: 35.339 GC heap before
{Heap before GC invocations=22 (full 4):
 PSYoungGen      total 517632K, used 479860K [0x00000000d5580000, 0x00000000f8800000, 0x0000000100000000)
  eden space 459264K, 100% used [0x00000000d5580000,0x00000000f1600000,0x00000000f1600000)
  from space 58368K, 35% used [0x00000000f1600000,0x00000000f2a1d290,0x00000000f4f00000)
  to   space 55808K, 0% used [0x00000000f5000000,0x00000000f5000000,0x00000000f8680000)
 ParOldGen       total 486400K, used 330868K [0x0000000080000000, 0x000000009db00000, 0x00000000d5580000)
  object space 486400K, 68% used [0x0000000080000000,0x000000009431d188,0x000000009db00000)
 Metaspace       used 119761K, capacity 127424K, committed 127656K, reserved 1159168K
  class space    used 15594K, capacity 17231K, committed 17328K, reserved 1048576K
Event: 35.371 GC heap after
Heap after GC invocations=22 (full 4):
 PSYoungGen      total 515072K, used 55802K [0x00000000d5580000, 0x00000000f8800000, 0x0000000100000000)
  eden space 459264K, 0% used [0x00000000d5580000,0x00000000d5580000,0x00000000f1600000)
  from space 55808K, 99% used [0x00000000f5000000,0x00000000f867eae8,0x00000000f8680000)
  to   space 58368K, 0% used [0x00000000f1600000,0x00000000f1600000,0x00000000f4f00000)
 ParOldGen       total 486400K, used 358928K [0x0000000080000000, 0x000000009db00000, 0x00000000d5580000)
  object space 486400K, 73% used [0x0000000080000000,0x0000000095e840f0,0x000000009db00000)
 Metaspace       used 119761K, capacity 127424K, committed 127656K, reserved 1159168K
  class space    used 15594K, capacity 17231K, committed 17328K, reserved 1048576K
}

Deoptimization events (10 events):
Event: 36.761 Thread 0x00000000214e4800 Uncommon trap: reason=array_check action=maybe_recompile pc=0x00000000068c836c method=java.util.LinkedList.toArray([Ljava/lang/Object;)[Ljava/lang/Object; @ 55
Event: 36.761 Thread 0x00000000214e4800 Uncommon trap: reason=array_check action=maybe_recompile pc=0x00000000068c836c method=java.util.LinkedList.toArray([Ljava/lang/Object;)[Ljava/lang/Object; @ 55
Event: 36.761 Thread 0x00000000214e4800 Uncommon trap: reason=array_check action=maybe_recompile pc=0x00000000068c836c method=java.util.LinkedList.toArray([Ljava/lang/Object;)[Ljava/lang/Object; @ 55
Event: 36.790 Thread 0x00000000214e4800 Uncommon trap: reason=class_check action=maybe_recompile pc=0x0000000005b461c8 method=com.android.tools.r8.graph.T.a(Lcom/android/tools/r8/dex/F;Lcom/android/tools/r8/dex/E;)V @ 2
Event: 36.790 Thread 0x00000000214e4800 Uncommon trap: reason=class_check action=maybe_recompile pc=0x0000000005b461c8 method=com.android.tools.r8.graph.T.a(Lcom/android/tools/r8/dex/F;Lcom/android/tools/r8/dex/E;)V @ 2
Event: 36.790 Thread 0x00000000214e4800 Uncommon trap: reason=class_check action=maybe_recompile pc=0x0000000005b461c8 method=com.android.tools.r8.graph.T.a(Lcom/android/tools/r8/dex/F;Lcom/android/tools/r8/dex/E;)V @ 2
Event: 36.790 Thread 0x00000000214e4800 Uncommon trap: reason=class_check action=maybe_recompile pc=0x0000000005b461c8 method=com.android.tools.r8.graph.T.a(Lcom/android/tools/r8/dex/F;Lcom/android/tools/r8/dex/E;)V @ 2
Event: 36.791 Thread 0x00000000214e4800 Uncommon trap: reason=unstable_if action=reinterpret pc=0x00000000048f7d08 method=com.android.tools.r8.graph.E.b()Lcom/android/tools/r8/graph/L; @ 13
Event: 36.791 Thread 0x00000000214e4800 Uncommon trap: reason=unstable_if action=reinterpret pc=0x0000000004b8c15c method=com.android.tools.r8.graph.E.b()Lcom/android/tools/r8/graph/L; @ 13
Event: 36.840 Thread 0x00000000214e4800 Uncommon trap: reason=null_check action=make_not_entrant pc=0x000000000648c764 method=com.android.tools.r8.graph.e0.computeEquals(Ljava/lang/Object;)Z @ 1

Classes redefined (0 events):
No events

Internal exceptions (10 events):
Event: 35.404 Thread 0x00000000234d4800 Implicit null exception at 0x00000000039dc4ef to 0x00000000039dc5ed
Event: 35.404 Thread 0x00000000214dc800 Implicit null exception at 0x00000000039dc4ef to 0x00000000039dc5ed
Event: 35.404 Thread 0x00000000214e9000 Implicit null exception at 0x00000000039dc4ef to 0x00000000039dc5ed
Event: 35.404 Thread 0x00000000214e7000 Implicit null exception at 0x00000000039dc4ef to 0x00000000039dc5ed
Event: 35.404 Thread 0x00000000214e4800 Implicit null exception at 0x00000000039dc4ef to 0x00000000039dc5ed
Event: 36.461 Thread 0x00000000214e7800 Exception <a 'sun/nio/fs/WindowsException'> (0x00000000e4275350) thrown at [C:\ws\UTv\Corretto8Src\installers\windows\zip\corretto-build\buildRoot\src\hotspot\src\share\vm\prims\jni.cpp, line 710]
Event: 36.668 Thread 0x00000000214e1800 Exception <a 'sun/nio/fs/WindowsException'> (0x00000000e6be6368) thrown at [C:\ws\UTv\Corretto8Src\installers\windows\zip\corretto-build\buildRoot\src\hotspot\src\share\vm\prims\jni.cpp, line 710]
Event: 36.669 Thread 0x00000000214e1800 Exception <a 'java/lang/OutOfMemoryError'> (0x00000000e6be6db8) thrown at [C:\ws\UTv\Corretto8Src\installers\windows\zip\corretto-build\buildRoot\src\hotspot\src\share\vm\prims\unsafe.cpp, line 636]
Event: 36.791 Thread 0x00000000214e4800 Implicit null exception at 0x00000000048f6633 to 0x00000000048f7cf1
Event: 36.840 Thread 0x00000000214e4800 Implicit null exception at 0x000000000648c487 to 0x000000000648c739

Events (10 events):
Event: 36.790 Thread 0x00000000214e4800 DEOPT UNPACKING pc=0x000000000303557b sp=0x00000000309bebd8 mode 2
Event: 36.791 Thread 0x00000000214e4800 Uncommon trap: trap_request=0xffffff65 fr.pc=0x00000000048f7d08
Event: 36.791 Thread 0x00000000214e4800 DEOPT PACKING pc=0x00000000048f7d08 sp=0x00000000309beb00
Event: 36.791 Thread 0x00000000214e4800 DEOPT UNPACKING pc=0x000000000303557b sp=0x00000000309bea90 mode 2
Event: 36.791 Thread 0x00000000214e4800 Uncommon trap: trap_request=0xffffff65 fr.pc=0x0000000004b8c15c
Event: 36.791 Thread 0x00000000214e4800 DEOPT PACKING pc=0x0000000004b8c15c sp=0x00000000309bead0
Event: 36.791 Thread 0x00000000214e4800 DEOPT UNPACKING pc=0x000000000303557b sp=0x00000000309bea78 mode 2
Event: 36.840 Thread 0x00000000214e4800 Uncommon trap: trap_request=0xfffffff4 fr.pc=0x000000000648c764
Event: 36.840 Thread 0x00000000214e4800 DEOPT PACKING pc=0x000000000648c764 sp=0x00000000309beb40
Event: 36.840 Thread 0x00000000214e4800 DEOPT UNPACKING pc=0x000000000303557b sp=0x00000000309be9b8 mode 2


Dynamic libraries:
0x00007ff7f9bb0000 - 0x00007ff7f9be5000 	C:\Program Files\Amazon Corretto\jdk1.8.0_252\bin\java.exe
0x00007ff9f93c0000 - 0x00007ff9f95b0000 	C:\Windows\SYSTEM32\ntdll.dll
0x00007ff9f9290000 - 0x00007ff9f9342000 	C:\Windows\System32\KERNEL32.DLL
0x00007ff9f6c00000 - 0x00007ff9f6ea4000 	C:\Windows\System32\KERNELBASE.dll
0x00007ff9f8020000 - 0x00007ff9f80c3000 	C:\Windows\System32\ADVAPI32.dll
0x00007ff9f8270000 - 0x00007ff9f830e000 	C:\Windows\System32\msvcrt.dll
0x00007ff9f7650000 - 0x00007ff9f76e7000 	C:\Windows\System32\sechost.dll
0x00007ff9f7760000 - 0x00007ff9f7880000 	C:\Windows\System32\RPCRT4.dll
0x00007ff9f80d0000 - 0x00007ff9f8265000 	C:\Windows\System32\USER32.dll
0x00007ff9f6ba0000 - 0x00007ff9f6bc1000 	C:\Windows\System32\win32u.dll
0x00007ff9f9350000 - 0x00007ff9f9376000 	C:\Windows\System32\GDI32.dll
0x00007ff9f71b0000 - 0x00007ff9f7346000 	C:\Windows\System32\gdi32full.dll
0x00007ff9f73d0000 - 0x00007ff9f746e000 	C:\Windows\System32\msvcp_win.dll
0x00007ff9f6eb0000 - 0x00007ff9f6faa000 	C:\Windows\System32\ucrtbase.dll
0x00007ff9e5770000 - 0x00007ff9e59f4000 	C:\Windows\WinSxS\amd64_microsoft.windows.common-controls_6595b64144ccf1df_6.0.18362.1016_none_9e7a36bbe461dae4\COMCTL32.dll
0x00007ff9f8a80000 - 0x00007ff9f8db5000 	C:\Windows\System32\combase.dll
0x00007ff9f7350000 - 0x00007ff9f73d0000 	C:\Windows\System32\bcryptPrimitives.dll
0x00007ff9f7ff0000 - 0x00007ff9f801e000 	C:\Windows\System32\IMM32.DLL
0x000000005f500000 - 0x000000005f5d2000 	C:\Program Files\Amazon Corretto\jdk1.8.0_252\jre\bin\msvcr100.dll
0x000000005c780000 - 0x000000005cfd1000 	C:\Program Files\Amazon Corretto\jdk1.8.0_252\jre\bin\server\jvm.dll
0x00007ff9f7470000 - 0x00007ff9f7478000 	C:\Windows\System32\PSAPI.DLL
0x00007ff9f0fe0000 - 0x00007ff9f0fe9000 	C:\Windows\SYSTEM32\WSOCK32.dll
0x00007ff9ebc70000 - 0x00007ff9ebc7a000 	C:\Windows\SYSTEM32\VERSION.dll
0x00007ff9f8580000 - 0x00007ff9f85ef000 	C:\Windows\System32\WS2_32.dll
0x00007ff9f3d00000 - 0x00007ff9f3d24000 	C:\Windows\SYSTEM32\WINMM.dll
0x00007ff9f3b40000 - 0x00007ff9f3b6d000 	C:\Windows\SYSTEM32\winmmbase.dll
0x00007ff9f6fb0000 - 0x00007ff9f6ffa000 	C:\Windows\System32\cfgmgr32.dll
0x00007ff9f13b0000 - 0x00007ff9f13bf000 	C:\Program Files\Amazon Corretto\jdk1.8.0_252\jre\bin\verify.dll
0x00007ff9e4a10000 - 0x00007ff9e4a39000 	C:\Program Files\Amazon Corretto\jdk1.8.0_252\jre\bin\java.dll
0x00007ff9eecf0000 - 0x00007ff9eed06000 	C:\Program Files\Amazon Corretto\jdk1.8.0_252\jre\bin\zip.dll
0x00007ff9f7900000 - 0x00007ff9f7fe7000 	C:\Windows\System32\SHELL32.dll
0x00007ff9f89d0000 - 0x00007ff9f8a79000 	C:\Windows\System32\shcore.dll
0x00007ff9f6340000 - 0x00007ff9f6ac2000 	C:\Windows\System32\windows.storage.dll
0x00007ff9f62c0000 - 0x00007ff9f62e3000 	C:\Windows\System32\profapi.dll
0x00007ff9f62f0000 - 0x00007ff9f633a000 	C:\Windows\System32\powrprof.dll
0x00007ff9f6270000 - 0x00007ff9f6280000 	C:\Windows\System32\UMPDC.dll
0x00007ff9f8450000 - 0x00007ff9f84a2000 	C:\Windows\System32\shlwapi.dll
0x00007ff9f6280000 - 0x00007ff9f6291000 	C:\Windows\System32\kernel.appcore.dll
0x00007ff9f6b80000 - 0x00007ff9f6b97000 	C:\Windows\System32\cryptsp.dll
0x00007ff9e5b80000 - 0x00007ff9e5b9a000 	C:\Program Files\Amazon Corretto\jdk1.8.0_252\jre\bin\net.dll
0x00007ff9f5a80000 - 0x00007ff9f5ae7000 	C:\Windows\system32\mswsock.dll
0x00007ff9e53c0000 - 0x00007ff9e53d2000 	C:\Program Files\Amazon Corretto\jdk1.8.0_252\jre\bin\nio.dll
0x00007ff9f12d0000 - 0x00007ff9f12f6000 	C:\Users\evbri\.gradle\native\31\windows-amd64\native-platform.dll
0x00007ff9f12c0000 - 0x00007ff9f12cd000 	C:\Program Files\Amazon Corretto\jdk1.8.0_252\jre\bin\management.dll
0x00007ff9f5600000 - 0x00007ff9f5633000 	C:\Windows\system32\rsaenh.dll
0x00007ff9f6bd0000 - 0x00007ff9f6bf6000 	C:\Windows\System32\bcrypt.dll
0x00007ff9f6190000 - 0x00007ff9f61b5000 	C:\Windows\SYSTEM32\USERENV.dll
0x00007ff9f5c00000 - 0x00007ff9f5c0c000 	C:\Windows\SYSTEM32\CRYPTBASE.dll
0x00007ff9f57a0000 - 0x00007ff9f57da000 	C:\Windows\SYSTEM32\IPHLPAPI.DLL
0x00007ff9f89c0000 - 0x00007ff9f89c8000 	C:\Windows\System32\NSI.dll
0x00007ff9f0250000 - 0x00007ff9f0266000 	C:\Windows\SYSTEM32\dhcpcsvc6.DLL
0x00007ff9f01e0000 - 0x00007ff9f01fc000 	C:\Windows\SYSTEM32\dhcpcsvc.DLL
0x00007ff9f57e0000 - 0x00007ff9f58ab000 	C:\Windows\SYSTEM32\DNSAPI.dll
0x00007ff9be210000 - 0x00007ff9be3a8000 	C:\Program Files\Amazon Corretto\jdk1.8.0_252\jre\bin\awt.dll
0x00007ff9f88f0000 - 0x00007ff9f89b5000 	C:\Windows\System32\OLEAUT32.dll
0x00007ff9f4380000 - 0x00007ff9f440f000 	C:\Windows\SYSTEM32\apphelp.dll
0x00007ff9f49a0000 - 0x00007ff9f49cd000 	C:\Windows\system32\DWMAPI.DLL
0x00007ff9f44c0000 - 0x00007ff9f4559000 	C:\Windows\system32\uxtheme.dll
0x00007ff9f5370000 - 0x00007ff9f53a1000 	C:\Windows\SYSTEM32\ntmarta.dll

VM Arguments:
jvm_args: -Xmx2048m -Dfile.encoding=windows-1252 -Duser.country=IE -Duser.language=en -Duser.variant 
java_command: org.gradle.launcher.daemon.bootstrap.GradleDaemon 6.1.1
java_class_path (initial): C:\Users\evbri\.gradle\wrapper\dists\gradle-6.1.1-all\cfmwm155h49vnt3hynmlrsdst\gradle-6.1.1\lib\gradle-launcher-6.1.1.jar
Launcher Type: SUN_STANDARD

Environment Variables:
JAVA_HOME=C:\Program Files\Amazon Corretto\jdk1.8.0_252
PATH=C:\Program Files (x86)\NVIDIA Corporation\PhysX\Common;C:\Program Files\Amazon Corretto\jdk1.8.0_252\bin;C:\Program Files (x86)\Python38-32\Scripts\;C:\Program Files (x86)\Python38-32\;C:\Program Files\ImageMagick-7.0.9-Q16;C:\Python38\Scripts\;C:\Python38\;C:\Program Files (x86)\Common Files\Oracle\Java\javapath;C:\Windows\system32;C:\Windows;C:\Windows\System32\Wbem;C:\Windows\System32\WindowsPowerShell\v1.0\;C:\Windows\System32\OpenSSH\;C:\Program Files\WIDCOMM\Bluetooth Software\;C:\Program Files\WIDCOMM\Bluetooth Software\syswow64;C:\ProgramData\chocolatey\bin;C:\Program Files\Git\cmd;C:\Program Files\nodejs\;C:\ProgramData\nvm;C:\Program Files\nodejs;C:\Program Files (x86)\Yarn\bin\;C:\Users\evbri\Maven\apache-maven-3.6.3\bin;C:\Program Files\Amazon Corretto\jdk1.8.0_252\bin;C:\Users\evbri\AppData\Local\Android\Sdk;C:\Users\evbri\AppData\Local\Android\Sdk\platform-tools;C:\Program Files\dotnet\;C:\Program Files\Microsoft SQL Server\130\Tools\Binn\;F:\Program Files (x86)\IncrediBuild;C:\Program Files (x86)\Microsoft Emulator Manager\1.0\;C:\Program Files\Docker\Docker\resources\bin;C:\ProgramData\DockerDesktop\version-bin;C:\Users\evbri\AppData\Local\Microsoft\WindowsApps;C:\Program Files\JetBrains\IntelliJ IDEA 2019.2.4\bin;;C:\Program Files (x86)\Nmap;C:\Users\evbri\AppData\Roaming\npm;C:\Users\evbri\AppData\Local\Programs\Microsoft VS Code\bin;C:\Users\evbri\AppData\Local\Yarn\bin;;C:\Users\evbri\AppData\Local\Programs\Fiddler;C:\Users\evbri\.dotnet\tools
USERNAME=evbri
OS=Windows_NT
PROCESSOR_IDENTIFIER=AMD64 Family 23 Model 8 Stepping 2, AuthenticAMD



---------------  S Y S T E M  ---------------

OS: Windows 10.0 , 64 bit Build 18362 (10.0.18362.959)

CPU:total 12 (initial active 12) (12 cores per cpu, 1 threads per core) family 23 model 8 stepping 2, cmov, cx8, fxsr, mmx, sse, sse2, sse3, ssse3, sse4.1, sse4.2, popcnt, avx, avx2, aes, clmul, mmxext, 3dnowpref, lzcnt, sse4a, tsc, tscinvbit, tscinv, bmi1

Memory: 4k page, physical 33487044k(5272912k free), swap 62708288k(3544k free)

vm_info: OpenJDK 64-Bit Server VM (25.252-b09) for windows-amd64 JRE (1.8.0_252-b09), built on Apr 17 2020 18:10:37 by "Administrator" with MS VC++ 10.0 (VS2010)

time: Mon Sep 14 18:14:54 2020
timezone: GMT Summer Time
elapsed time: 36 seconds (0d 0h 0m 36s)

