#
# There is insufficient memory for the Java Runtime Environment to continue.
# Native memory allocation (malloc) failed to allocate 1267056 bytes for Chunk::new
# Possible reasons:
#   The system is out of physical RAM or swap space
#   The process is running with CompressedOops enabled, and the Java Heap may be blocking the growth of the native heap
# Possible solutions:
#   Reduce memory load on the system
#   Increase physical memory or swap space
#   Check if swap backing store is full
#   Decrease Java heap size (-Xmx/-Xms)
#   Decrease number of Java threads
#   Decrease Java thread stack sizes (-Xss)
#   Set larger code cache with -XX:ReservedCodeCacheSize=
#   JVM is running with Unscaled Compressed Oops mode in which the Java heap is
#     placed in the first 4GB address space. The Java Heap base address is the
#     maximum limit for the native heap growth. Please use -XX:HeapBaseMinAddress
#     to set the Java Heap base and to place the Java Heap above 4GB virtual address.
# This output file may be truncated or incomplete.
#
#  Out of Memory Error (allocation.cpp:389), pid=9576, tid=0x0000000000001068
#
# JRE version: OpenJDK Runtime Environment (8.0_252-b09) (build 1.8.0_252-b09)
# Java VM: OpenJDK 64-Bit Server VM (25.252-b09 mixed mode windows-amd64 compressed oops)
# Failed to write core dump. Minidumps are not enabled by default on client versions of Windows
#

---------------  T H R E A D  ---------------

Current thread (0x00000000193c7800):  JavaThread "C2 CompilerThread2" daemon [_thread_in_native, id=4200, stack(0x000000001ac10000,0x000000001ad10000)]

Stack: [0x000000001ac10000,0x000000001ad10000]
[error occurred during error reporting (printing stack bounds), id 0xc0000005]

Native frames: (J=compiled Java code, j=interpreted, Vv=VM code, C=native code)


Current CompileTask:
C2:16724096 54202 %     4       com.android.tools.r8.B.a.a.f::a @ 2463 (3630 bytes)


---------------  P R O C E S S  ---------------

Java Threads: ( => current thread )
  0x000000002f1d6800 JavaThread "WorkerExecutor Queue Thread 11" [_thread_blocked, id=23608, stack(0x0000000034fc0000,0x00000000350c0000)]
  0x000000002f1cd800 JavaThread "WorkerExecutor Queue Thread 10" [_thread_blocked, id=20940, stack(0x0000000034ec0000,0x0000000034fc0000)]
  0x000000002f1d4000 JavaThread "stdout" [_thread_in_native, id=30324, stack(0x0000000034cc0000,0x0000000034dc0000)]
  0x000000002f1d3800 JavaThread "stderr" [_thread_in_native, id=28520, stack(0x0000000033ea0000,0x0000000033fa0000)]
  0x000000002f1d2000 JavaThread "stdout" [_thread_in_native, id=17208, stack(0x0000000033ca0000,0x0000000033da0000)]
  0x000000002f1d1000 JavaThread "stderr" [_thread_in_native, id=20836, stack(0x0000000033aa0000,0x0000000033ba0000)]
  0x000000001c05d000 JavaThread "stdout" [_thread_in_native, id=29448, stack(0x0000000032760000,0x0000000032860000)]
  0x000000001c05b800 JavaThread "stderr" [_thread_in_native, id=21712, stack(0x0000000032660000,0x0000000032760000)]
  0x000000001c053800 JavaThread "stdout" [_thread_in_native, id=17760, stack(0x0000000032560000,0x0000000032660000)]
  0x000000001c05a000 JavaThread "stderr" [_thread_in_native, id=28832, stack(0x0000000032460000,0x0000000032560000)]
  0x000000001c052800 JavaThread "stdout" [_thread_in_native, id=24192, stack(0x0000000032080000,0x0000000032180000)]
  0x000000001c059800 JavaThread "stderr" [_thread_in_native, id=30828, stack(0x0000000031f80000,0x0000000032080000)]
  0x000000001c052000 JavaThread "stdout" [_thread_in_native, id=1720, stack(0x0000000031e80000,0x0000000031f80000)]
  0x000000001c058800 JavaThread "stderr" [_thread_in_native, id=7308, stack(0x0000000031d80000,0x0000000031e80000)]
  0x000000001c050800 JavaThread "WorkerExecutor Queue Thread 9" [_thread_blocked, id=16716, stack(0x0000000031c80000,0x0000000031d80000)]
  0x000000001c04f800 JavaThread "stdout" [_thread_in_native, id=28760, stack(0x0000000031b80000,0x0000000031c80000)]
  0x000000001c055800 JavaThread "stderr" [_thread_in_native, id=29376, stack(0x0000000031a80000,0x0000000031b80000)]
  0x000000001f7b5000 JavaThread "WorkerExecutor Queue Thread 8" [_thread_blocked, id=27748, stack(0x0000000031980000,0x0000000031a80000)]
  0x000000001f7b6800 JavaThread "WorkerExecutor Queue Thread 7" [_thread_blocked, id=4464, stack(0x0000000031180000,0x0000000031280000)]
  0x000000001f7b4800 JavaThread "stdout" [_thread_in_native, id=1300, stack(0x0000000031080000,0x0000000031180000)]
  0x000000001f7b3000 JavaThread "stderr" [_thread_in_native, id=24512, stack(0x000000002d870000,0x000000002d970000)]
  0x000000001f7b6000 JavaThread "WorkerExecutor Queue Thread 6" [_thread_blocked, id=12032, stack(0x000000002ce70000,0x000000002cf70000)]
  0x000000001f7b0000 JavaThread "WorkerExecutor Queue Thread 5" [_thread_blocked, id=26000, stack(0x000000002cd70000,0x000000002ce70000)]
  0x000000001f7b2000 JavaThread "WorkerExecutor Queue Thread 4" [_thread_blocked, id=29940, stack(0x000000002cc70000,0x000000002cd70000)]
  0x000000001f7a8800 JavaThread "pool-109-thread-1" [_thread_blocked, id=23328, stack(0x000000002cb70000,0x000000002cc70000)]
  0x000000001f7ad000 JavaThread "WorkerExecutor Queue Thread 3" [_thread_blocked, id=28680, stack(0x000000002c570000,0x000000002c670000)]
  0x000000001f7ac000 JavaThread "WorkerExecutor Queue Thread 2" [_thread_blocked, id=13648, stack(0x000000002bd70000,0x000000002be70000)]
  0x000000001f7ab800 JavaThread "WorkerExecutor Queue" [_thread_blocked, id=29340, stack(0x000000002a630000,0x000000002a730000)]
  0x000000001c28b000 JavaThread "Cache worker for execution history cache (C:\Users\evbri\AndroidStudioProjects\RailApp\.gradle\6.1.1\executionHistory)" [_thread_blocked, id=24032, stack(0x00000000299e0000,0x0000000029ae0000)]
  0x000000001c28a000 JavaThread "Execution worker for ':' Thread 11" [_thread_blocked, id=17756, stack(0x00000000298e0000,0x00000000299e0000)]
  0x000000001c288800 JavaThread "Execution worker for ':' Thread 10" [_thread_blocked, id=20856, stack(0x00000000297e0000,0x00000000298e0000)]
  0x000000001c288000 JavaThread "Execution worker for ':' Thread 9" [_thread_blocked, id=26072, stack(0x00000000296e0000,0x00000000297e0000)]
  0x000000001c28d800 JavaThread "Execution worker for ':' Thread 8" [_thread_blocked, id=25784, stack(0x0000000029330000,0x0000000029430000)]
  0x000000001c289800 JavaThread "Execution worker for ':' Thread 7" [_thread_blocked, id=10892, stack(0x0000000029230000,0x0000000029330000)]
  0x000000001c286800 JavaThread "Execution worker for ':' Thread 6" [_thread_blocked, id=27148, stack(0x0000000028900000,0x0000000028a00000)]
  0x000000001c28b800 JavaThread "Execution worker for ':' Thread 5" [_thread_blocked, id=26300, stack(0x0000000028800000,0x0000000028900000)]
  0x000000001c27f000 JavaThread "Execution worker for ':' Thread 4" [_thread_blocked, id=25860, stack(0x0000000028100000,0x0000000028200000)]
  0x000000001c282800 JavaThread "Execution worker for ':' Thread 3" [_thread_blocked, id=6172, stack(0x0000000027b00000,0x0000000027c00000)]
  0x000000001c285000 JavaThread "Execution worker for ':' Thread 2" [_thread_blocked, id=28616, stack(0x0000000027a00000,0x0000000027b00000)]
  0x000000001c283800 JavaThread "Execution worker for ':'" [_thread_in_Java, id=428, stack(0x0000000027900000,0x0000000027a00000)]
  0x000000001c27f800 JavaThread "Cache worker for file content cache (C:\Users\evbri\AndroidStudioProjects\RailApp\.gradle\6.1.1\fileContent)" [_thread_blocked, id=12328, stack(0x0000000027800000,0x0000000027900000)]
  0x000000001b77c800 JavaThread "Cache worker for Build Output Cleanup Cache (C:\Users\evbri\AndroidStudioProjects\RailApp\.gradle\buildOutputCleanup)" [_thread_blocked, id=8272, stack(0x0000000027300000,0x0000000027400000)]
  0x000000001b77b800 JavaThread "Build operations Thread 12" [_thread_blocked, id=29496, stack(0x0000000027200000,0x0000000027300000)]
  0x000000001b77b000 JavaThread "Build operations Thread 11" [_thread_blocked, id=23504, stack(0x0000000026b00000,0x0000000026c00000)]
  0x000000001b77a000 JavaThread "Build operations Thread 10" [_thread_blocked, id=16660, stack(0x0000000024370000,0x0000000024470000)]
  0x000000001b772800 JavaThread "Build operations Thread 9" [_thread_blocked, id=16976, stack(0x0000000024270000,0x0000000024370000)]
  0x000000001b778800 JavaThread "Build operations Thread 8" [_thread_blocked, id=19460, stack(0x0000000024170000,0x0000000024270000)]
  0x000000001b778000 JavaThread "Build operations Thread 7" [_thread_blocked, id=29120, stack(0x0000000024070000,0x0000000024170000)]
  0x000000001b772000 JavaThread "Build operations Thread 6" [_thread_blocked, id=28392, stack(0x0000000023f70000,0x0000000024070000)]
  0x000000001b770800 JavaThread "Build operations Thread 5" [_thread_blocked, id=31440, stack(0x0000000023e70000,0x0000000023f70000)]
  0x000000001b775800 JavaThread "Build operations Thread 4" [_thread_blocked, id=25532, stack(0x0000000023d70000,0x0000000023e70000)]
  0x000000001b774000 JavaThread "Build operations Thread 3" [_thread_blocked, id=29308, stack(0x0000000023c70000,0x0000000023d70000)]
  0x000000001b76f800 JavaThread "Build operations Thread 2" [_thread_blocked, id=18500, stack(0x0000000023550000,0x0000000023650000)]
  0x000000001b775000 JavaThread "Build operations" [_thread_blocked, id=27348, stack(0x00000000214d0000,0x00000000215d0000)]
  0x000000001b767000 JavaThread "Cache worker for cache directory md-rule (C:\Users\evbri\.gradle\caches\6.1.1\md-rule)" [_thread_blocked, id=31212, stack(0x00000000213d0000,0x00000000214d0000)]
  0x000000001b76c800 JavaThread "Cache worker for cache directory md-supplier (C:\Users\evbri\.gradle\caches\6.1.1\md-supplier)" [_thread_blocked, id=29744, stack(0x00000000212d0000,0x00000000213d0000)]
  0x000000001b76b000 JavaThread "Cache worker for file hash cache (C:\Users\evbri\AndroidStudioProjects\RailApp\.gradle\6.1.1\fileHashes)" [_thread_blocked, id=21544, stack(0x00000000211d0000,0x00000000212d0000)]
  0x000000001b76e000 JavaThread "Cache worker for checksums cache (C:\Users\evbri\AndroidStudioProjects\RailApp\.gradle\checksums)" [_thread_blocked, id=16448, stack(0x000000001ea30000,0x000000001eb30000)]
  0x000000001b769800 JavaThread "Thread-1970" [_thread_blocked, id=12160, stack(0x000000001e730000,0x000000001e830000)]
  0x000000001b76d000 JavaThread "Stdin handler" [_thread_blocked, id=10400, stack(0x000000001e530000,0x000000001e630000)]
  0x000000001b75f800 JavaThread "Asynchronous log dispatcher for DefaultDaemonConnection: socket connection from /127.0.0.1:19336 to /127.0.0.1:26734" [_thread_blocked, id=27944, stack(0x000000001e130000,0x000000001e230000)]
  0x000000001b764000 JavaThread "Cancel handler" [_thread_blocked, id=24104, stack(0x0000000000db0000,0x0000000000eb0000)]
  0x000000001b760800 JavaThread "Handler for socket connection from /127.0.0.1:19336 to /127.0.0.1:26734" [_thread_in_native, id=17324, stack(0x0000000000c40000,0x0000000000d40000)]
  0x000000001b768800 JavaThread "RMI TCP Connection(idle)" daemon [_thread_blocked, id=1916, stack(0x0000000030f80000,0x0000000031080000)]
  0x000000001b765000 JavaThread "RMI TCP Connection(idle)" daemon [_thread_blocked, id=10164, stack(0x0000000034dc0000,0x0000000034ec0000)]
  0x000000002578f000 JavaThread "ForkJoinPool.commonPool-worker-11" daemon [_thread_blocked, id=30068, stack(0x0000000033fa0000,0x00000000340a0000)]
  0x000000002578e800 JavaThread "ForkJoinPool.commonPool-worker-9" daemon [_thread_blocked, id=27504, stack(0x0000000033da0000,0x0000000033ea0000)]
  0x000000001b254000 JavaThread "ForkJoinPool.commonPool-worker-7" daemon [_thread_blocked, id=8628, stack(0x0000000032a60000,0x0000000032b60000)]
  0x000000001b258800 JavaThread "ForkJoinPool.commonPool-worker-14" daemon [_thread_blocked, id=9868, stack(0x0000000031280000,0x0000000031380000)]
  0x000000001b255800 JavaThread "ForkJoinPool.commonPool-worker-12" daemon [_thread_blocked, id=9956, stack(0x000000002d770000,0x000000002d870000)]
  0x000000001b24f000 JavaThread "ForkJoinPool.commonPool-worker-1" daemon [_thread_blocked, id=14560, stack(0x000000002c670000,0x000000002c770000)]
  0x000000001b253800 JavaThread "RMI TCP Connection(idle)" daemon [_thread_blocked, id=12920, stack(0x0000000033ba0000,0x0000000033ca0000)]
  0x000000001c057000 JavaThread "Daemon worker Thread 34" [_thread_blocked, id=26428, stack(0x000000001e230000,0x000000001e330000)]
  0x000000001c054000 JavaThread "Daemon Thread 34" [_thread_blocked, id=25816, stack(0x0000000000b40000,0x0000000000c40000)]
  0x000000001c056800 JavaThread "Cache worker for Java compile cache (C:\Users\evbri\.gradle\caches\6.1.1\javaCompile)" [_thread_blocked, id=31736, stack(0x0000000028a00000,0x0000000028b00000)]
  0x000000001b77e000 JavaThread "RMI Reaper" [_thread_blocked, id=4496, stack(0x000000002c270000,0x000000002c370000)]
  0x000000001b77e800 JavaThread "RMI TCP Accept-0" daemon [_thread_in_native, id=1684, stack(0x000000002c170000,0x000000002c270000)]
  0x000000001b777000 JavaThread "GC Daemon" daemon [_thread_blocked, id=29384, stack(0x000000002be70000,0x000000002bf70000)]
  0x000000001b779800 JavaThread "RMI Scheduler(0)" daemon [_thread_blocked, id=24688, stack(0x000000002a330000,0x000000002a430000)]
  0x000000002579c000 JavaThread "Java2D Disposer" daemon [_thread_blocked, id=7208, stack(0x0000000028f00000,0x0000000029000000)]
  0x000000001b765800 JavaThread "Cache worker for file content cache (C:\Users\evbri\.gradle\caches\6.1.1\fileContent)" [_thread_blocked, id=23368, stack(0x0000000026a00000,0x0000000026b00000)]
  0x00000000193c9800 JavaThread "Memory manager" [_thread_blocked, id=7452, stack(0x00000000254c0000,0x00000000255c0000)]
  0x00000000193cf000 JavaThread "Cache worker for execution history cache (C:\Users\evbri\.gradle\caches\6.1.1\executionHistory)" [_thread_blocked, id=24476, stack(0x0000000021a80000,0x0000000021b80000)]
  0x00000000193cb000 JavaThread "Cache worker for file hash cache (C:\Users\evbri\.gradle\caches\6.1.1\fileHashes)" [_thread_blocked, id=24088, stack(0x000000001ef30000,0x000000001f030000)]
  0x00000000193cc000 JavaThread "File lock request listener" [_thread_in_native, id=9508, stack(0x000000001ee30000,0x000000001ef30000)]
  0x000000001ce4f000 JavaThread "Cache worker for journal cache (C:\Users\evbri\.gradle\caches\journal-1)" [_thread_blocked, id=29780, stack(0x000000001ed30000,0x000000001ee30000)]
  0x000000001cbc3000 JavaThread "Daemon periodic checks" [_thread_blocked, id=28356, stack(0x000000001e030000,0x000000001e130000)]
  0x000000001cbce000 JavaThread "Incoming local TCP Connector on port 19336" [_thread_in_native, id=2016, stack(0x000000001ddf0000,0x000000001def0000)]
  0x000000001cb91000 JavaThread "Daemon health stats" [_thread_blocked, id=20040, stack(0x000000001d7b0000,0x000000001d8b0000)]
  0x000000001945e800 JavaThread "Service Thread" daemon [_thread_blocked, id=13764, stack(0x000000001ae10000,0x000000001af10000)]
  0x00000000193c9000 JavaThread "C1 CompilerThread3" daemon [_thread_in_vm, id=15148, stack(0x000000001ad10000,0x000000001ae10000)]
=>0x00000000193c7800 JavaThread "C2 CompilerThread2" daemon [_thread_in_native, id=4200, stack(0x000000001ac10000,0x000000001ad10000)]
  0x00000000193be000 JavaThread "C2 CompilerThread1" daemon [_thread_in_native, id=30044, stack(0x000000001ab10000,0x000000001ac10000)]
  0x00000000193b7800 JavaThread "C2 CompilerThread0" daemon [_thread_in_native, id=22248, stack(0x000000001aa10000,0x000000001ab10000)]
  0x00000000193b3000 JavaThread "Attach Listener" daemon [_thread_blocked, id=25668, stack(0x000000001a910000,0x000000001aa10000)]
  0x00000000193b1800 JavaThread "Signal Dispatcher" daemon [_thread_blocked, id=20396, stack(0x000000001a810000,0x000000001a910000)]
  0x0000000017cd2800 JavaThread "Finalizer" daemon [_thread_blocked, id=23136, stack(0x000000001a610000,0x000000001a710000)]
  0x00000000193a3000 JavaThread "Reference Handler" daemon [_thread_blocked, id=7220, stack(0x000000001a510000,0x000000001a610000)]
  0x0000000002962800 JavaThread "main" [_thread_blocked, id=17660, stack(0x0000000002860000,0x0000000002960000)]

Other Threads:
  0x0000000017cc6000 VMThread [stack: 0x000000001a410000,0x000000001a510000] [id=31676]
  0x0000000019460000 WatcherThread [stack: 0x000000001af10000,0x000000001b010000] [id=31072]

VM state:not at safepoint (normal execution)

VM Mutex/Monitor currently owned by a thread: None

OutOfMemory and StackOverflow Exception counts:
OutOfMemoryError java_heap_errors=1

heap address: 0x0000000080000000, size: 2048 MB, Compressed Oops mode: 32-bit
Narrow klass base: 0x0000000000000000, Narrow klass shift: 3
Compressed class space size: 1073741824 Address: 0x0000000100000000

Heap:
 PSYoungGen      total 478208K, used 234396K [0x00000000d5580000, 0x00000000ff280000, 0x0000000100000000)
  eden space 283136K, 53% used [0x00000000d5580000,0x00000000deab80f0,0x00000000e6a00000)
  from space 195072K, 41% used [0x00000000e6a00000,0x00000000eb9af008,0x00000000f2880000)
  to   space 190464K, 0% used [0x00000000f3880000,0x00000000f3880000,0x00000000ff280000)
 ParOldGen       total 714752K, used 192780K [0x0000000080000000, 0x00000000aba00000, 0x00000000d5580000)
  object space 714752K, 26% used [0x0000000080000000,0x000000008bc43098,0x00000000aba00000)
 Metaspace       used 174270K, capacity 189904K, committed 190104K, reserved 1214464K
  class space    used 21820K, capacity 24719K, committed 24744K, reserved 1048576K

Card table byte_map: [0x0000000011e20000,0x0000000012230000] byte_map_base: 0x0000000011a20000

Marking Bits: (ParMarkBitMap*) 0x000000005cf550b0
 Begin Bits: [0x0000000012ee0000, 0x0000000014ee0000)
 End Bits:   [0x0000000014ee0000, 0x0000000016ee0000)

Polling page: 0x0000000000a10000

CodeCache: size=245760Kb used=122940Kb max_used=122940Kb free=122819Kb
 bounds [0x0000000002a60000, 0x000000000a340000, 0x0000000011a60000]
 total_blobs=34719 nmethods=33645 adapters=983
 compilation: enabled

Compilation events (10 events):
Event: 16724.094 Thread 0x00000000193c9000 nmethod 54331 0x000000000a33a8d0 code [0x000000000a33aa20, 0x000000000a33ab90]
Event: 16724.094 Thread 0x00000000193c9000 54325       2       com.android.tools.r8.u.b.n::a (63 bytes)
Event: 16724.094 Thread 0x00000000193c9000 nmethod 54325 0x000000000a33ac10 code [0x000000000a33ad80, 0x000000000a33aff8]
Event: 16724.094 Thread 0x00000000193c9000 54326       2       com.android.tools.r8.graph.c::resolveFieldOn (45 bytes)
Event: 16724.094 Thread 0x00000000193c9000 nmethod 54326 0x000000000a33b190 code [0x000000000a33b300, 0x000000000a33b4b8]
Event: 16724.094 Thread 0x00000000193c9000 54364       2       com.android.tools.r8.r.n.J::<init> (10 bytes)
Event: 16724.094 Thread 0x00000000193c9000 nmethod 54364 0x000000000a33b590 code [0x000000000a33b6e0, 0x000000000a33b850]
Event: 16724.094 Thread 0x00000000193c9000 54161       3       com.android.tools.r8.u.b.v0::V (2 bytes)
Event: 16724.095 Thread 0x00000000193c9000 nmethod 54161 0x000000000a33b8d0 code [0x000000000a33ba20, 0x000000000a33bb70]
Event: 16724.095 Thread 0x00000000193c9000 54316       1       com.android.tools.r8.u.b.i::Q0 (2 bytes)

GC Heap History (10 events):
Event: 16685.303 GC heap before
{Heap before GC invocations=117 (full 8):
 PSYoungGen      total 399360K, used 399330K [0x00000000d5580000, 0x00000000fd900000, 0x0000000100000000)
  eden space 240128K, 100% used [0x00000000d5580000,0x00000000e4000000,0x00000000e4000000)
  from space 159232K, 99% used [0x00000000ef880000,0x00000000f93f8b18,0x00000000f9400000)
  to   space 188928K, 0% used [0x00000000e4000000,0x00000000e4000000,0x00000000ef880000)
 ParOldGen       total 714752K, used 139348K [0x0000000080000000, 0x00000000aba00000, 0x00000000d5580000)
  object space 714752K, 19% used [0x0000000080000000,0x00000000888152e8,0x00000000aba00000)
 Metaspace       used 173181K, capacity 188684K, committed 188952K, reserved 1214464K
  class space    used 21697K, capacity 24557K, committed 24616K, reserved 1048576K
Event: 16685.385 GC heap after
Heap after GC invocations=117 (full 8):
 PSYoungGen      total 429056K, used 188903K [0x00000000d5580000, 0x0000000100000000, 0x0000000100000000)
  eden space 240128K, 0% used [0x00000000d5580000,0x00000000d5580000,0x00000000e4000000)
  from space 188928K, 99% used [0x00000000e4000000,0x00000000ef879ca8,0x00000000ef880000)
  to   space 219648K, 0% used [0x00000000f2980000,0x00000000f2980000,0x0000000100000000)
 ParOldGen       total 714752K, used 154879K [0x0000000080000000, 0x00000000aba00000, 0x00000000d5580000)
  object space 714752K, 21% used [0x0000000080000000,0x000000008973fe98,0x00000000aba00000)
 Metaspace       used 173181K, capacity 188684K, committed 188952K, reserved 1214464K
  class space    used 21697K, capacity 24557K, committed 24616K, reserved 1048576K
}
Event: 16698.198 GC heap before
{Heap before GC invocations=118 (full 8):
 PSYoungGen      total 429056K, used 429031K [0x00000000d5580000, 0x0000000100000000, 0x0000000100000000)
  eden space 240128K, 100% used [0x00000000d5580000,0x00000000e4000000,0x00000000e4000000)
  from space 188928K, 99% used [0x00000000e4000000,0x00000000ef879ca8,0x00000000ef880000)
  to   space 219648K, 0% used [0x00000000f2980000,0x00000000f2980000,0x0000000100000000)
 ParOldGen       total 714752K, used 154879K [0x0000000080000000, 0x00000000aba00000, 0x00000000d5580000)
  object space 714752K, 21% used [0x0000000080000000,0x000000008973fe98,0x00000000aba00000)
 Metaspace       used 173383K, capacity 188922K, committed 188952K, reserved 1214464K
  class space    used 21728K, capacity 24586K, committed 24616K, reserved 1048576K
Event: 16698.240 GC heap after
Heap after GC invocations=118 (full 8):
 PSYoungGen      total 482816K, used 107302K [0x00000000d5580000, 0x00000000ff880000, 0x0000000100000000)
  eden space 270848K, 0% used [0x00000000d5580000,0x00000000d5580000,0x00000000e5e00000)
  from space 211968K, 50% used [0x00000000f2980000,0x00000000f9249bf8,0x00000000ff880000)
  to   space 208384K, 0% used [0x00000000e5e00000,0x00000000e5e00000,0x00000000f2980000)
 ParOldGen       total 714752K, used 154975K [0x0000000080000000, 0x00000000aba00000, 0x00000000d5580000)
  object space 714752K, 21% used [0x0000000080000000,0x0000000089757ea8,0x00000000aba00000)
 Metaspace       used 173383K, capacity 188922K, committed 188952K, reserved 1214464K
  class space    used 21728K, capacity 24586K, committed 24616K, reserved 1048576K
}
Event: 16705.079 GC heap before
{Heap before GC invocations=119 (full 8):
 PSYoungGen      total 482816K, used 378150K [0x00000000d5580000, 0x00000000ff880000, 0x0000000100000000)
  eden space 270848K, 100% used [0x00000000d5580000,0x00000000e5e00000,0x00000000e5e00000)
  from space 211968K, 50% used [0x00000000f2980000,0x00000000f9249bf8,0x00000000ff880000)
  to   space 208384K, 0% used [0x00000000e5e00000,0x00000000e5e00000,0x00000000f2980000)
 ParOldGen       total 714752K, used 154975K [0x0000000080000000, 0x00000000aba00000, 0x00000000d5580000)
  object space 714752K, 21% used [0x0000000080000000,0x0000000089757ea8,0x00000000aba00000)
 Metaspace       used 173464K, capacity 189022K, committed 189208K, reserved 1214464K
  class space    used 21731K, capacity 24592K, committed 24616K, reserved 1048576K
Event: 16705.133 GC heap after
Heap after GC invocations=119 (full 8):
 PSYoungGen      total 382976K, used 111897K [0x00000000d5580000, 0x00000000feb80000, 0x0000000100000000)
  eden space 270848K, 0% used [0x00000000d5580000,0x00000000d5580000,0x00000000e5e00000)
  from space 112128K, 99% used [0x00000000e5e00000,0x00000000ecb46530,0x00000000ecb80000)
  to   space 199680K, 0% used [0x00000000f2880000,0x00000000f2880000,0x00000000feb80000)
 ParOldGen       total 714752K, used 177083K [0x0000000080000000, 0x00000000aba00000, 0x00000000d5580000)
  object space 714752K, 24% used [0x0000000080000000,0x000000008aceed98,0x00000000aba00000)
 Metaspace       used 173464K, capacity 189022K, committed 189208K, reserved 1214464K
  class space    used 21731K, capacity 24592K, committed 24616K, reserved 1048576K
}
Event: 16722.465 GC heap before
{Heap before GC invocations=120 (full 8):
 PSYoungGen      total 382976K, used 382745K [0x00000000d5580000, 0x00000000feb80000, 0x0000000100000000)
  eden space 270848K, 100% used [0x00000000d5580000,0x00000000e5e00000,0x00000000e5e00000)
  from space 112128K, 99% used [0x00000000e5e00000,0x00000000ecb46530,0x00000000ecb80000)
  to   space 199680K, 0% used [0x00000000f2880000,0x00000000f2880000,0x00000000feb80000)
 ParOldGen       total 714752K, used 177083K [0x0000000080000000, 0x00000000aba00000, 0x00000000d5580000)
  object space 714752K, 24% used [0x0000000080000000,0x000000008aceed98,0x00000000aba00000)
 Metaspace       used 173585K, capacity 189168K, committed 189208K, reserved 1214464K
  class space    used 21734K, capacity 24595K, committed 24616K, reserved 1048576K
Event: 16722.516 GC heap after
Heap after GC invocations=120 (full 8):
 PSYoungGen      total 482816K, used 82670K [0x00000000d5580000, 0x00000000ffa80000, 0x0000000100000000)
  eden space 283136K, 0% used [0x00000000d5580000,0x00000000d5580000,0x00000000e6a00000)
  from space 199680K, 41% used [0x00000000f2880000,0x00000000f793b858,0x00000000feb80000)
  to   space 195072K, 0% used [0x00000000e6a00000,0x00000000e6a00000,0x00000000f2880000)
 ParOldGen       total 714752K, used 188640K [0x0000000080000000, 0x00000000aba00000, 0x00000000d5580000)
  object space 714752K, 26% used [0x0000000080000000,0x000000008b838068,0x00000000aba00000)
 Metaspace       used 173585K, capacity 189168K, committed 189208K, reserved 1214464K
  class space    used 21734K, capacity 24595K, committed 24616K, reserved 1048576K
}
Event: 16723.471 GC heap before
{Heap before GC invocations=121 (full 8):
 PSYoungGen      total 482816K, used 365806K [0x00000000d5580000, 0x00000000ffa80000, 0x0000000100000000)
  eden space 283136K, 100% used [0x00000000d5580000,0x00000000e6a00000,0x00000000e6a00000)
  from space 199680K, 41% used [0x00000000f2880000,0x00000000f793b858,0x00000000feb80000)
  to   space 195072K, 0% used [0x00000000e6a00000,0x00000000e6a00000,0x00000000f2880000)
 ParOldGen       total 714752K, used 188640K [0x0000000080000000, 0x00000000aba00000, 0x00000000d5580000)
  object space 714752K, 26% used [0x0000000080000000,0x000000008b838068,0x00000000aba00000)
 Metaspace       used 173679K, capacity 189298K, committed 189592K, reserved 1214464K
  class space    used 21746K, capacity 24634K, committed 24744K, reserved 1048576K
Event: 16723.506 GC heap after
Heap after GC invocations=121 (full 8):
 PSYoungGen      total 478208K, used 81596K [0x00000000d5580000, 0x00000000ff280000, 0x0000000100000000)
  eden space 283136K, 0% used [0x00000000d5580000,0x00000000d5580000,0x00000000e6a00000)
  from space 195072K, 41% used [0x00000000e6a00000,0x00000000eb9af008,0x00000000f2880000)
  to   space 190464K, 0% used [0x00000000f3880000,0x00000000f3880000,0x00000000ff280000)
 ParOldGen       total 714752K, used 192780K [0x0000000080000000, 0x00000000aba00000, 0x00000000d5580000)
  object space 714752K, 26% used [0x0000000080000000,0x000000008bc43098,0x00000000aba00000)
 Metaspace       used 173679K, capacity 189298K, committed 189592K, reserved 1214464K
  class space    used 21746K, capacity 24634K, committed 24744K, reserved 1048576K
}

Deoptimization events (10 events):
Event: 16723.855 Thread 0x000000001c283800 Uncommon trap: reason=bimorphic action=maybe_recompile pc=0x0000000008169640 method=com.android.tools.r8.u.b.I0.O0()Z @ 17
Event: 16723.857 Thread 0x000000001c283800 Uncommon trap: reason=bimorphic action=maybe_recompile pc=0x0000000008169640 method=com.android.tools.r8.u.b.I0.O0()Z @ 17
Event: 16723.907 Thread 0x000000001c283800 Uncommon trap: reason=bimorphic action=maybe_recompile pc=0x0000000008169640 method=com.android.tools.r8.u.b.I0.O0()Z @ 17
Event: 16723.907 Thread 0x000000001c283800 Uncommon trap: reason=bimorphic action=maybe_recompile pc=0x0000000008169640 method=com.android.tools.r8.u.b.I0.O0()Z @ 17
Event: 16723.921 Thread 0x000000001c283800 Uncommon trap: reason=class_check action=maybe_recompile pc=0x0000000008a2815c method=com.android.tools.r8.ir.analysis.type.t.a(Lcom/android/tools/r8/u/b/m1;Lcom/android/tools/r8/ir/analysis/type/u;)V @ 67
Event: 16723.926 Thread 0x000000001c283800 Uncommon trap: reason=unstable_if action=reinterpret pc=0x0000000007b1f6c0 method=com.android.tools.r8.ir.conversion.N.a(Lcom/android/tools/r8/graph/T;)Lcom/android/tools/r8/u/b/W; @ 2133
Event: 16723.959 Thread 0x000000001c283800 Uncommon trap: reason=bimorphic action=maybe_recompile pc=0x00000000096ecc0c method=com.android.tools.r8.ir.conversion.N.a(ILcom/android/tools/r8/graph/r;)V @ 46
Event: 16723.960 Thread 0x000000001c283800 Uncommon trap: reason=bimorphic action=maybe_recompile pc=0x00000000096ecc0c method=com.android.tools.r8.ir.conversion.N.a(ILcom/android/tools/r8/graph/r;)V @ 46
Event: 16723.982 Thread 0x000000001c283800 Uncommon trap: reason=unstable_if action=reinterpret pc=0x00000000090260d0 method=com.android.tools.r8.v.a.a.a.f.X$e.contains(Ljava/lang/Object;)Z @ 124
Event: 16723.985 Thread 0x000000001c283800 Uncommon trap: reason=predicate action=maybe_recompile pc=0x0000000007ef5fcc method=com.android.tools.r8.ir.regalloc.a.a(Lcom/android/tools/r8/u/b/W;Lcom/android/tools/r8/s/a/a/b/W;Ljava/util/List;Lcom/android/tools/r8/ir/regalloc/e;Ljava/util/Map;)V @ 86

Classes redefined (0 events):
No events

Internal exceptions (10 events):
Event: 16723.439 Thread 0x000000001c288000 Exception <a 'sun/nio/fs/WindowsException'> (0x00000000e5f84998) thrown at [C:\ws\UTv\Corretto8Src\installers\windows\zip\corretto-build\buildRoot\src\hotspot\src\share\vm\prims\jni.cpp, line 710]
Event: 16723.440 Thread 0x000000001c288000 Exception <a 'sun/nio/fs/WindowsException'> (0x00000000e5f85a38) thrown at [C:\ws\UTv\Corretto8Src\installers\windows\zip\corretto-build\buildRoot\src\hotspot\src\share\vm\prims\jni.cpp, line 710]
Event: 16723.459 Thread 0x000000001c050800 Exception <a 'sun/nio/fs/WindowsException'> (0x00000000e6009678) thrown at [C:\ws\UTv\Corretto8Src\installers\windows\zip\corretto-build\buildRoot\src\hotspot\src\share\vm\prims\jni.cpp, line 710]
Event: 16723.734 Thread 0x000000001c28d800 Exception <a 'sun/nio/fs/WindowsException'> (0x00000000daff6888) thrown at [C:\ws\UTv\Corretto8Src\installers\windows\zip\corretto-build\buildRoot\src\hotspot\src\share\vm\prims\jni.cpp, line 710]
Event: 16723.734 Thread 0x000000001c28d800 Exception <a 'sun/nio/fs/WindowsException'> (0x00000000daff7928) thrown at [C:\ws\UTv\Corretto8Src\installers\windows\zip\corretto-build\buildRoot\src\hotspot\src\share\vm\prims\jni.cpp, line 710]
Event: 16723.735 Thread 0x000000001c28d800 Exception <a 'sun/nio/fs/WindowsException'> (0x00000000daff8598) thrown at [C:\ws\UTv\Corretto8Src\installers\windows\zip\corretto-build\buildRoot\src\hotspot\src\share\vm\prims\jni.cpp, line 710]
Event: 16723.735 Thread 0x000000001c28d800 Exception <a 'sun/nio/fs/WindowsException'> (0x00000000daff9630) thrown at [C:\ws\UTv\Corretto8Src\installers\windows\zip\corretto-build\buildRoot\src\hotspot\src\share\vm\prims\jni.cpp, line 710]
Event: 16723.735 Thread 0x000000001c28d800 Exception <a 'sun/nio/fs/WindowsException'> (0x00000000daffa130) thrown at [C:\ws\UTv\Corretto8Src\installers\windows\zip\corretto-build\buildRoot\src\hotspot\src\share\vm\prims\jni.cpp, line 710]
Event: 16723.735 Thread 0x000000001c28d800 Exception <a 'sun/nio/fs/WindowsException'> (0x00000000daffb198) thrown at [C:\ws\UTv\Corretto8Src\installers\windows\zip\corretto-build\buildRoot\src\hotspot\src\share\vm\prims\jni.cpp, line 710]
Event: 16723.855 Thread 0x000000001c283800 Implicit null exception at 0x000000000762f2c5 to 0x000000000762fe29

Events (10 events):
Event: 16723.993 Executing VM operation: ForceSafepoint
Event: 16723.993 Executing VM operation: ForceSafepoint done
Event: 16723.998 Thread 0x000000001c283800 DEOPT PACKING pc=0x000000000a19c7d7 sp=0x00000000279fca20
Event: 16723.998 Thread 0x000000001c283800 DEOPT UNPACKING pc=0x0000000002aa71d0 sp=0x00000000279fc8e0 mode 0
Event: 16724.017 loading class com/android/tools/r8/u/c/k
Event: 16724.017 loading class com/android/tools/r8/u/c/k done
Event: 16724.018 loading class com/android/tools/r8/u/c/k$a
Event: 16724.018 loading class com/android/tools/r8/u/c/k$a done
Event: 16724.047 Thread 0x000000001c283800 DEOPT PACKING pc=0x000000000a2bd80e sp=0x00000000279fca30
Event: 16724.048 Thread 0x000000001c283800 DEOPT UNPACKING pc=0x0000000002aa71d0 sp=0x00000000279fc8e0 mode 0


Dynamic libraries:
0x00007ff7f9bb0000 - 0x00007ff7f9be5000 	C:\Program Files\Amazon Corretto\jdk1.8.0_252\bin\java.exe
0x00007ff9f93c0000 - 0x00007ff9f95b0000 	C:\Windows\SYSTEM32\ntdll.dll
0x00007ff9f9290000 - 0x00007ff9f9342000 	C:\Windows\System32\KERNEL32.DLL
0x00007ff9f6c00000 - 0x00007ff9f6ea4000 	C:\Windows\System32\KERNELBASE.dll
0x00007ff9f8020000 - 0x00007ff9f80c3000 	C:\Windows\System32\ADVAPI32.dll
0x00007ff9f8270000 - 0x00007ff9f830e000 	C:\Windows\System32\msvcrt.dll
0x00007ff9f7650000 - 0x00007ff9f76e7000 	C:\Windows\System32\sechost.dll
0x00007ff9f7760000 - 0x00007ff9f7880000 	C:\Windows\System32\RPCRT4.dll
0x00007ff9f80d0000 - 0x00007ff9f8265000 	C:\Windows\System32\USER32.dll
0x00007ff9f6ba0000 - 0x00007ff9f6bc1000 	C:\Windows\System32\win32u.dll
0x00007ff9f9350000 - 0x00007ff9f9376000 	C:\Windows\System32\GDI32.dll
0x00007ff9f71b0000 - 0x00007ff9f7346000 	C:\Windows\System32\gdi32full.dll
0x00007ff9f73d0000 - 0x00007ff9f746e000 	C:\Windows\System32\msvcp_win.dll
0x00007ff9f6eb0000 - 0x00007ff9f6faa000 	C:\Windows\System32\ucrtbase.dll
0x00007ff9e5770000 - 0x00007ff9e59f4000 	C:\Windows\WinSxS\amd64_microsoft.windows.common-controls_6595b64144ccf1df_6.0.18362.1016_none_9e7a36bbe461dae4\COMCTL32.dll
0x00007ff9f8a80000 - 0x00007ff9f8db5000 	C:\Windows\System32\combase.dll
0x00007ff9f7350000 - 0x00007ff9f73d0000 	C:\Windows\System32\bcryptPrimitives.dll
0x00007ff9f7ff0000 - 0x00007ff9f801e000 	C:\Windows\System32\IMM32.DLL
0x000000005f500000 - 0x000000005f5d2000 	C:\Program Files\Amazon Corretto\jdk1.8.0_252\jre\bin\msvcr100.dll
0x000000005c780000 - 0x000000005cfd1000 	C:\Program Files\Amazon Corretto\jdk1.8.0_252\jre\bin\server\jvm.dll
0x00007ff9f7470000 - 0x00007ff9f7478000 	C:\Windows\System32\PSAPI.DLL
0x00007ff9f0fe0000 - 0x00007ff9f0fe9000 	C:\Windows\SYSTEM32\WSOCK32.dll
0x00007ff9f3d00000 - 0x00007ff9f3d24000 	C:\Windows\SYSTEM32\WINMM.dll
0x00007ff9ebc70000 - 0x00007ff9ebc7a000 	C:\Windows\SYSTEM32\VERSION.dll
0x00007ff9f8580000 - 0x00007ff9f85ef000 	C:\Windows\System32\WS2_32.dll
0x00007ff9f3b40000 - 0x00007ff9f3b6d000 	C:\Windows\SYSTEM32\WINMMBASE.dll
0x00007ff9f6fb0000 - 0x00007ff9f6ffa000 	C:\Windows\System32\cfgmgr32.dll
0x00007ff9f13b0000 - 0x00007ff9f13bf000 	C:\Program Files\Amazon Corretto\jdk1.8.0_252\jre\bin\verify.dll
0x00007ff9e4a10000 - 0x00007ff9e4a39000 	C:\Program Files\Amazon Corretto\jdk1.8.0_252\jre\bin\java.dll
0x00007ff9eecf0000 - 0x00007ff9eed06000 	C:\Program Files\Amazon Corretto\jdk1.8.0_252\jre\bin\zip.dll
0x00007ff9f7900000 - 0x00007ff9f7fe7000 	C:\Windows\System32\SHELL32.dll
0x00007ff9f89d0000 - 0x00007ff9f8a79000 	C:\Windows\System32\shcore.dll
0x00007ff9f6340000 - 0x00007ff9f6ac2000 	C:\Windows\System32\windows.storage.dll
0x00007ff9f62c0000 - 0x00007ff9f62e3000 	C:\Windows\System32\profapi.dll
0x00007ff9f62f0000 - 0x00007ff9f633a000 	C:\Windows\System32\powrprof.dll
0x00007ff9f6270000 - 0x00007ff9f6280000 	C:\Windows\System32\UMPDC.dll
0x00007ff9f8450000 - 0x00007ff9f84a2000 	C:\Windows\System32\shlwapi.dll
0x00007ff9f6280000 - 0x00007ff9f6291000 	C:\Windows\System32\kernel.appcore.dll
0x00007ff9f6b80000 - 0x00007ff9f6b97000 	C:\Windows\System32\cryptsp.dll
0x00007ff9e5b80000 - 0x00007ff9e5b9a000 	C:\Program Files\Amazon Corretto\jdk1.8.0_252\jre\bin\net.dll
0x00007ff9f5a80000 - 0x00007ff9f5ae7000 	C:\Windows\system32\mswsock.dll
0x00007ff9e53c0000 - 0x00007ff9e53d2000 	C:\Program Files\Amazon Corretto\jdk1.8.0_252\jre\bin\nio.dll
0x00007ff9f1360000 - 0x00007ff9f1386000 	C:\Users\evbri\.gradle\native\31\windows-amd64\native-platform.dll
0x00007ff9f12c0000 - 0x00007ff9f12cd000 	C:\Program Files\Amazon Corretto\jdk1.8.0_252\jre\bin\management.dll
0x00007ff9f5600000 - 0x00007ff9f5633000 	C:\Windows\system32\rsaenh.dll
0x00007ff9f6bd0000 - 0x00007ff9f6bf6000 	C:\Windows\System32\bcrypt.dll
0x00007ff9f6190000 - 0x00007ff9f61b5000 	C:\Windows\SYSTEM32\USERENV.dll
0x00007ff9f5c00000 - 0x00007ff9f5c0c000 	C:\Windows\SYSTEM32\CRYPTBASE.dll
0x00007ff9f57a0000 - 0x00007ff9f57da000 	C:\Windows\SYSTEM32\IPHLPAPI.DLL
0x00007ff9f89c0000 - 0x00007ff9f89c8000 	C:\Windows\System32\NSI.dll
0x00007ff9f0250000 - 0x00007ff9f0266000 	C:\Windows\SYSTEM32\dhcpcsvc6.DLL
0x00007ff9f01e0000 - 0x00007ff9f01fc000 	C:\Windows\SYSTEM32\dhcpcsvc.DLL
0x00007ff9f57e0000 - 0x00007ff9f58ab000 	C:\Windows\SYSTEM32\DNSAPI.dll
0x00007ff9c1260000 - 0x00007ff9c13f8000 	C:\Program Files\Amazon Corretto\jdk1.8.0_252\jre\bin\awt.dll
0x00007ff9f88f0000 - 0x00007ff9f89b5000 	C:\Windows\System32\OLEAUT32.dll
0x00007ff9f4380000 - 0x00007ff9f440f000 	C:\Windows\SYSTEM32\apphelp.dll
0x00007ff9f49a0000 - 0x00007ff9f49cd000 	C:\Windows\system32\DWMAPI.DLL
0x00007ff9f44c0000 - 0x00007ff9f4559000 	C:\Windows\system32\uxtheme.dll
0x00007ff9f5370000 - 0x00007ff9f53a1000 	C:\Windows\SYSTEM32\ntmarta.dll

VM Arguments:
jvm_args: -Xmx2048m -Dfile.encoding=windows-1252 -Duser.country=IE -Duser.language=en -Duser.variant 
java_command: org.gradle.launcher.daemon.bootstrap.GradleDaemon 6.1.1
java_class_path (initial): C:\Users\evbri\.gradle\wrapper\dists\gradle-6.1.1-all\cfmwm155h49vnt3hynmlrsdst\gradle-6.1.1\lib\gradle-launcher-6.1.1.jar
Launcher Type: SUN_STANDARD

Environment Variables:
JAVA_HOME=C:\Program Files\Amazon Corretto\jdk1.8.0_252
PATH=C:\Program Files (x86)\NVIDIA Corporation\PhysX\Common;C:\Program Files\Amazon Corretto\jdk1.8.0_252\bin;C:\Program Files (x86)\Python38-32\Scripts\;C:\Program Files (x86)\Python38-32\;C:\Program Files\ImageMagick-7.0.9-Q16;C:\Python38\Scripts\;C:\Python38\;C:\Program Files (x86)\Common Files\Oracle\Java\javapath;C:\Windows\system32;C:\Windows;C:\Windows\System32\Wbem;C:\Windows\System32\WindowsPowerShell\v1.0\;C:\Windows\System32\OpenSSH\;C:\Program Files\WIDCOMM\Bluetooth Software\;C:\Program Files\WIDCOMM\Bluetooth Software\syswow64;C:\ProgramData\chocolatey\bin;C:\Program Files\Git\cmd;C:\Program Files\nodejs\;C:\ProgramData\nvm;C:\Program Files\nodejs;C:\Program Files (x86)\Yarn\bin\;C:\Users\evbri\Maven\apache-maven-3.6.3\bin;C:\Program Files\Amazon Corretto\jdk1.8.0_252\bin;C:\Users\evbri\AppData\Local\Android\Sdk;C:\Users\evbri\AppData\Local\Android\Sdk\platform-tools;C:\Program Files\dotnet\;C:\Program Files\Microsoft SQL Server\130\Tools\Binn\;F:\Program Files (x86)\IncrediBuild;C:\Program Files (x86)\Microsoft Emulator Manager\1.0\;C:\Program Files\Docker\Docker\resources\bin;C:\ProgramData\DockerDesktop\version-bin;C:\Users\evbri\AppData\Local\Microsoft\WindowsApps;C:\Program Files\JetBrains\IntelliJ IDEA 2019.2.4\bin;;C:\Program Files (x86)\Nmap;C:\Users\evbri\AppData\Roaming\npm;C:\Users\evbri\AppData\Local\Programs\Microsoft VS Code\bin;C:\Users\evbri\AppData\Local\Yarn\bin;;C:\Users\evbri\AppData\Local\Programs\Fiddler;C:\Users\evbri\.dotnet\tools
USERNAME=evbri
OS=Windows_NT
PROCESSOR_IDENTIFIER=AMD64 Family 23 Model 8 Stepping 2, AuthenticAMD



---------------  S Y S T E M  ---------------

OS: Windows 10.0 , 64 bit Build 18362 (10.0.18362.959)

CPU:total 12 (initial active 12) (12 cores per cpu, 1 threads per core) family 23 model 8 stepping 2, cmov, cx8, fxsr, mmx, sse, sse2, sse3, ssse3, sse4.1, sse4.2, popcnt, avx, avx2, aes, clmul, mmxext, 3dnowpref, lzcnt, sse4a, tsc, tscinvbit, tscinv, bmi1

Memory: 4k page, physical 33487044k(4404228k free), swap 62708288k(5936k free)

vm_info: OpenJDK 64-Bit Server VM (25.252-b09) for windows-amd64 JRE (1.8.0_252-b09), built on Apr 17 2020 18:10:37 by "Administrator" with MS VC++ 10.0 (VS2010)

time: Mon Sep 14 22:57:21 2020
timezone: GMT Summer Time
elapsed time: 16724 seconds (0d 4h 38m 44s)

