#
# There is insufficient memory for the Java Runtime Environment to continue.
# Native memory allocation (malloc) failed to allocate 865136 bytes for Chunk::new
# Possible reasons:
#   The system is out of physical RAM or swap space
#   The process is running with CompressedOops enabled, and the Java Heap may be blocking the growth of the native heap
# Possible solutions:
#   Reduce memory load on the system
#   Increase physical memory or swap space
#   Check if swap backing store is full
#   Decrease Java heap size (-Xmx/-Xms)
#   Decrease number of Java threads
#   Decrease Java thread stack sizes (-Xss)
#   Set larger code cache with -XX:ReservedCodeCacheSize=
#   JVM is running with Unscaled Compressed Oops mode in which the Java heap is
#     placed in the first 4GB address space. The Java Heap base address is the
#     maximum limit for the native heap growth. Please use -XX:HeapBaseMinAddress
#     to set the Java Heap base and to place the Java Heap above 4GB virtual address.
# This output file may be truncated or incomplete.
#
#  Out of Memory Error (allocation.cpp:389), pid=26204, tid=0x0000000000006cf4
#
# JRE version: OpenJDK Runtime Environment (8.0_252-b09) (build 1.8.0_252-b09)
# Java VM: OpenJDK 64-Bit Server VM (25.252-b09 mixed mode windows-amd64 compressed oops)
# Failed to write core dump. Minidumps are not enabled by default on client versions of Windows
#

---------------  T H R E A D  ---------------

Current thread (0x00000000192b9000):  JavaThread "C2 CompilerThread0" daemon [_thread_in_native, id=27892, stack(0x000000001a900000,0x000000001aa00000)]

Stack: [0x000000001a900000,0x000000001aa00000]
[error occurred during error reporting (printing stack bounds), id 0xc0000005]

Native frames: (J=compiled Java code, j=interpreted, Vv=VM code, C=native code)


Current CompileTask:
C2:  16951 9962       4       org.gradle.internal.snapshot.SnapshotUtil::getMetadataFromChildren (317 bytes)


---------------  P R O C E S S  ---------------

Java Threads: ( => current thread )
  0x00000000222c9800 JavaThread "stdout" [_thread_in_native, id=16436, stack(0x0000000028b60000,0x0000000028c60000)]
  0x00000000222c8000 JavaThread "stderr" [_thread_in_native, id=6800, stack(0x0000000028a60000,0x0000000028b60000)]
  0x00000000222ce000 JavaThread "pool-3-thread-1" [_thread_blocked, id=11268, stack(0x0000000028960000,0x0000000028a60000)]
  0x000000001f9c1800 JavaThread "Cache worker for execution history cache (C:\Users\evbri\AndroidStudioProjects\RailApp\.gradle\6.1.1\executionHistory)" [_thread_blocked, id=15196, stack(0x0000000028360000,0x0000000028460000)]
  0x000000001f9be000 JavaThread "Execution worker for ':' Thread 11" [_thread_blocked, id=3868, stack(0x0000000028260000,0x0000000028360000)]
  0x000000001f9bc800 JavaThread "Execution worker for ':' Thread 10" [_thread_blocked, id=24624, stack(0x0000000028160000,0x0000000028260000)]
  0x000000001f9be800 JavaThread "Execution worker for ':' Thread 9" [_thread_blocked, id=28752, stack(0x0000000028060000,0x0000000028160000)]
  0x000000001f9c1000 JavaThread "Execution worker for ':' Thread 8" [_thread_blocked, id=24260, stack(0x0000000027f60000,0x0000000028060000)]
  0x000000001f9bb800 JavaThread "Execution worker for ':' Thread 7" [_thread_blocked, id=25940, stack(0x0000000027e60000,0x0000000027f60000)]
  0x000000001cd29000 JavaThread "Execution worker for ':' Thread 6" [_thread_blocked, id=30308, stack(0x0000000027d60000,0x0000000027e60000)]
  0x000000001cd2b800 JavaThread "Execution worker for ':' Thread 5" [_thread_in_vm, id=31116, stack(0x0000000027c60000,0x0000000027d60000)]
  0x000000001cd2a800 JavaThread "Execution worker for ':' Thread 4" [_thread_in_native, id=23508, stack(0x0000000027b60000,0x0000000027c60000)]
  0x000000001cd27800 JavaThread "Execution worker for ':' Thread 3" [_thread_blocked, id=6580, stack(0x0000000027a60000,0x0000000027b60000)]
  0x0000000020520800 JavaThread "Execution worker for ':' Thread 2" [_thread_blocked, id=21276, stack(0x0000000027960000,0x0000000027a60000)]
  0x0000000020521800 JavaThread "Execution worker for ':'" [_thread_blocked, id=17952, stack(0x0000000027860000,0x0000000027960000)]
  0x0000000020516000 JavaThread "Cache worker for file content cache (C:\Users\evbri\AndroidStudioProjects\RailApp\.gradle\6.1.1\fileContent)" [_thread_blocked, id=26756, stack(0x0000000026b60000,0x0000000026c60000)]
  0x000000002051d000 JavaThread "Cache worker for file content cache (C:\Users\evbri\.gradle\caches\6.1.1\fileContent)" [_thread_blocked, id=31108, stack(0x0000000026a60000,0x0000000026b60000)]
  0x0000000020515800 JavaThread "Memory manager" [_thread_blocked, id=3432, stack(0x0000000026960000,0x0000000026a60000)]
  0x000000002051b800 JavaThread "Cache worker for Build Output Cleanup Cache (C:\Users\evbri\AndroidStudioProjects\RailApp\.gradle\buildOutputCleanup)" [_thread_blocked, id=31064, stack(0x0000000026660000,0x0000000026760000)]
  0x0000000020514000 JavaThread "Build operations Thread 12" [_thread_blocked, id=16044, stack(0x0000000024390000,0x0000000024490000)]
  0x000000002051a000 JavaThread "Build operations Thread 11" [_thread_blocked, id=14580, stack(0x0000000024290000,0x0000000024390000)]
  0x0000000020cc3000 JavaThread "Build operations Thread 10" [_thread_blocked, id=13268, stack(0x0000000024190000,0x0000000024290000)]
  0x0000000020cc2000 JavaThread "Build operations Thread 9" [_thread_blocked, id=8336, stack(0x0000000024090000,0x0000000024190000)]
  0x0000000020cc1800 JavaThread "Build operations Thread 8" [_thread_blocked, id=6340, stack(0x0000000023f90000,0x0000000024090000)]
  0x0000000020cc7800 JavaThread "Build operations Thread 7" [_thread_blocked, id=18916, stack(0x0000000023e90000,0x0000000023f90000)]
  0x0000000020cc6800 JavaThread "Build operations Thread 6" [_thread_blocked, id=9416, stack(0x0000000023d90000,0x0000000023e90000)]
  0x0000000020cc4800 JavaThread "Build operations Thread 5" [_thread_blocked, id=16548, stack(0x0000000023c90000,0x0000000023d90000)]
  0x0000000020cc5000 JavaThread "Build operations Thread 4" [_thread_blocked, id=23784, stack(0x0000000023b90000,0x0000000023c90000)]
  0x0000000020cc3800 JavaThread "Build operations Thread 3" [_thread_blocked, id=22768, stack(0x0000000023a90000,0x0000000023b90000)]
  0x0000000020cc6000 JavaThread "Build operations Thread 2" [_thread_blocked, id=18660, stack(0x00000000236e0000,0x00000000237e0000)]
  0x0000000020cc0800 JavaThread "Build operations" [_thread_blocked, id=14112, stack(0x00000000235e0000,0x00000000236e0000)]
  0x0000000020cb9000 JavaThread "Cache worker for cache directory md-rule (C:\Users\evbri\.gradle\caches\6.1.1\md-rule)" [_thread_blocked, id=27180, stack(0x00000000230a0000,0x00000000231a0000)]
  0x0000000020cba000 JavaThread "Cache worker for cache directory md-supplier (C:\Users\evbri\.gradle\caches\6.1.1\md-supplier)" [_thread_blocked, id=24100, stack(0x00000000214c0000,0x00000000215c0000)]
  0x0000000020cc0000 JavaThread "Cache worker for file hash cache (C:\Users\evbri\AndroidStudioProjects\RailApp\.gradle\6.1.1\fileHashes)" [_thread_blocked, id=25640, stack(0x00000000213c0000,0x00000000214c0000)]
  0x0000000020cb8800 JavaThread "Cache worker for checksums cache (C:\Users\evbri\AndroidStudioProjects\RailApp\.gradle\checksums)" [_thread_blocked, id=20036, stack(0x00000000212c0000,0x00000000213c0000)]
  0x0000000020cbd000 JavaThread "Thread-46" [_thread_blocked, id=17368, stack(0x00000000211c0000,0x00000000212c0000)]
  0x0000000020cbf000 JavaThread "Stdin handler" [_thread_blocked, id=20544, stack(0x00000000210c0000,0x00000000211c0000)]
  0x0000000020cbe800 JavaThread "Asynchronous log dispatcher for DefaultDaemonConnection: socket connection from /127.0.0.1:57620 to /127.0.0.1:57628" [_thread_blocked, id=22564, stack(0x000000001e920000,0x000000001ea20000)]
  0x0000000020cbc000 JavaThread "Cancel handler" [_thread_blocked, id=5112, stack(0x000000001e420000,0x000000001e520000)]
  0x0000000020cbd800 JavaThread "Handler for socket connection from /127.0.0.1:57620 to /127.0.0.1:57628" [_thread_in_native, id=23244, stack(0x000000001e120000,0x000000001e220000)]
  0x000000001cd25800 JavaThread "Cache worker for execution history cache (C:\Users\evbri\.gradle\caches\6.1.1\executionHistory)" [_thread_blocked, id=17336, stack(0x00000000219d0000,0x0000000021ad0000)]
  0x000000001cd26000 JavaThread "Cache worker for file hash cache (C:\Users\evbri\.gradle\caches\6.1.1\fileHashes)" [_thread_blocked, id=7032, stack(0x000000001ee20000,0x000000001ef20000)]
  0x000000001cd24800 JavaThread "File lock request listener" [_thread_in_native, id=22360, stack(0x000000001ed20000,0x000000001ee20000)]
  0x000000001ccc3000 JavaThread "Cache worker for journal cache (C:\Users\evbri\.gradle\caches\journal-1)" [_thread_blocked, id=6892, stack(0x000000001ec20000,0x000000001ed20000)]
  0x000000001cbea000 JavaThread "Daemon worker" [_thread_blocked, id=24212, stack(0x000000001e620000,0x000000001e720000)]
  0x000000001cc43000 JavaThread "Daemon" [_thread_blocked, id=28420, stack(0x000000001e020000,0x000000001e120000)]
  0x000000001cbe1800 JavaThread "Daemon periodic checks" [_thread_blocked, id=13848, stack(0x000000001df20000,0x000000001e020000)]
  0x000000001cb60800 JavaThread "Incoming local TCP Connector on port 57620" [_thread_in_native, id=12724, stack(0x000000001dce0000,0x000000001dde0000)]
  0x000000001caa6800 JavaThread "Daemon health stats" [_thread_blocked, id=27516, stack(0x000000001d6a0000,0x000000001d7a0000)]
  0x0000000019350000 JavaThread "Service Thread" daemon [_thread_blocked, id=22680, stack(0x000000001ad00000,0x000000001ae00000)]
  0x00000000192c9000 JavaThread "C1 CompilerThread3" daemon [_thread_in_native, id=6884, stack(0x000000001ac00000,0x000000001ad00000)]
  0x00000000192c8800 JavaThread "C2 CompilerThread2" daemon [_thread_in_native, id=26652, stack(0x000000001ab00000,0x000000001ac00000)]
  0x00000000192bf000 JavaThread "C2 CompilerThread1" daemon [_thread_in_native, id=24364, stack(0x000000001aa00000,0x000000001ab00000)]
=>0x00000000192b9000 JavaThread "C2 CompilerThread0" daemon [_thread_in_native, id=27892, stack(0x000000001a900000,0x000000001aa00000)]
  0x00000000192b4800 JavaThread "Attach Listener" daemon [_thread_blocked, id=13584, stack(0x000000001a800000,0x000000001a900000)]
  0x00000000192b7800 JavaThread "Signal Dispatcher" daemon [_thread_blocked, id=27960, stack(0x000000001a700000,0x000000001a800000)]
  0x000000000294c000 JavaThread "Finalizer" daemon [_thread_blocked, id=20692, stack(0x000000001a500000,0x000000001a600000)]
  0x00000000192a3000 JavaThread "Reference Handler" daemon [_thread_blocked, id=29544, stack(0x000000001a400000,0x000000001a500000)]
  0x0000000002852800 JavaThread "main" [_thread_blocked, id=31048, stack(0x0000000002750000,0x0000000002850000)]

Other Threads:
  0x0000000017bb6000 VMThread [stack: 0x000000001a300000,0x000000001a400000] [id=20292]
  0x0000000019362000 WatcherThread [stack: 0x000000001ae00000,0x000000001af00000] [id=20760]

VM state:not at safepoint (normal execution)

VM Mutex/Monitor currently owned by a thread: None

heap address: 0x0000000080000000, size: 2048 MB, Compressed Oops mode: 32-bit
Narrow klass base: 0x0000000000000000, Narrow klass shift: 3
Compressed class space size: 1073741824 Address: 0x0000000100000000

Heap:
 PSYoungGen      total 218112K, used 122910K [0x00000000d5580000, 0x00000000e4c00000, 0x0000000100000000)
  eden space 196608K, 51% used [0x00000000d5580000,0x00000000db8895b0,0x00000000e1580000)
  from space 21504K, 99% used [0x00000000e2a80000,0x00000000e3f7e590,0x00000000e3f80000)
  to   space 21504K, 0% used [0x00000000e1580000,0x00000000e1580000,0x00000000e2a80000)
 ParOldGen       total 210944K, used 45271K [0x0000000080000000, 0x000000008ce00000, 0x00000000d5580000)
  object space 210944K, 21% used [0x0000000080000000,0x0000000082c35c18,0x000000008ce00000)
 Metaspace       used 75123K, capacity 78654K, committed 78936K, reserved 1118208K
  class space    used 9913K, capacity 10568K, committed 10624K, reserved 1048576K

Card table byte_map: [0x0000000011d10000,0x0000000012120000] byte_map_base: 0x0000000011910000

Marking Bits: (ParMarkBitMap*) 0x000000005cf550b0
 Begin Bits: [0x0000000012dd0000, 0x0000000014dd0000)
 End Bits:   [0x0000000014dd0000, 0x0000000016dd0000)

Polling page: 0x00000000008d0000

CodeCache: size=245760Kb used=27489Kb max_used=27849Kb free=218270Kb
 bounds [0x0000000002950000, 0x00000000044c0000, 0x0000000011950000]
 total_blobs=9670 nmethods=8806 adapters=777
 compilation: enabled

Compilation events (10 events):
Event: 16.945 Thread 0x00000000192c9000 10099       3       org.gradle.api.internal.artifacts.ivyservice.resolveengine.artifact.ArtifactBackedResolvedVariant$SingleArtifactSet::startVisit (62 bytes)
Event: 16.946 Thread 0x00000000192c9000 nmethod 10099 0x0000000003402750 code [0x0000000003402920, 0x0000000003403018]
Event: 16.946 Thread 0x00000000192c9000 10100       3       org.gradle.api.internal.artifacts.DefaultResolvedArtifact::isResolveSynchronously (37 bytes)
Event: 16.946 Thread 0x00000000192c9000 nmethod 10100 0x0000000003d637d0 code [0x0000000003d63940, 0x0000000003d63d48]
Event: 16.946 Thread 0x00000000192c9000 10101       3       org.gradle.api.internal.artifacts.ivyservice.resolveengine.artifact.ArtifactBackedResolvedVariant$DownloadArtifactFile::<init> (20 bytes)
Event: 16.946 Thread 0x00000000192c9000 nmethod 10101 0x00000000033e32d0 code [0x00000000033e3420, 0x00000000033e3610]
Event: 16.946 Thread 0x00000000192c9000 10104       3       org.gradle.api.internal.artifacts.ivyservice.resolveengine.artifact.ArtifactBackedResolvedVariant$SingleArtifactSet::visit (48 bytes)
Event: 16.946 Thread 0x00000000192c9000 nmethod 10104 0x00000000035ae190 code [0x00000000035ae320, 0x00000000035ae728]
Event: 16.946 Thread 0x00000000192c9000 10105   !   3       java.io.BufferedWriter::write (55 bytes)
Event: 16.947 Thread 0x00000000192c9000 nmethod 10105 0x00000000034993d0 code [0x0000000003499580, 0x0000000003499ab8]

GC Heap History (10 events):
Event: 5.933 GC heap before
{Heap before GC invocations=7 (full 2):
 PSYoungGen      total 218112K, used 196608K [0x00000000d5580000, 0x00000000e4c00000, 0x0000000100000000)
  eden space 196608K, 100% used [0x00000000d5580000,0x00000000e1580000,0x00000000e1580000)
  from space 21504K, 0% used [0x00000000e2a80000,0x00000000e2a80000,0x00000000e3f80000)
  to   space 21504K, 0% used [0x00000000e1580000,0x00000000e1580000,0x00000000e2a80000)
 ParOldGen       total 210944K, used 16199K [0x0000000080000000, 0x000000008ce00000, 0x00000000d5580000)
  object space 210944K, 7% used [0x0000000080000000,0x0000000080fd1d98,0x000000008ce00000)
 Metaspace       used 50887K, capacity 52584K, committed 52824K, reserved 1095680K
  class space    used 6759K, capacity 7174K, committed 7296K, reserved 1048576K
Event: 5.949 GC heap after
Heap after GC invocations=7 (full 2):
 PSYoungGen      total 218112K, used 21473K [0x00000000d5580000, 0x00000000e4c00000, 0x0000000100000000)
  eden space 196608K, 0% used [0x00000000d5580000,0x00000000d5580000,0x00000000e1580000)
  from space 21504K, 99% used [0x00000000e1580000,0x00000000e2a78490,0x00000000e2a80000)
  to   space 21504K, 0% used [0x00000000e2a80000,0x00000000e2a80000,0x00000000e3f80000)
 ParOldGen       total 210944K, used 19117K [0x0000000080000000, 0x000000008ce00000, 0x00000000d5580000)
  object space 210944K, 9% used [0x0000000080000000,0x00000000812ab690,0x000000008ce00000)
 Metaspace       used 50887K, capacity 52584K, committed 52824K, reserved 1095680K
  class space    used 6759K, capacity 7174K, committed 7296K, reserved 1048576K
}
Event: 6.781 GC heap before
{Heap before GC invocations=8 (full 2):
 PSYoungGen      total 218112K, used 111818K [0x00000000d5580000, 0x00000000e4c00000, 0x0000000100000000)
  eden space 196608K, 45% used [0x00000000d5580000,0x00000000dadba5d8,0x00000000e1580000)
  from space 21504K, 99% used [0x00000000e1580000,0x00000000e2a78490,0x00000000e2a80000)
  to   space 21504K, 0% used [0x00000000e2a80000,0x00000000e2a80000,0x00000000e3f80000)
 ParOldGen       total 210944K, used 19117K [0x0000000080000000, 0x000000008ce00000, 0x00000000d5580000)
  object space 210944K, 9% used [0x0000000080000000,0x00000000812ab690,0x000000008ce00000)
 Metaspace       used 57002K, capacity 58962K, committed 59028K, reserved 1099776K
  class space    used 7703K, capacity 8182K, committed 8192K, reserved 1048576K
Event: 6.794 GC heap after
Heap after GC invocations=8 (full 2):
 PSYoungGen      total 218112K, used 21477K [0x00000000d5580000, 0x00000000e4c00000, 0x0000000100000000)
  eden space 196608K, 0% used [0x00000000d5580000,0x00000000d5580000,0x00000000e1580000)
  from space 21504K, 99% used [0x00000000e2a80000,0x00000000e3f79528,0x00000000e3f80000)
  to   space 21504K, 0% used [0x00000000e1580000,0x00000000e1580000,0x00000000e2a80000)
 ParOldGen       total 210944K, used 20991K [0x0000000080000000, 0x000000008ce00000, 0x00000000d5580000)
  object space 210944K, 9% used [0x0000000080000000,0x000000008147ff70,0x000000008ce00000)
 Metaspace       used 57002K, capacity 58962K, committed 59028K, reserved 1099776K
  class space    used 7703K, capacity 8182K, committed 8192K, reserved 1048576K
}
Event: 6.794 GC heap before
{Heap before GC invocations=9 (full 3):
 PSYoungGen      total 218112K, used 21477K [0x00000000d5580000, 0x00000000e4c00000, 0x0000000100000000)
  eden space 196608K, 0% used [0x00000000d5580000,0x00000000d5580000,0x00000000e1580000)
  from space 21504K, 99% used [0x00000000e2a80000,0x00000000e3f79528,0x00000000e3f80000)
  to   space 21504K, 0% used [0x00000000e1580000,0x00000000e1580000,0x00000000e2a80000)
 ParOldGen       total 210944K, used 20991K [0x0000000080000000, 0x000000008ce00000, 0x00000000d5580000)
  object space 210944K, 9% used [0x0000000080000000,0x000000008147ff70,0x000000008ce00000)
 Metaspace       used 57002K, capacity 58962K, committed 59028K, reserved 1099776K
  class space    used 7703K, capacity 8182K, committed 8192K, reserved 1048576K
Event: 6.972 GC heap after
Heap after GC invocations=9 (full 3):
 PSYoungGen      total 218112K, used 0K [0x00000000d5580000, 0x00000000e4c00000, 0x0000000100000000)
  eden space 196608K, 0% used [0x00000000d5580000,0x00000000d5580000,0x00000000e1580000)
  from space 21504K, 0% used [0x00000000e2a80000,0x00000000e2a80000,0x00000000e3f80000)
  to   space 21504K, 0% used [0x00000000e1580000,0x00000000e1580000,0x00000000e2a80000)
 ParOldGen       total 210944K, used 35709K [0x0000000080000000, 0x000000008ce00000, 0x00000000d5580000)
  object space 210944K, 16% used [0x0000000080000000,0x00000000822df590,0x000000008ce00000)
 Metaspace       used 56956K, capacity 58806K, committed 59028K, reserved 1099776K
  class space    used 7689K, capacity 8156K, committed 8192K, reserved 1048576K
}
Event: 14.888 GC heap before
{Heap before GC invocations=10 (full 3):
 PSYoungGen      total 218112K, used 196608K [0x00000000d5580000, 0x00000000e4c00000, 0x0000000100000000)
  eden space 196608K, 100% used [0x00000000d5580000,0x00000000e1580000,0x00000000e1580000)
  from space 21504K, 0% used [0x00000000e2a80000,0x00000000e2a80000,0x00000000e3f80000)
  to   space 21504K, 0% used [0x00000000e1580000,0x00000000e1580000,0x00000000e2a80000)
 ParOldGen       total 210944K, used 35709K [0x0000000080000000, 0x000000008ce00000, 0x00000000d5580000)
  object space 210944K, 16% used [0x0000000080000000,0x00000000822df590,0x000000008ce00000)
 Metaspace       used 67784K, capacity 70204K, committed 70360K, reserved 1110016K
  class space    used 9058K, capacity 9637K, committed 9728K, reserved 1048576K
Event: 14.898 GC heap after
Heap after GC invocations=10 (full 3):
 PSYoungGen      total 218112K, used 18059K [0x00000000d5580000, 0x00000000e4c00000, 0x0000000100000000)
  eden space 196608K, 0% used [0x00000000d5580000,0x00000000d5580000,0x00000000e1580000)
  from space 21504K, 83% used [0x00000000e1580000,0x00000000e2722c78,0x00000000e2a80000)
  to   space 21504K, 0% used [0x00000000e2a80000,0x00000000e2a80000,0x00000000e3f80000)
 ParOldGen       total 210944K, used 35717K [0x0000000080000000, 0x000000008ce00000, 0x00000000d5580000)
  object space 210944K, 16% used [0x0000000080000000,0x00000000822e1590,0x000000008ce00000)
 Metaspace       used 67784K, capacity 70204K, committed 70360K, reserved 1110016K
  class space    used 9058K, capacity 9637K, committed 9728K, reserved 1048576K
}
Event: 16.462 GC heap before
{Heap before GC invocations=11 (full 3):
 PSYoungGen      total 218112K, used 214667K [0x00000000d5580000, 0x00000000e4c00000, 0x0000000100000000)
  eden space 196608K, 100% used [0x00000000d5580000,0x00000000e1580000,0x00000000e1580000)
  from space 21504K, 83% used [0x00000000e1580000,0x00000000e2722c78,0x00000000e2a80000)
  to   space 21504K, 0% used [0x00000000e2a80000,0x00000000e2a80000,0x00000000e3f80000)
 ParOldGen       total 210944K, used 35721K [0x0000000080000000, 0x000000008ce00000, 0x00000000d5580000)
  object space 210944K, 16% used [0x0000000080000000,0x00000000822e25a0,0x000000008ce00000)
 Metaspace       used 74245K, capacity 77782K, committed 77912K, reserved 1116160K
  class space    used 9832K, capacity 10518K, committed 10624K, reserved 1048576K
Event: 16.480 GC heap after
Heap after GC invocations=11 (full 3):
 PSYoungGen      total 218112K, used 21497K [0x00000000d5580000, 0x00000000e4c00000, 0x0000000100000000)
  eden space 196608K, 0% used [0x00000000d5580000,0x00000000d5580000,0x00000000e1580000)
  from space 21504K, 99% used [0x00000000e2a80000,0x00000000e3f7e590,0x00000000e3f80000)
  to   space 21504K, 0% used [0x00000000e1580000,0x00000000e1580000,0x00000000e2a80000)
 ParOldGen       total 210944K, used 45271K [0x0000000080000000, 0x000000008ce00000, 0x00000000d5580000)
  object space 210944K, 21% used [0x0000000080000000,0x0000000082c35c18,0x000000008ce00000)
 Metaspace       used 74245K, capacity 77782K, committed 77912K, reserved 1116160K
  class space    used 9832K, capacity 10518K, committed 10624K, reserved 1048576K
}

Deoptimization events (10 events):
Event: 16.371 Thread 0x000000001cd25800 Uncommon trap: reason=unstable_if action=reinterpret pc=0x00000000034f3314 method=com.esotericsoftware.kryo.io.Output.writeString(Ljava/lang/CharSequence;)V @ 50
Event: 16.372 Thread 0x000000001cd25800 Uncommon trap: reason=unstable_if action=reinterpret pc=0x0000000004163244 method=java.io.BufferedOutputStream.write([BII)V @ 6
Event: 16.378 Thread 0x000000001f9c1000 Uncommon trap: reason=unstable_if action=reinterpret pc=0x0000000003500180 method=java.nio.Buffer.limit(I)Ljava/nio/Buffer; @ 33
Event: 16.396 Thread 0x0000000020521800 Uncommon trap: reason=class_check action=maybe_recompile pc=0x0000000004235194 method=com.google.common.base.CharMatcher.indexIn(Ljava/lang/CharSequence;I)I @ 31
Event: 16.396 Thread 0x0000000020521800 Uncommon trap: reason=class_check action=maybe_recompile pc=0x0000000004235194 method=com.google.common.base.CharMatcher.indexIn(Ljava/lang/CharSequence;I)I @ 31
Event: 16.401 Thread 0x0000000020521800 Uncommon trap: reason=class_check action=maybe_recompile pc=0x0000000004235194 method=com.google.common.base.CharMatcher.indexIn(Ljava/lang/CharSequence;I)I @ 31
Event: 16.401 Thread 0x0000000020521800 Uncommon trap: reason=class_check action=maybe_recompile pc=0x0000000004235194 method=com.google.common.base.CharMatcher.indexIn(Ljava/lang/CharSequence;I)I @ 31
Event: 16.643 Thread 0x000000001f9c1000 Uncommon trap: reason=predicate action=maybe_recompile pc=0x0000000004367500 method=java.util.TimSort.binarySort([Ljava/lang/Object;IIILjava/util/Comparator;)V @ 37
Event: 16.893 Thread 0x000000001cd2b800 Uncommon trap: reason=array_check action=maybe_recompile pc=0x000000000447d6d4 method=java.util.TimSort.binarySort([Ljava/lang/Object;IIILjava/util/Comparator;)V @ 193
Event: 16.940 Thread 0x000000001cd2b800 Uncommon trap: reason=array_check action=maybe_recompile pc=0x000000000447d6d4 method=java.util.TimSort.binarySort([Ljava/lang/Object;IIILjava/util/Comparator;)V @ 193

Classes redefined (0 events):
No events

Internal exceptions (10 events):
Event: 15.873 Thread 0x000000001cd2a800 Exception <a 'java/lang/NoSuchMethodError': java.lang.Object.lambda$identity$2(Ljava/lang/Object;)Ljava/lang/Object;> (0x00000000da198d28) thrown at [C:\ws\UTv\Corretto8Src\installers\windows\zip\corretto-build\buildRoot\src\hotspot\src\share\vm\interpret
Event: 15.873 Thread 0x000000001f9be800 Exception <a 'java/lang/NoSuchMethodError': java.lang.Object.lambda$identity$2(Ljava/lang/Object;)Ljava/lang/Object;> (0x00000000da03ebe0) thrown at [C:\ws\UTv\Corretto8Src\installers\windows\zip\corretto-build\buildRoot\src\hotspot\src\share\vm\interpret
Event: 15.873 Thread 0x000000001f9bc800 Exception <a 'java/lang/NoSuchMethodError': java.lang.Object.lambda$identity$2(Ljava/lang/Object;)Ljava/lang/Object;> (0x00000000da00ccf8) thrown at [C:\ws\UTv\Corretto8Src\installers\windows\zip\corretto-build\buildRoot\src\hotspot\src\share\vm\interpret
Event: 15.931 Thread 0x000000001f9bb800 Implicit null exception at 0x00000000040298a3 to 0x0000000004029d91
Event: 15.931 Thread 0x000000001cbea000 Implicit null exception at 0x00000000040298a3 to 0x0000000004029d91
Event: 15.931 Thread 0x0000000020520800 Implicit null exception at 0x00000000040298a3 to 0x0000000004029d91
Event: 15.931 Thread 0x000000001f9be800 Implicit null exception at 0x00000000040298a3 to 0x0000000004029d91
Event: 16.225 Thread 0x000000001f9c1000 Exception <a 'sun/nio/fs/WindowsException'> (0x00000000de54e9a8) thrown at [C:\ws\UTv\Corretto8Src\installers\windows\zip\corretto-build\buildRoot\src\hotspot\src\share\vm\prims\jni.cpp, line 710]
Event: 16.941 Thread 0x000000001cd2b800 Exception <a 'sun/nio/fs/WindowsException'> (0x00000000db78c1e0) thrown at [C:\ws\UTv\Corretto8Src\installers\windows\zip\corretto-build\buildRoot\src\hotspot\src\share\vm\prims\jni.cpp, line 710]
Event: 16.942 Thread 0x000000001cd2b800 Exception <a 'sun/nio/fs/WindowsException'> (0x00000000db78d280) thrown at [C:\ws\UTv\Corretto8Src\installers\windows\zip\corretto-build\buildRoot\src\hotspot\src\share\vm\prims\jni.cpp, line 710]

Events (10 events):
Event: 16.947 loading class com/android/ide/common/workers/WorkerExecutorFacade$IsolationMode
Event: 16.947 loading class com/android/ide/common/workers/WorkerExecutorFacade$IsolationMode done
Event: 16.947 loading class com/android/ide/common/workers/WorkerExecutorFacade$Configuration
Event: 16.947 loading class com/android/ide/common/workers/WorkerExecutorFacade$Configuration done
Event: 16.948 loading class com/android/build/gradle/internal/tasks/Workers$ActionParameters
Event: 16.948 loading class com/android/build/gradle/internal/tasks/Workers$ActionParameters done
Event: 16.949 loading class com/android/build/gradle/internal/profile/WorkerProfilingRecord
Event: 16.949 loading class com/android/build/gradle/internal/profile/WorkerProfilingRecord done
Event: 16.950 loading class com/android/build/gradle/internal/tasks/Workers$ActionFacade
Event: 16.950 loading class com/android/build/gradle/internal/tasks/Workers$ActionFacade done


Dynamic libraries:
0x00007ff7f9bb0000 - 0x00007ff7f9be5000 	C:\Program Files\Amazon Corretto\jdk1.8.0_252\bin\java.exe
0x00007ff9f93c0000 - 0x00007ff9f95b0000 	C:\Windows\SYSTEM32\ntdll.dll
0x00007ff9f9290000 - 0x00007ff9f9342000 	C:\Windows\System32\KERNEL32.DLL
0x00007ff9f6c00000 - 0x00007ff9f6ea4000 	C:\Windows\System32\KERNELBASE.dll
0x00007ff9f8020000 - 0x00007ff9f80c3000 	C:\Windows\System32\ADVAPI32.dll
0x00007ff9f8270000 - 0x00007ff9f830e000 	C:\Windows\System32\msvcrt.dll
0x00007ff9f7650000 - 0x00007ff9f76e7000 	C:\Windows\System32\sechost.dll
0x00007ff9f7760000 - 0x00007ff9f7880000 	C:\Windows\System32\RPCRT4.dll
0x00007ff9f80d0000 - 0x00007ff9f8265000 	C:\Windows\System32\USER32.dll
0x00007ff9f6ba0000 - 0x00007ff9f6bc1000 	C:\Windows\System32\win32u.dll
0x00007ff9f9350000 - 0x00007ff9f9376000 	C:\Windows\System32\GDI32.dll
0x00007ff9f71b0000 - 0x00007ff9f7346000 	C:\Windows\System32\gdi32full.dll
0x00007ff9f73d0000 - 0x00007ff9f746e000 	C:\Windows\System32\msvcp_win.dll
0x00007ff9f6eb0000 - 0x00007ff9f6faa000 	C:\Windows\System32\ucrtbase.dll
0x00007ff9e5770000 - 0x00007ff9e59f4000 	C:\Windows\WinSxS\amd64_microsoft.windows.common-controls_6595b64144ccf1df_6.0.18362.1016_none_9e7a36bbe461dae4\COMCTL32.dll
0x00007ff9f8a80000 - 0x00007ff9f8db5000 	C:\Windows\System32\combase.dll
0x00007ff9f7350000 - 0x00007ff9f73d0000 	C:\Windows\System32\bcryptPrimitives.dll
0x00007ff9f7ff0000 - 0x00007ff9f801e000 	C:\Windows\System32\IMM32.DLL
0x000000005f500000 - 0x000000005f5d2000 	C:\Program Files\Amazon Corretto\jdk1.8.0_252\jre\bin\msvcr100.dll
0x000000005c780000 - 0x000000005cfd1000 	C:\Program Files\Amazon Corretto\jdk1.8.0_252\jre\bin\server\jvm.dll
0x00007ff9f7470000 - 0x00007ff9f7478000 	C:\Windows\System32\PSAPI.DLL
0x00007ff9ebc70000 - 0x00007ff9ebc7a000 	C:\Windows\SYSTEM32\VERSION.dll
0x00007ff9f3d00000 - 0x00007ff9f3d24000 	C:\Windows\SYSTEM32\WINMM.dll
0x00007ff9f0fe0000 - 0x00007ff9f0fe9000 	C:\Windows\SYSTEM32\WSOCK32.dll
0x00007ff9f8580000 - 0x00007ff9f85ef000 	C:\Windows\System32\WS2_32.dll
0x00007ff9f3b40000 - 0x00007ff9f3b6d000 	C:\Windows\SYSTEM32\winmmbase.dll
0x00007ff9f6fb0000 - 0x00007ff9f6ffa000 	C:\Windows\System32\cfgmgr32.dll
0x00007ff9f3ba0000 - 0x00007ff9f3baf000 	C:\Program Files\Amazon Corretto\jdk1.8.0_252\jre\bin\verify.dll
0x00007ff9f2000000 - 0x00007ff9f2029000 	C:\Program Files\Amazon Corretto\jdk1.8.0_252\jre\bin\java.dll
0x00007ff9f1fe0000 - 0x00007ff9f1ff6000 	C:\Program Files\Amazon Corretto\jdk1.8.0_252\jre\bin\zip.dll
0x00007ff9f7900000 - 0x00007ff9f7fe7000 	C:\Windows\System32\SHELL32.dll
0x00007ff9f89d0000 - 0x00007ff9f8a79000 	C:\Windows\System32\shcore.dll
0x00007ff9f6340000 - 0x00007ff9f6ac2000 	C:\Windows\System32\windows.storage.dll
0x00007ff9f62c0000 - 0x00007ff9f62e3000 	C:\Windows\System32\profapi.dll
0x00007ff9f62f0000 - 0x00007ff9f633a000 	C:\Windows\System32\powrprof.dll
0x00007ff9f6270000 - 0x00007ff9f6280000 	C:\Windows\System32\UMPDC.dll
0x00007ff9f8450000 - 0x00007ff9f84a2000 	C:\Windows\System32\shlwapi.dll
0x00007ff9f6280000 - 0x00007ff9f6291000 	C:\Windows\System32\kernel.appcore.dll
0x00007ff9f6b80000 - 0x00007ff9f6b97000 	C:\Windows\System32\cryptsp.dll
0x00007ff9f12a0000 - 0x00007ff9f12ba000 	C:\Program Files\Amazon Corretto\jdk1.8.0_252\jre\bin\net.dll
0x00007ff9f5a80000 - 0x00007ff9f5ae7000 	C:\Windows\system32\mswsock.dll
0x00007ff9f1200000 - 0x00007ff9f1212000 	C:\Program Files\Amazon Corretto\jdk1.8.0_252\jre\bin\nio.dll
0x00007ff9ee500000 - 0x00007ff9ee526000 	C:\Users\evbri\.gradle\native\31\windows-amd64\native-platform.dll
0x00007ff9f1fd0000 - 0x00007ff9f1fdd000 	C:\Program Files\Amazon Corretto\jdk1.8.0_252\jre\bin\management.dll
0x00007ff9f5600000 - 0x00007ff9f5633000 	C:\Windows\system32\rsaenh.dll
0x00007ff9f6bd0000 - 0x00007ff9f6bf6000 	C:\Windows\System32\bcrypt.dll
0x00007ff9f6190000 - 0x00007ff9f61b5000 	C:\Windows\SYSTEM32\USERENV.dll
0x00007ff9f5c00000 - 0x00007ff9f5c0c000 	C:\Windows\SYSTEM32\CRYPTBASE.dll
0x00007ff9f57a0000 - 0x00007ff9f57da000 	C:\Windows\SYSTEM32\IPHLPAPI.DLL
0x00007ff9f89c0000 - 0x00007ff9f89c8000 	C:\Windows\System32\NSI.dll
0x00007ff9f0250000 - 0x00007ff9f0266000 	C:\Windows\SYSTEM32\dhcpcsvc6.DLL
0x00007ff9f01e0000 - 0x00007ff9f01fc000 	C:\Windows\SYSTEM32\dhcpcsvc.DLL
0x00007ff9f57e0000 - 0x00007ff9f58ab000 	C:\Windows\SYSTEM32\DNSAPI.dll
0x00007ff9e4bd0000 - 0x00007ff9e4bf4000 	C:\Program Files\Amazon Corretto\jdk1.8.0_252\jre\bin\sunec.dll
0x00007ff9ebdf0000 - 0x00007ff9ebdfa000 	C:\Windows\System32\rasadhlp.dll
0x00007ff9efa20000 - 0x00007ff9efa97000 	C:\Windows\System32\fwpuclnt.dll
0x00007ff9f17d0000 - 0x00007ff9f17dc000 	C:\Program Files\Amazon Corretto\jdk1.8.0_252\jre\bin\sunmscapi.dll
0x00007ff9f7000000 - 0x00007ff9f7149000 	C:\Windows\System32\CRYPT32.dll
0x00007ff9f62a0000 - 0x00007ff9f62b2000 	C:\Windows\System32\MSASN1.dll
0x00007ff9f5d40000 - 0x00007ff9f5d66000 	C:\Windows\SYSTEM32\ncrypt.dll
0x00007ff9f5d00000 - 0x00007ff9f5d3b000 	C:\Windows\SYSTEM32\NTASN1.dll

VM Arguments:
jvm_args: -Xmx2048m -Dfile.encoding=windows-1252 -Duser.country=IE -Duser.language=en -Duser.variant 
java_command: org.gradle.launcher.daemon.bootstrap.GradleDaemon 6.1.1
java_class_path (initial): C:\Users\evbri\.gradle\wrapper\dists\gradle-6.1.1-all\cfmwm155h49vnt3hynmlrsdst\gradle-6.1.1\lib\gradle-launcher-6.1.1.jar
Launcher Type: SUN_STANDARD

Environment Variables:
JAVA_HOME=C:\Program Files\Amazon Corretto\jdk1.8.0_252
PATH=C:\Program Files (x86)\NVIDIA Corporation\PhysX\Common;C:\Program Files\Amazon Corretto\jdk1.8.0_252\bin;C:\Program Files (x86)\Python38-32\Scripts\;C:\Program Files (x86)\Python38-32\;C:\Program Files\ImageMagick-7.0.9-Q16;C:\Python38\Scripts\;C:\Python38\;C:\Program Files (x86)\Common Files\Oracle\Java\javapath;C:\Windows\system32;C:\Windows;C:\Windows\System32\Wbem;C:\Windows\System32\WindowsPowerShell\v1.0\;C:\Windows\System32\OpenSSH\;C:\Program Files\WIDCOMM\Bluetooth Software\;C:\Program Files\WIDCOMM\Bluetooth Software\syswow64;C:\ProgramData\chocolatey\bin;C:\Program Files\Git\cmd;C:\Program Files\nodejs\;C:\ProgramData\nvm;C:\Program Files\nodejs;C:\Program Files (x86)\Yarn\bin\;C:\Users\evbri\Maven\apache-maven-3.6.3\bin;C:\Program Files\Amazon Corretto\jdk1.8.0_252\bin;C:\Users\evbri\AppData\Local\Android\Sdk;C:\Users\evbri\AppData\Local\Android\Sdk\platform-tools;C:\Program Files\dotnet\;C:\Program Files\Microsoft SQL Server\130\Tools\Binn\;F:\Program Files (x86)\IncrediBuild;C:\Program Files (x86)\Microsoft Emulator Manager\1.0\;C:\Program Files\Docker\Docker\resources\bin;C:\ProgramData\DockerDesktop\version-bin;C:\Users\evbri\AppData\Local\Microsoft\WindowsApps;C:\Program Files\JetBrains\IntelliJ IDEA 2019.2.4\bin;;C:\Program Files (x86)\Nmap;C:\Users\evbri\AppData\Roaming\npm;C:\Users\evbri\AppData\Local\Programs\Microsoft VS Code\bin;C:\Users\evbri\AppData\Local\Yarn\bin;;C:\Users\evbri\AppData\Local\Programs\Fiddler;C:\Users\evbri\.dotnet\tools
USERNAME=evbri
OS=Windows_NT
PROCESSOR_IDENTIFIER=AMD64 Family 23 Model 8 Stepping 2, AuthenticAMD



---------------  S Y S T E M  ---------------

OS: Windows 10.0 , 64 bit Build 18362 (10.0.18362.959)

CPU:total 12 (initial active 12) (12 cores per cpu, 1 threads per core) family 23 model 8 stepping 2, cmov, cx8, fxsr, mmx, sse, sse2, sse3, ssse3, sse4.1, sse4.2, popcnt, avx, avx2, aes, clmul, mmxext, 3dnowpref, lzcnt, sse4a, tsc, tscinvbit, tscinv, bmi1

Memory: 4k page, physical 33487044k(5816856k free), swap 62708288k(5156k free)

vm_info: OpenJDK 64-Bit Server VM (25.252-b09) for windows-amd64 JRE (1.8.0_252-b09), built on Apr 17 2020 18:10:37 by "Administrator" with MS VC++ 10.0 (VS2010)

time: Sat Sep 12 22:30:36 2020
timezone: GMT Summer Time
elapsed time: 16 seconds (0d 0h 0m 16s)

