#
# There is insufficient memory for the Java Runtime Environment to continue.
# Native memory allocation (malloc) failed to allocate 65552 bytes for Chunk::new
# Possible reasons:
#   The system is out of physical RAM or swap space
#   The process is running with CompressedOops enabled, and the Java Heap may be blocking the growth of the native heap
# Possible solutions:
#   Reduce memory load on the system
#   Increase physical memory or swap space
#   Check if swap backing store is full
#   Decrease Java heap size (-Xmx/-Xms)
#   Decrease number of Java threads
#   Decrease Java thread stack sizes (-Xss)
#   Set larger code cache with -XX:ReservedCodeCacheSize=
#   JVM is running with Unscaled Compressed Oops mode in which the Java heap is
#     placed in the first 4GB address space. The Java Heap base address is the
#     maximum limit for the native heap growth. Please use -XX:HeapBaseMinAddress
#     to set the Java Heap base and to place the Java Heap above 4GB virtual address.
# This output file may be truncated or incomplete.
#
#  Out of Memory Error (allocation.cpp:389), pid=30648, tid=0x0000000000000f74
#
# JRE version: OpenJDK Runtime Environment (8.0_252-b09) (build 1.8.0_252-b09)
# Java VM: OpenJDK 64-Bit Server VM (25.252-b09 mixed mode windows-amd64 compressed oops)
# Failed to write core dump. Minidumps are not enabled by default on client versions of Windows
#

---------------  T H R E A D  ---------------

Current thread (0x0000000019c23800):  JavaThread "C2 CompilerThread2" daemon [_thread_in_native, id=3956, stack(0x000000001b460000,0x000000001b560000)]

Stack: [0x000000001b460000,0x000000001b560000]
[error occurred during error reporting (printing stack bounds), id 0xc0000005]

Native frames: (J=compiled Java code, j=interpreted, Vv=VM code, C=native code)


Current CompileTask:
C2:   7059 5423       4       java.beans.Introspector::addMethod (196 bytes)


---------------  P R O C E S S  ---------------

Java Threads: ( => current thread )
  0x0000000020646000 JavaThread "Cache worker for Build Output Cleanup Cache (C:\Users\evbri\AndroidStudioProjects\RailApp\.gradle\buildOutputCleanup)" [_thread_blocked, id=10128, stack(0x0000000024e20000,0x0000000024f20000)]
  0x000000002064b800 JavaThread "Build operations Thread 12" [_thread_blocked, id=21536, stack(0x0000000024d20000,0x0000000024e20000)]
  0x000000002064b000 JavaThread "Build operations Thread 11" [_thread_blocked, id=31380, stack(0x0000000024c20000,0x0000000024d20000)]
  0x0000000020647800 JavaThread "Build operations Thread 10" [_thread_blocked, id=12944, stack(0x0000000024b20000,0x0000000024c20000)]
  0x000000002064a000 JavaThread "Build operations Thread 9" [_thread_blocked, id=16308, stack(0x0000000024a20000,0x0000000024b20000)]
  0x0000000020649000 JavaThread "Build operations Thread 8" [_thread_blocked, id=10832, stack(0x0000000024920000,0x0000000024a20000)]
  0x0000000020648800 JavaThread "Build operations Thread 7" [_thread_blocked, id=24132, stack(0x0000000024820000,0x0000000024920000)]
  0x000000002063e800 JavaThread "Build operations Thread 6" [_thread_blocked, id=29392, stack(0x0000000024720000,0x0000000024820000)]
  0x0000000020645800 JavaThread "Build operations Thread 5" [_thread_blocked, id=14404, stack(0x0000000024620000,0x0000000024720000)]
  0x000000002063e000 JavaThread "Build operations Thread 4" [_thread_blocked, id=28900, stack(0x0000000024520000,0x0000000024620000)]
  0x0000000020644800 JavaThread "Build operations Thread 3" [_thread_blocked, id=21660, stack(0x0000000024420000,0x0000000024520000)]
  0x0000000020644000 JavaThread "Build operations Thread 2" [_thread_blocked, id=9924, stack(0x0000000024320000,0x0000000024420000)]
  0x0000000020642800 JavaThread "Build operations" [_thread_blocked, id=22576, stack(0x0000000023d50000,0x0000000023e50000)]
  0x000000001d37a800 JavaThread "Cache worker for execution history cache (C:\Users\evbri\.gradle\caches\6.1.1\executionHistory)" [_thread_blocked, id=3640, stack(0x0000000022280000,0x0000000022380000)]
  0x000000001d37a000 JavaThread "Cache worker for cache directory md-rule (C:\Users\evbri\.gradle\caches\6.1.1\md-rule)" [_thread_blocked, id=23968, stack(0x0000000022180000,0x0000000022280000)]
  0x000000001d37f000 JavaThread "Cache worker for cache directory md-supplier (C:\Users\evbri\.gradle\caches\6.1.1\md-supplier)" [_thread_blocked, id=20044, stack(0x0000000021a20000,0x0000000021b20000)]
  0x000000001d37c000 JavaThread "Cache worker for file hash cache (C:\Users\evbri\AndroidStudioProjects\RailApp\.gradle\6.1.1\fileHashes)" [_thread_blocked, id=11744, stack(0x0000000021c80000,0x0000000021d80000)]
  0x000000001d37b800 JavaThread "Cache worker for checksums cache (C:\Users\evbri\AndroidStudioProjects\RailApp\.gradle\checksums)" [_thread_blocked, id=16368, stack(0x0000000021b80000,0x0000000021c80000)]
  0x000000001d380800 JavaThread "Cache worker for file hash cache (C:\Users\evbri\.gradle\caches\6.1.1\fileHashes)" [_thread_blocked, id=19592, stack(0x000000001f780000,0x000000001f880000)]
  0x000000001d380000 JavaThread "File lock request listener" [_thread_in_native, id=31508, stack(0x000000001f680000,0x000000001f780000)]
  0x000000001d60a000 JavaThread "Cache worker for journal cache (C:\Users\evbri\.gradle\caches\journal-1)" [_thread_blocked, id=9604, stack(0x000000001f580000,0x000000001f680000)]
  0x000000001d50d800 JavaThread "Thread-9" [_thread_blocked, id=19936, stack(0x000000001f280000,0x000000001f380000)]
  0x000000001d39d000 JavaThread "Stdin handler" [_thread_blocked, id=11424, stack(0x000000001f180000,0x000000001f280000)]
  0x000000001d39c000 JavaThread "Asynchronous log dispatcher for DefaultDaemonConnection: socket connection from /127.0.0.1:57553 to /127.0.0.1:57554" [_thread_blocked, id=24472, stack(0x000000001f080000,0x000000001f180000)]
  0x000000001d398000 JavaThread "Daemon worker" [_thread_in_vm, id=21464, stack(0x000000001ef80000,0x000000001f080000)]
  0x000000001d42e800 JavaThread "Cancel handler" [_thread_blocked, id=4432, stack(0x000000001ed80000,0x000000001ee80000)]
  0x000000001d4ba800 JavaThread "Handler for socket connection from /127.0.0.1:57553 to /127.0.0.1:57554" [_thread_in_native, id=27272, stack(0x000000001ea80000,0x000000001eb80000)]
  0x000000001d3a4000 JavaThread "Daemon" [_thread_blocked, id=18324, stack(0x000000001e980000,0x000000001ea80000)]
  0x000000001d3aa800 JavaThread "Daemon periodic checks" [_thread_blocked, id=27588, stack(0x000000001e880000,0x000000001e980000)]
  0x000000001d35b000 JavaThread "Incoming local TCP Connector on port 57553" [_thread_in_native, id=27204, stack(0x000000001e640000,0x000000001e740000)]
  0x000000001d2db000 JavaThread "Daemon health stats" [_thread_blocked, id=8368, stack(0x000000001e000000,0x000000001e100000)]
  0x0000000019cb9000 JavaThread "Service Thread" daemon [_thread_blocked, id=30156, stack(0x000000001b660000,0x000000001b760000)]
  0x0000000019c28800 JavaThread "C1 CompilerThread3" daemon [_thread_blocked, id=23976, stack(0x000000001b560000,0x000000001b660000)]
=>0x0000000019c23800 JavaThread "C2 CompilerThread2" daemon [_thread_in_native, id=3956, stack(0x000000001b460000,0x000000001b560000)]
  0x0000000019c1e800 JavaThread "C2 CompilerThread1" daemon [_thread_in_native, id=26788, stack(0x000000001b360000,0x000000001b460000)]
  0x0000000019c11800 JavaThread "C2 CompilerThread0" daemon [_thread_in_native, id=24196, stack(0x000000001b260000,0x000000001b360000)]
  0x0000000019c17800 JavaThread "Attach Listener" daemon [_thread_blocked, id=29188, stack(0x000000001b160000,0x000000001b260000)]
  0x0000000019c16800 JavaThread "Signal Dispatcher" daemon [_thread_blocked, id=5680, stack(0x000000001b060000,0x000000001b160000)]
  0x00000000032bc000 JavaThread "Finalizer" daemon [_thread_blocked, id=22928, stack(0x000000001ae60000,0x000000001af60000)]
  0x0000000019c03000 JavaThread "Reference Handler" daemon [_thread_blocked, id=28424, stack(0x000000001ad60000,0x000000001ae60000)]
  0x00000000031c2800 JavaThread "main" [_thread_blocked, id=31088, stack(0x0000000002fe0000,0x00000000030e0000)]

Other Threads:
  0x0000000018526000 VMThread [stack: 0x000000001ac60000,0x000000001ad60000] [id=22776]
  0x0000000019cb9800 WatcherThread [stack: 0x000000001b760000,0x000000001b860000] [id=15924]

VM state:not at safepoint (normal execution)

VM Mutex/Monitor currently owned by a thread: None

heap address: 0x0000000080000000, size: 2048 MB, Compressed Oops mode: 32-bit
Narrow klass base: 0x0000000000000000, Narrow klass shift: 3
Compressed class space size: 1073741824 Address: 0x0000000100000000

Heap:
 PSYoungGen      total 218624K, used 121948K [0x00000000d5580000, 0x00000000e8f00000, 0x0000000100000000)
  eden space 197120K, 50% used [0x00000000d5580000,0x00000000db799220,0x00000000e1600000)
  from space 21504K, 99% used [0x00000000e1600000,0x00000000e2afde00,0x00000000e2b00000)
  to   space 23040K, 0% used [0x00000000e7880000,0x00000000e7880000,0x00000000e8f00000)
 ParOldGen       total 326656K, used 18494K [0x0000000080000000, 0x0000000093f00000, 0x00000000d5580000)
  object space 326656K, 5% used [0x0000000080000000,0x000000008120fac0,0x0000000093f00000)
 Metaspace       used 56051K, capacity 58204K, committed 58408K, reserved 1099776K
  class space    used 7321K, capacity 7856K, committed 7976K, reserved 1048576K

Card table byte_map: [0x0000000012680000,0x0000000012a90000] byte_map_base: 0x0000000012280000

Marking Bits: (ParMarkBitMap*) 0x000000005cf550b0
 Begin Bits: [0x0000000013740000, 0x0000000015740000)
 End Bits:   [0x0000000015740000, 0x0000000017740000)

Polling page: 0x0000000000de0000

CodeCache: size=245760Kb used=17469Kb max_used=17469Kb free=228290Kb
 bounds [0x00000000032c0000, 0x00000000043e0000, 0x00000000122c0000]
 total_blobs=5718 nmethods=4925 adapters=706
 compilation: enabled

Compilation events (10 events):
Event: 7.044 Thread 0x0000000019c28800 5452   !   3       org.codehaus.groovy.reflection.CachedClass$3$1::run (29 bytes)
Event: 7.044 Thread 0x0000000019c28800 nmethod 5452 0x00000000043d7b50 code [0x00000000043d7d20, 0x00000000043d82c8]
Event: 7.050 Thread 0x0000000019c28800 5453       3       org.codehaus.groovy.reflection.CachedClass$1::initValue (50 bytes)
Event: 7.051 Thread 0x0000000019c28800 nmethod 5453 0x00000000043d8610 code [0x00000000043d87e0, 0x00000000043d9108]
Event: 7.051 Thread 0x0000000019c28800 5454       3       groovy.lang.MetaClassImpl::filterPropertyMethod (305 bytes)
Event: 7.052 Thread 0x0000000019c28800 nmethod 5454 0x00000000043d94d0 code [0x00000000043d97c0, 0x00000000043db268]
Event: 7.052 Thread 0x0000000019c28800 5455       1       org.gradle.internal.metaobject.BeanDynamicObject::access$300 (5 bytes)
Event: 7.052 Thread 0x0000000019c28800 nmethod 5455 0x00000000043aca50 code [0x00000000043acba0, 0x00000000043acc90]
Event: 7.055 Thread 0x0000000019c28800 5456       1       groovy.lang.Closure::getResolveStrategy (5 bytes)
Event: 7.055 Thread 0x0000000019c28800 nmethod 5456 0x00000000043dbb10 code [0x00000000043dbc60, 0x00000000043dbd70]

GC Heap History (10 events):
Event: 2.869 GC heap before
{Heap before GC invocations=3 (full 1):
 PSYoungGen      total 153088K, used 14369K [0x00000000d5580000, 0x00000000e8080000, 0x0000000100000000)
  eden space 131584K, 0% used [0x00000000d5580000,0x00000000d5580000,0x00000000dd600000)
  from space 21504K, 66% used [0x00000000deb00000,0x00000000df908550,0x00000000e0000000)
  to   space 21504K, 0% used [0x00000000dd600000,0x00000000dd600000,0x00000000deb00000)
 ParOldGen       total 349696K, used 24K [0x0000000080000000, 0x0000000095580000, 0x00000000d5580000)
  object space 349696K, 0% used [0x0000000080000000,0x0000000080006000,0x0000000095580000)
 Metaspace       used 20589K, capacity 21230K, committed 21296K, reserved 1067008K
  class space    used 2893K, capacity 3095K, committed 3120K, reserved 1048576K
Event: 2.899 GC heap after
Heap after GC invocations=3 (full 1):
 PSYoungGen      total 153088K, used 0K [0x00000000d5580000, 0x00000000e8080000, 0x0000000100000000)
  eden space 131584K, 0% used [0x00000000d5580000,0x00000000d5580000,0x00000000dd600000)
  from space 21504K, 0% used [0x00000000deb00000,0x00000000deb00000,0x00000000e0000000)
  to   space 21504K, 0% used [0x00000000dd600000,0x00000000dd600000,0x00000000deb00000)
 ParOldGen       total 208896K, used 13783K [0x0000000080000000, 0x000000008cc00000, 0x00000000d5580000)
  object space 208896K, 6% used [0x0000000080000000,0x0000000080d75e78,0x000000008cc00000)
 Metaspace       used 20589K, capacity 21230K, committed 21296K, reserved 1067008K
  class space    used 2893K, capacity 3095K, committed 3120K, reserved 1048576K
}
Event: 3.949 GC heap before
{Heap before GC invocations=4 (full 1):
 PSYoungGen      total 153088K, used 131584K [0x00000000d5580000, 0x00000000e8080000, 0x0000000100000000)
  eden space 131584K, 100% used [0x00000000d5580000,0x00000000dd600000,0x00000000dd600000)
  from space 21504K, 0% used [0x00000000deb00000,0x00000000deb00000,0x00000000e0000000)
  to   space 21504K, 0% used [0x00000000dd600000,0x00000000dd600000,0x00000000deb00000)
 ParOldGen       total 208896K, used 13783K [0x0000000080000000, 0x000000008cc00000, 0x00000000d5580000)
  object space 208896K, 6% used [0x0000000080000000,0x0000000080d75e78,0x000000008cc00000)
 Metaspace       used 32357K, capacity 33284K, committed 33328K, reserved 1077248K
  class space    used 4373K, capacity 4628K, committed 4656K, reserved 1048576K
Event: 3.959 GC heap after
Heap after GC invocations=4 (full 1):
 PSYoungGen      total 153088K, used 13703K [0x00000000d5580000, 0x00000000e4000000, 0x0000000100000000)
  eden space 131584K, 0% used [0x00000000d5580000,0x00000000d5580000,0x00000000dd600000)
  from space 21504K, 63% used [0x00000000dd600000,0x00000000de361d60,0x00000000deb00000)
  to   space 21504K, 0% used [0x00000000e2b00000,0x00000000e2b00000,0x00000000e4000000)
 ParOldGen       total 208896K, used 13791K [0x0000000080000000, 0x000000008cc00000, 0x00000000d5580000)
  object space 208896K, 6% used [0x0000000080000000,0x0000000080d77e78,0x000000008cc00000)
 Metaspace       used 32357K, capacity 33284K, committed 33328K, reserved 1077248K
  class space    used 4373K, capacity 4628K, committed 4656K, reserved 1048576K
}
Event: 4.256 GC heap before
{Heap before GC invocations=5 (full 1):
 PSYoungGen      total 153088K, used 54273K [0x00000000d5580000, 0x00000000e4000000, 0x0000000100000000)
  eden space 131584K, 30% used [0x00000000d5580000,0x00000000d7d1e958,0x00000000dd600000)
  from space 21504K, 63% used [0x00000000dd600000,0x00000000de361d60,0x00000000deb00000)
  to   space 21504K, 0% used [0x00000000e2b00000,0x00000000e2b00000,0x00000000e4000000)
 ParOldGen       total 208896K, used 13791K [0x0000000080000000, 0x000000008cc00000, 0x00000000d5580000)
  object space 208896K, 6% used [0x0000000080000000,0x0000000080d77e78,0x000000008cc00000)
 Metaspace       used 34404K, capacity 35382K, committed 35496K, reserved 1079296K
  class space    used 4671K, capacity 4941K, committed 5032K, reserved 1048576K
Event: 4.263 GC heap after
Heap after GC invocations=5 (full 1):
 PSYoungGen      total 218624K, used 9372K [0x00000000d5580000, 0x00000000e4980000, 0x0000000100000000)
  eden space 197120K, 0% used [0x00000000d5580000,0x00000000d5580000,0x00000000e1600000)
  from space 21504K, 43% used [0x00000000e2b00000,0x00000000e34271d8,0x00000000e4000000)
  to   space 21504K, 0% used [0x00000000e1600000,0x00000000e1600000,0x00000000e2b00000)
 ParOldGen       total 208896K, used 13799K [0x0000000080000000, 0x000000008cc00000, 0x00000000d5580000)
  object space 208896K, 6% used [0x0000000080000000,0x0000000080d79e78,0x000000008cc00000)
 Metaspace       used 34404K, capacity 35382K, committed 35496K, reserved 1079296K
  class space    used 4671K, capacity 4941K, committed 5032K, reserved 1048576K
}
Event: 4.263 GC heap before
{Heap before GC invocations=6 (full 2):
 PSYoungGen      total 218624K, used 9372K [0x00000000d5580000, 0x00000000e4980000, 0x0000000100000000)
  eden space 197120K, 0% used [0x00000000d5580000,0x00000000d5580000,0x00000000e1600000)
  from space 21504K, 43% used [0x00000000e2b00000,0x00000000e34271d8,0x00000000e4000000)
  to   space 21504K, 0% used [0x00000000e1600000,0x00000000e1600000,0x00000000e2b00000)
 ParOldGen       total 208896K, used 13799K [0x0000000080000000, 0x000000008cc00000, 0x00000000d5580000)
  object space 208896K, 6% used [0x0000000080000000,0x0000000080d79e78,0x000000008cc00000)
 Metaspace       used 34404K, capacity 35382K, committed 35496K, reserved 1079296K
  class space    used 4671K, capacity 4941K, committed 5032K, reserved 1048576K
Event: 4.302 GC heap after
Heap after GC invocations=6 (full 2):
 PSYoungGen      total 218624K, used 0K [0x00000000d5580000, 0x00000000e4980000, 0x0000000100000000)
  eden space 197120K, 0% used [0x00000000d5580000,0x00000000d5580000,0x00000000e1600000)
  from space 21504K, 0% used [0x00000000e2b00000,0x00000000e2b00000,0x00000000e4000000)
  to   space 21504K, 0% used [0x00000000e1600000,0x00000000e1600000,0x00000000e2b00000)
 ParOldGen       total 326656K, used 16801K [0x0000000080000000, 0x0000000093f00000, 0x00000000d5580000)
  object space 326656K, 5% used [0x0000000080000000,0x0000000081068640,0x0000000093f00000)
 Metaspace       used 34404K, capacity 35382K, committed 35496K, reserved 1079296K
  class space    used 4671K, capacity 4941K, committed 5032K, reserved 1048576K
}
Event: 6.183 GC heap before
{Heap before GC invocations=7 (full 2):
 PSYoungGen      total 218624K, used 197120K [0x00000000d5580000, 0x00000000e4980000, 0x0000000100000000)
  eden space 197120K, 100% used [0x00000000d5580000,0x00000000e1600000,0x00000000e1600000)
  from space 21504K, 0% used [0x00000000e2b00000,0x00000000e2b00000,0x00000000e4000000)
  to   space 21504K, 0% used [0x00000000e1600000,0x00000000e1600000,0x00000000e2b00000)
 ParOldGen       total 326656K, used 16801K [0x0000000080000000, 0x0000000093f00000, 0x00000000d5580000)
  object space 326656K, 5% used [0x0000000080000000,0x0000000081068640,0x0000000093f00000)
 Metaspace       used 48800K, capacity 50728K, committed 50984K, reserved 1093632K
  class space    used 6469K, capacity 6925K, committed 6952K, reserved 1048576K
Event: 6.200 GC heap after
Heap after GC invocations=7 (full 2):
 PSYoungGen      total 218624K, used 21495K [0x00000000d5580000, 0x00000000e8f00000, 0x0000000100000000)
  eden space 197120K, 0% used [0x00000000d5580000,0x00000000d5580000,0x00000000e1600000)
  from space 21504K, 99% used [0x00000000e1600000,0x00000000e2afde00,0x00000000e2b00000)
  to   space 23040K, 0% used [0x00000000e7880000,0x00000000e7880000,0x00000000e8f00000)
 ParOldGen       total 326656K, used 18494K [0x0000000080000000, 0x0000000093f00000, 0x00000000d5580000)
  object space 326656K, 5% used [0x0000000080000000,0x000000008120fac0,0x0000000093f00000)
 Metaspace       used 48800K, capacity 50728K, committed 50984K, reserved 1093632K
  class space    used 6469K, capacity 6925K, committed 6952K, reserved 1048576K
}

Deoptimization events (10 events):
Event: 6.751 Thread 0x000000001d398000 Uncommon trap: reason=unstable_if action=reinterpret pc=0x00000000040227e0 method=org.codehaus.groovy.runtime.metaclass.MetaMethodIndex.copyNonPrivateNonNewMetaMethods(Lorg/codehaus/groovy/runtime/metaclass/MetaMethodIndex$Entry;Lorg/codehaus/groovy/runti
Event: 6.751 Thread 0x000000001d398000 Uncommon trap: reason=unstable_if action=reinterpret pc=0x000000000408df00 method=groovy.lang.MetaClassImpl$1MOPIter.methodNameAction(Ljava/lang/Class;Lorg/codehaus/groovy/runtime/metaclass/MetaMethodIndex$Entry;)V @ 182
Event: 6.800 Thread 0x000000001d398000 Uncommon trap: reason=unstable_if action=reinterpret pc=0x00000000042a0d68 method=org.gradle.internal.service.DefaultServiceRegistry$OwnServices.getService(Ljava/lang/reflect/Type;)Lorg/gradle/internal/service/Service; @ 27
Event: 6.835 Thread 0x000000001d398000 Uncommon trap: reason=unstable_if action=reinterpret pc=0x0000000003681f84 method=java.lang.String.lastIndexOf([CII[CIII)I @ 17
Event: 6.835 Thread 0x000000001d398000 Uncommon trap: reason=unstable_if action=reinterpret pc=0x000000000427756c method=sun.net.www.protocol.jar.Handler.parseURL(Ljava/net/URL;Ljava/lang/String;II)V @ 116
Event: 6.924 Thread 0x000000001d398000 Uncommon trap: reason=unstable_if action=reinterpret pc=0x000000000428df40 method=java.util.concurrent.ConcurrentHashMap.addCount(JI)V @ 110
Event: 6.924 Thread 0x000000001d398000 Uncommon trap: reason=unstable_if action=reinterpret pc=0x0000000004228074 method=java.util.concurrent.ConcurrentHashMap.addCount(JI)V @ 110
Event: 6.924 Thread 0x000000001d398000 Uncommon trap: reason=unstable_if action=reinterpret pc=0x0000000004258574 method=sun.net.www.protocol.jar.Handler.parseURL(Ljava/net/URL;Ljava/lang/String;II)V @ 116
Event: 6.983 Thread 0x000000001d398000 Uncommon trap: reason=unstable_if action=reinterpret pc=0x0000000003a3cb0c method=java.util.WeakHashMap.expungeStaleEntries()V @ 66
Event: 7.051 Thread 0x000000001d398000 Uncommon trap: reason=unstable_if action=reinterpret pc=0x000000000436ff54 method=groovy.lang.MetaClassImpl.filterPropertyMethod(Ljava/lang/Object;ZZ)Ljava/lang/Object; @ 72

Classes redefined (0 events):
No events

Internal exceptions (10 events):
Event: 7.046 Thread 0x000000001d398000 Exception <a 'java/lang/ClassNotFoundException': com/android/build/gradle/internal/dsl/BuildType_DecoratedBeanInfo> (0x00000000db2c88f0) thrown at [C:\ws\UTv\Corretto8Src\installers\windows\zip\corretto-build\buildRoot\src\hotspot\src\share\vm\classfile\s
Event: 7.046 Thread 0x000000001d398000 Exception <a 'java/lang/ClassNotFoundException': com/android/build/gradle/internal/dsl/BuildTypeBeanInfo> (0x00000000db2e8938) thrown at [C:\ws\UTv\Corretto8Src\installers\windows\zip\corretto-build\buildRoot\src\hotspot\src\share\vm\classfile\systemDicti
Event: 7.047 Thread 0x000000001d398000 Exception <a 'java/lang/ClassNotFoundException': com/android/builder/core/AbstractBuildTypeBeanInfo> (0x00000000db306590) thrown at [C:\ws\UTv\Corretto8Src\installers\windows\zip\corretto-build\buildRoot\src\hotspot\src\share\vm\classfile\systemDictionary
Event: 7.047 Thread 0x000000001d398000 Exception <a 'java/lang/ClassNotFoundException': com/android/builder/core/AbstractBuildTypeCustomizer> (0x00000000db3256a0) thrown at [C:\ws\UTv\Corretto8Src\installers\windows\zip\corretto-build\buildRoot\src\hotspot\src\share\vm\classfile\systemDictiona
Event: 7.048 Thread 0x000000001d398000 Exception <a 'java/lang/ClassNotFoundException': com/android/build/gradle/internal/dsl/BuildTypeCustomizer> (0x00000000db360130) thrown at [C:\ws\UTv\Corretto8Src\installers\windows\zip\corretto-build\buildRoot\src\hotspot\src\share\vm\classfile\systemDic
Event: 7.049 Thread 0x000000001d398000 Exception <a 'java/lang/ClassNotFoundException': com/android/build/gradle/internal/dsl/BuildType_DecoratedCustomizer> (0x00000000db3c9580) thrown at [C:\ws\UTv\Corretto8Src\installers\windows\zip\corretto-build\buildRoot\src\hotspot\src\share\vm\classfile
Event: 7.052 Thread 0x000000001d398000 Exception <a 'java/lang/ClassNotFoundException': build_aofuzrpprvlninwpgdosxzhez$_run_closure1$_closure7BeanInfo> (0x00000000db49e250) thrown at [C:\ws\UTv\Corretto8Src\installers\windows\zip\corretto-build\buildRoot\src\hotspot\src\share\vm\classfile\sys
Event: 7.052 Thread 0x000000001d398000 Exception <a 'java/lang/ClassNotFoundException': build_aofuzrpprvlninwpgdosxzhez$_run_closure1$_closure7Customizer> (0x00000000db4b35a8) thrown at [C:\ws\UTv\Corretto8Src\installers\windows\zip\corretto-build\buildRoot\src\hotspot\src\share\vm\classfile\s
Event: 7.054 Thread 0x000000001d398000 Exception <a 'java/lang/ClassNotFoundException': build_aofuzrpprvlninwpgdosxzhez$_run_closure1BeanInfo> (0x00000000db4e7c50) thrown at [C:\ws\UTv\Corretto8Src\installers\windows\zip\corretto-build\buildRoot\src\hotspot\src\share\vm\classfile\systemDiction
Event: 7.054 Thread 0x000000001d398000 Exception <a 'java/lang/ClassNotFoundException': build_aofuzrpprvlninwpgdosxzhez$_run_closure1Customizer> (0x00000000db4fbeb0) thrown at [C:\ws\UTv\Corretto8Src\installers\windows\zip\corretto-build\buildRoot\src\hotspot\src\share\vm\classfile\systemDicti

Events (10 events):
Event: 7.054 loading class build_aofuzrpprvlninwpgdosxzhez$_run_closure1BeanInfo
Event: 7.054 loading class build_aofuzrpprvlninwpgdosxzhez$_run_closure1BeanInfo done
Event: 7.054 loading class build_aofuzrpprvlninwpgdosxzhez$_run_closure1Customizer
Event: 7.054 loading class build_aofuzrpprvlninwpgdosxzhez$_run_closure1Customizer done
Event: 7.054 loading class build_aofuzrpprvlninwpgdosxzhez$_run_closure1Customizer
Event: 7.054 loading class build_aofuzrpprvlninwpgdosxzhez$_run_closure1Customizer done
Event: 7.057 loading class groovy/runtime/metaclass/build_aofuzrpprvlninwpgdosxzhez$_run_closure2MetaClass
Event: 7.057 loading class groovy/runtime/metaclass/build_aofuzrpprvlninwpgdosxzhez$_run_closure2MetaClass done
Event: 7.058 loading class org/gradle/api/internal/file/collections/DefaultConfigurableFileTree
Event: 7.058 loading class org/gradle/api/internal/file/collections/DefaultConfigurableFileTree done


Dynamic libraries:
0x00007ff7f9bb0000 - 0x00007ff7f9be5000 	C:\Program Files\Amazon Corretto\jdk1.8.0_252\bin\java.exe
0x00007ff9f93c0000 - 0x00007ff9f95b0000 	C:\Windows\SYSTEM32\ntdll.dll
0x00007ff9f9290000 - 0x00007ff9f9342000 	C:\Windows\System32\KERNEL32.DLL
0x00007ff9f6c00000 - 0x00007ff9f6ea4000 	C:\Windows\System32\KERNELBASE.dll
0x00007ff9f8020000 - 0x00007ff9f80c3000 	C:\Windows\System32\ADVAPI32.dll
0x00007ff9f8270000 - 0x00007ff9f830e000 	C:\Windows\System32\msvcrt.dll
0x00007ff9f7650000 - 0x00007ff9f76e7000 	C:\Windows\System32\sechost.dll
0x00007ff9f7760000 - 0x00007ff9f7880000 	C:\Windows\System32\RPCRT4.dll
0x00007ff9f80d0000 - 0x00007ff9f8265000 	C:\Windows\System32\USER32.dll
0x00007ff9f6ba0000 - 0x00007ff9f6bc1000 	C:\Windows\System32\win32u.dll
0x00007ff9f9350000 - 0x00007ff9f9376000 	C:\Windows\System32\GDI32.dll
0x00007ff9f71b0000 - 0x00007ff9f7346000 	C:\Windows\System32\gdi32full.dll
0x00007ff9f73d0000 - 0x00007ff9f746e000 	C:\Windows\System32\msvcp_win.dll
0x00007ff9f6eb0000 - 0x00007ff9f6faa000 	C:\Windows\System32\ucrtbase.dll
0x00007ff9e5770000 - 0x00007ff9e59f4000 	C:\Windows\WinSxS\amd64_microsoft.windows.common-controls_6595b64144ccf1df_6.0.18362.1016_none_9e7a36bbe461dae4\COMCTL32.dll
0x00007ff9f8a80000 - 0x00007ff9f8db5000 	C:\Windows\System32\combase.dll
0x00007ff9f7350000 - 0x00007ff9f73d0000 	C:\Windows\System32\bcryptPrimitives.dll
0x00007ff9f7ff0000 - 0x00007ff9f801e000 	C:\Windows\System32\IMM32.DLL
0x000000005f500000 - 0x000000005f5d2000 	C:\Program Files\Amazon Corretto\jdk1.8.0_252\jre\bin\msvcr100.dll
0x000000005c780000 - 0x000000005cfd1000 	C:\Program Files\Amazon Corretto\jdk1.8.0_252\jre\bin\server\jvm.dll
0x00007ff9f7470000 - 0x00007ff9f7478000 	C:\Windows\System32\PSAPI.DLL
0x00007ff9ebc70000 - 0x00007ff9ebc7a000 	C:\Windows\SYSTEM32\VERSION.dll
0x00007ff9f3d00000 - 0x00007ff9f3d24000 	C:\Windows\SYSTEM32\WINMM.dll
0x00007ff9f3b40000 - 0x00007ff9f3b6d000 	C:\Windows\SYSTEM32\winmmbase.dll
0x00007ff9f0fe0000 - 0x00007ff9f0fe9000 	C:\Windows\SYSTEM32\WSOCK32.dll
0x00007ff9f6fb0000 - 0x00007ff9f6ffa000 	C:\Windows\System32\cfgmgr32.dll
0x00007ff9f8580000 - 0x00007ff9f85ef000 	C:\Windows\System32\WS2_32.dll
0x00007ff9f3ba0000 - 0x00007ff9f3baf000 	C:\Program Files\Amazon Corretto\jdk1.8.0_252\jre\bin\verify.dll
0x00007ff9f2000000 - 0x00007ff9f2029000 	C:\Program Files\Amazon Corretto\jdk1.8.0_252\jre\bin\java.dll
0x00007ff9f1fe0000 - 0x00007ff9f1ff6000 	C:\Program Files\Amazon Corretto\jdk1.8.0_252\jre\bin\zip.dll
0x00007ff9f7900000 - 0x00007ff9f7fe7000 	C:\Windows\System32\SHELL32.dll
0x00007ff9f89d0000 - 0x00007ff9f8a79000 	C:\Windows\System32\shcore.dll
0x00007ff9f6340000 - 0x00007ff9f6ac2000 	C:\Windows\System32\windows.storage.dll
0x00007ff9f62c0000 - 0x00007ff9f62e3000 	C:\Windows\System32\profapi.dll
0x00007ff9f62f0000 - 0x00007ff9f633a000 	C:\Windows\System32\powrprof.dll
0x00007ff9f6270000 - 0x00007ff9f6280000 	C:\Windows\System32\UMPDC.dll
0x00007ff9f8450000 - 0x00007ff9f84a2000 	C:\Windows\System32\shlwapi.dll
0x00007ff9f6280000 - 0x00007ff9f6291000 	C:\Windows\System32\kernel.appcore.dll
0x00007ff9f6b80000 - 0x00007ff9f6b97000 	C:\Windows\System32\cryptsp.dll
0x00007ff9f17e0000 - 0x00007ff9f17fa000 	C:\Program Files\Amazon Corretto\jdk1.8.0_252\jre\bin\net.dll
0x00007ff9f5a80000 - 0x00007ff9f5ae7000 	C:\Windows\system32\mswsock.dll
0x00007ff9f13c0000 - 0x00007ff9f13d2000 	C:\Program Files\Amazon Corretto\jdk1.8.0_252\jre\bin\nio.dll
0x00007ff9ee500000 - 0x00007ff9ee526000 	C:\Users\evbri\.gradle\native\31\windows-amd64\native-platform.dll
0x00007ff9f1fd0000 - 0x00007ff9f1fdd000 	C:\Program Files\Amazon Corretto\jdk1.8.0_252\jre\bin\management.dll
0x00007ff9f5600000 - 0x00007ff9f5633000 	C:\Windows\system32\rsaenh.dll
0x00007ff9f6bd0000 - 0x00007ff9f6bf6000 	C:\Windows\System32\bcrypt.dll
0x00007ff9f6190000 - 0x00007ff9f61b5000 	C:\Windows\SYSTEM32\USERENV.dll
0x00007ff9f5c00000 - 0x00007ff9f5c0c000 	C:\Windows\SYSTEM32\CRYPTBASE.dll
0x00007ff9f57a0000 - 0x00007ff9f57da000 	C:\Windows\SYSTEM32\IPHLPAPI.DLL
0x00007ff9f89c0000 - 0x00007ff9f89c8000 	C:\Windows\System32\NSI.dll
0x00007ff9f0250000 - 0x00007ff9f0266000 	C:\Windows\SYSTEM32\dhcpcsvc6.DLL
0x00007ff9f01e0000 - 0x00007ff9f01fc000 	C:\Windows\SYSTEM32\dhcpcsvc.DLL
0x00007ff9f57e0000 - 0x00007ff9f58ab000 	C:\Windows\SYSTEM32\DNSAPI.dll

VM Arguments:
jvm_args: -Xmx2048m -Dfile.encoding=windows-1252 -Duser.country=IE -Duser.language=en -Duser.variant 
java_command: org.gradle.launcher.daemon.bootstrap.GradleDaemon 6.1.1
java_class_path (initial): C:\Users\evbri\.gradle\wrapper\dists\gradle-6.1.1-all\cfmwm155h49vnt3hynmlrsdst\gradle-6.1.1\lib\gradle-launcher-6.1.1.jar
Launcher Type: SUN_STANDARD

Environment Variables:
JAVA_HOME=C:\Program Files\Amazon Corretto\jdk1.8.0_252
PATH=C:\Program Files (x86)\NVIDIA Corporation\PhysX\Common;C:\Program Files\Amazon Corretto\jdk1.8.0_252\bin;C:\Program Files (x86)\Python38-32\Scripts\;C:\Program Files (x86)\Python38-32\;C:\Program Files\ImageMagick-7.0.9-Q16;C:\Python38\Scripts\;C:\Python38\;C:\Program Files (x86)\Common Files\Oracle\Java\javapath;C:\Windows\system32;C:\Windows;C:\Windows\System32\Wbem;C:\Windows\System32\WindowsPowerShell\v1.0\;C:\Windows\System32\OpenSSH\;C:\Program Files\WIDCOMM\Bluetooth Software\;C:\Program Files\WIDCOMM\Bluetooth Software\syswow64;C:\ProgramData\chocolatey\bin;C:\Program Files\Git\cmd;C:\Program Files\nodejs\;C:\ProgramData\nvm;C:\Program Files\nodejs;C:\Program Files (x86)\Yarn\bin\;C:\Users\evbri\Maven\apache-maven-3.6.3\bin;C:\Program Files\Amazon Corretto\jdk1.8.0_252\bin;C:\Users\evbri\AppData\Local\Android\Sdk;C:\Users\evbri\AppData\Local\Android\Sdk\platform-tools;C:\Program Files\dotnet\;C:\Program Files\Microsoft SQL Server\130\Tools\Binn\;F:\Program Files (x86)\IncrediBuild;C:\Program Files (x86)\Microsoft Emulator Manager\1.0\;C:\Program Files\Docker\Docker\resources\bin;C:\ProgramData\DockerDesktop\version-bin;C:\Users\evbri\AppData\Local\Microsoft\WindowsApps;C:\Program Files\JetBrains\IntelliJ IDEA 2019.2.4\bin;;C:\Program Files (x86)\Nmap;C:\Users\evbri\AppData\Roaming\npm;C:\Users\evbri\AppData\Local\Programs\Microsoft VS Code\bin;C:\Users\evbri\AppData\Local\Yarn\bin;;C:\Users\evbri\AppData\Local\Programs\Fiddler;C:\Users\evbri\.dotnet\tools
USERNAME=evbri
OS=Windows_NT
PROCESSOR_IDENTIFIER=AMD64 Family 23 Model 8 Stepping 2, AuthenticAMD



---------------  S Y S T E M  ---------------

OS: Windows 10.0 , 64 bit Build 18362 (10.0.18362.959)

CPU:total 12 (initial active 12) (12 cores per cpu, 1 threads per core) family 23 model 8 stepping 2, cmov, cx8, fxsr, mmx, sse, sse2, sse3, ssse3, sse4.1, sse4.2, popcnt, avx, avx2, aes, clmul, mmxext, 3dnowpref, lzcnt, sse4a, tsc, tscinvbit, tscinv, bmi1

Memory: 4k page, physical 33487044k(6443424k free), swap 62708288k(4136k free)

vm_info: OpenJDK 64-Bit Server VM (25.252-b09) for windows-amd64 JRE (1.8.0_252-b09), built on Apr 17 2020 18:10:37 by "Administrator" with MS VC++ 10.0 (VS2010)

time: Sat Sep 12 22:27:25 2020
timezone: GMT Summer Time
elapsed time: 7 seconds (0d 0h 0m 7s)

