#
# There is insufficient memory for the Java Runtime Environment to continue.
# Native memory allocation (malloc) failed to allocate 1121472 bytes for Chunk::new
# Possible reasons:
#   The system is out of physical RAM or swap space
#   The process is running with CompressedOops enabled, and the Java Heap may be blocking the growth of the native heap
# Possible solutions:
#   Reduce memory load on the system
#   Increase physical memory or swap space
#   Check if swap backing store is full
#   Decrease Java heap size (-Xmx/-Xms)
#   Decrease number of Java threads
#   Decrease Java thread stack sizes (-Xss)
#   Set larger code cache with -XX:ReservedCodeCacheSize=
#   JVM is running with Unscaled Compressed Oops mode in which the Java heap is
#     placed in the first 4GB address space. The Java Heap base address is the
#     maximum limit for the native heap growth. Please use -XX:HeapBaseMinAddress
#     to set the Java Heap base and to place the Java Heap above 4GB virtual address.
# This output file may be truncated or incomplete.
#
#  Out of Memory Error (allocation.cpp:389), pid=9520, tid=0x0000000000007654
#
# JRE version: OpenJDK Runtime Environment (8.0_252-b09) (build 1.8.0_252-b09)
# Java VM: OpenJDK 64-Bit Server VM (25.252-b09 mixed mode windows-amd64 compressed oops)
# Failed to write core dump. Minidumps are not enabled by default on client versions of Windows
#

---------------  T H R E A D  ---------------

Current thread (0x0000000019811800):  JavaThread "C2 CompilerThread0" daemon [_thread_in_native, id=30292, stack(0x000000001aea0000,0x000000001afa0000)]

Stack: [0x000000001aea0000,0x000000001afa0000]
[error occurred during error reporting (printing stack bounds), id 0xc0000005]

Native frames: (J=compiled Java code, j=interpreted, Vv=VM code, C=native code)


Current CompileTask:
C2:   6737 4962   !   4       com.sun.beans.TypeResolver::resolve (274 bytes)


---------------  P R O C E S S  ---------------

Java Threads: ( => current thread )
  0x0000000020184000 JavaThread "Cache worker for Build Output Cleanup Cache (C:\Users\evbri\AndroidStudioProjects\RailApp\.gradle\buildOutputCleanup)" [_thread_blocked, id=19892, stack(0x0000000025080000,0x0000000025180000)]
  0x0000000020182800 JavaThread "Build operations Thread 12" [_thread_blocked, id=1120, stack(0x0000000024980000,0x0000000024a80000)]
  0x0000000020185800 JavaThread "Build operations Thread 11" [_thread_blocked, id=26220, stack(0x0000000024880000,0x0000000024980000)]
  0x0000000020187000 JavaThread "Build operations Thread 10" [_thread_blocked, id=19060, stack(0x0000000024780000,0x0000000024880000)]
  0x0000000020186800 JavaThread "Build operations Thread 9" [_thread_blocked, id=13528, stack(0x0000000024680000,0x0000000024780000)]
  0x000000002017c000 JavaThread "Build operations Thread 8" [_thread_blocked, id=18884, stack(0x0000000024580000,0x0000000024680000)]
  0x000000002017b000 JavaThread "Build operations Thread 7" [_thread_blocked, id=22420, stack(0x0000000024480000,0x0000000024580000)]
  0x0000000020180800 JavaThread "Build operations Thread 6" [_thread_blocked, id=13104, stack(0x0000000024380000,0x0000000024480000)]
  0x000000002017e000 JavaThread "Build operations Thread 5" [_thread_blocked, id=20744, stack(0x0000000024280000,0x0000000024380000)]
  0x0000000020182000 JavaThread "Build operations Thread 4" [_thread_blocked, id=14024, stack(0x0000000024180000,0x0000000024280000)]
  0x0000000020181000 JavaThread "Build operations Thread 3" [_thread_blocked, id=29416, stack(0x0000000024080000,0x0000000024180000)]
  0x000000002017c800 JavaThread "Build operations Thread 2" [_thread_blocked, id=26032, stack(0x0000000023f80000,0x0000000024080000)]
  0x000000002017f800 JavaThread "Build operations" [_thread_blocked, id=26148, stack(0x0000000023e80000,0x0000000023f80000)]
  0x000000001d1b0000 JavaThread "Cache worker for execution history cache (C:\Users\evbri\.gradle\caches\6.1.1\executionHistory)" [_thread_blocked, id=31460, stack(0x0000000021f30000,0x0000000022030000)]
  0x000000001d1af000 JavaThread "Cache worker for cache directory md-rule (C:\Users\evbri\.gradle\caches\6.1.1\md-rule)" [_thread_blocked, id=29988, stack(0x00000000217d0000,0x00000000218d0000)]
  0x000000001d1ae800 JavaThread "Cache worker for cache directory md-supplier (C:\Users\evbri\.gradle\caches\6.1.1\md-supplier)" [_thread_blocked, id=25268, stack(0x0000000020490000,0x0000000020590000)]
  0x000000001d1ac000 JavaThread "Cache worker for file hash cache (C:\Users\evbri\AndroidStudioProjects\RailApp\.gradle\6.1.1\fileHashes)" [_thread_blocked, id=31568, stack(0x0000000021a30000,0x0000000021b30000)]
  0x000000001d1ab800 JavaThread "Cache worker for checksums cache (C:\Users\evbri\AndroidStudioProjects\RailApp\.gradle\checksums)" [_thread_blocked, id=5044, stack(0x0000000021930000,0x0000000021a30000)]
  0x000000001d1ad000 JavaThread "Cache worker for file hash cache (C:\Users\evbri\.gradle\caches\6.1.1\fileHashes)" [_thread_blocked, id=21400, stack(0x000000001f3c0000,0x000000001f4c0000)]
  0x000000001d1ad800 JavaThread "File lock request listener" [_thread_in_native, id=13524, stack(0x000000001f2c0000,0x000000001f3c0000)]
  0x000000001d399000 JavaThread "Cache worker for journal cache (C:\Users\evbri\.gradle\caches\journal-1)" [_thread_blocked, id=6288, stack(0x000000001f1c0000,0x000000001f2c0000)]
  0x000000001d0c8000 JavaThread "Thread-9" [_thread_blocked, id=21664, stack(0x000000001eec0000,0x000000001efc0000)]
  0x000000001d0af800 JavaThread "Stdin handler" [_thread_blocked, id=22596, stack(0x000000001edc0000,0x000000001eec0000)]
  0x000000001d173000 JavaThread "Asynchronous log dispatcher for DefaultDaemonConnection: socket connection from /127.0.0.1:57567 to /127.0.0.1:57568" [_thread_blocked, id=30820, stack(0x000000001ecc0000,0x000000001edc0000)]
  0x000000001d172800 JavaThread "Daemon worker" [_thread_in_native, id=7220, stack(0x000000001ebc0000,0x000000001ecc0000)]
  0x000000001d171000 JavaThread "Cancel handler" [_thread_blocked, id=7248, stack(0x000000001e9c0000,0x000000001eac0000)]
  0x000000001d0e4800 JavaThread "Handler for socket connection from /127.0.0.1:57567 to /127.0.0.1:57568" [_thread_in_native, id=30344, stack(0x000000001e6c0000,0x000000001e7c0000)]
  0x000000001d0e3800 JavaThread "Daemon" [_thread_blocked, id=31536, stack(0x000000001e5c0000,0x000000001e6c0000)]
  0x000000001d148000 JavaThread "Daemon periodic checks" [_thread_blocked, id=18688, stack(0x000000001e4c0000,0x000000001e5c0000)]
  0x000000001cf7f000 JavaThread "Incoming local TCP Connector on port 57567" [_thread_in_native, id=14152, stack(0x000000001e280000,0x000000001e380000)]
  0x000000001cf42800 JavaThread "Daemon health stats" [_thread_blocked, id=30980, stack(0x000000001dc40000,0x000000001dd40000)]
  0x00000000198ad800 JavaThread "Service Thread" daemon [_thread_blocked, id=17020, stack(0x000000001b2a0000,0x000000001b3a0000)]
  0x000000001982a800 JavaThread "C1 CompilerThread3" daemon [_thread_blocked, id=27816, stack(0x000000001b1a0000,0x000000001b2a0000)]
  0x0000000019825800 JavaThread "C2 CompilerThread2" daemon [_thread_in_native, id=6356, stack(0x000000001b0a0000,0x000000001b1a0000)]
  0x0000000019820800 JavaThread "C2 CompilerThread1" daemon [_thread_in_native, id=18352, stack(0x000000001afa0000,0x000000001b0a0000)]
=>0x0000000019811800 JavaThread "C2 CompilerThread0" daemon [_thread_in_native, id=30292, stack(0x000000001aea0000,0x000000001afa0000)]
  0x0000000019817800 JavaThread "Attach Listener" daemon [_thread_blocked, id=16824, stack(0x000000001ada0000,0x000000001aea0000)]
  0x0000000019816800 JavaThread "Signal Dispatcher" daemon [_thread_blocked, id=8500, stack(0x000000001aca0000,0x000000001ada0000)]
  0x0000000002e9c000 JavaThread "Finalizer" daemon [_thread_blocked, id=19796, stack(0x000000001aaa0000,0x000000001aba0000)]
  0x0000000019803000 JavaThread "Reference Handler" daemon [_thread_blocked, id=29968, stack(0x000000001a9a0000,0x000000001aaa0000)]
  0x0000000002da2800 JavaThread "main" [_thread_blocked, id=20836, stack(0x0000000002ba0000,0x0000000002ca0000)]

Other Threads:
  0x0000000018106000 VMThread [stack: 0x000000001a8a0000,0x000000001a9a0000] [id=17704]
  0x00000000198b7000 WatcherThread [stack: 0x000000001b3a0000,0x000000001b4a0000] [id=24028]

VM state:not at safepoint (normal execution)

VM Mutex/Monitor currently owned by a thread: None

heap address: 0x0000000080000000, size: 2048 MB, Compressed Oops mode: 32-bit
Narrow klass base: 0x0000000000000000, Narrow klass shift: 3
Compressed class space size: 1073741824 Address: 0x0000000100000000

Heap:
 PSYoungGen      total 219136K, used 113943K [0x00000000d5580000, 0x00000000e8880000, 0x0000000100000000)
  eden space 197632K, 46% used [0x00000000d5580000,0x00000000dafca648,0x00000000e1680000)
  from space 21504K, 99% used [0x00000000e1680000,0x00000000e2b7b7e8,0x00000000e2b80000)
  to   space 22016K, 0% used [0x00000000e7300000,0x00000000e7300000,0x00000000e8880000)
 ParOldGen       total 332800K, used 17450K [0x0000000080000000, 0x0000000094500000, 0x00000000d5580000)
  object space 332800K, 5% used [0x0000000080000000,0x000000008110a9f0,0x0000000094500000)
 Metaspace       used 54953K, capacity 57104K, committed 57384K, reserved 1099776K
  class space    used 7351K, capacity 7878K, committed 7976K, reserved 1048576K

Card table byte_map: [0x0000000012260000,0x0000000012670000] byte_map_base: 0x0000000011e60000

Marking Bits: (ParMarkBitMap*) 0x000000005cf550b0
 Begin Bits: [0x0000000013320000, 0x0000000015320000)
 End Bits:   [0x0000000015320000, 0x0000000017320000)

Polling page: 0x00000000011e0000

CodeCache: size=245760Kb used=16037Kb max_used=16037Kb free=229722Kb
 bounds [0x0000000002ea0000, 0x0000000003e60000, 0x0000000011ea0000]
 total_blobs=5393 nmethods=4621 adapters=685
 compilation: enabled

Compilation events (10 events):
Event: 6.722 Thread 0x000000001982a800 nmethod 5135 0x0000000003e53a50 code [0x0000000003e53c20, 0x0000000003e544b8]
Event: 6.723 Thread 0x000000001982a800 5136       1       org.gradle.api.internal.provider.DefaultProperty::getType (5 bytes)
Event: 6.723 Thread 0x000000001982a800 nmethod 5136 0x0000000003e54790 code [0x0000000003e548e0, 0x0000000003e549f0]
Event: 6.728 Thread 0x000000001982a800 5137       3       org.gradle.api.internal.DefaultDomainObjectCollection::withMutationDisabled (11 bytes)
Event: 6.729 Thread 0x000000001982a800 nmethod 5137 0x0000000003e54a50 code [0x0000000003e54bc0, 0x0000000003e54e98]
Event: 6.731 Thread 0x000000001982a800 5138       3       org.gradle.api.internal.DefaultMutationGuard::newActionWithMutation (11 bytes)
Event: 6.732 Thread 0x000000001982a800 nmethod 5138 0x0000000003e54f90 code [0x0000000003e55100, 0x0000000003e55390]
Event: 6.732 Thread 0x000000001982a800 5139       3       org.gradle.api.internal.DefaultMutationGuard$2::<init> (20 bytes)
Event: 6.732 Thread 0x000000001982a800 nmethod 5139 0x0000000003e554d0 code [0x0000000003e55620, 0x0000000003e55810]
Event: 6.736 Thread 0x000000001982a800 5140       3       org.gradle.api.internal.DefaultDomainObjectCollection::assertMutableCollectionContents (1 bytes)

GC Heap History (10 events):
Event: 2.669 GC heap before
{Heap before GC invocations=3 (full 1):
 PSYoungGen      total 153088K, used 14522K [0x00000000d5580000, 0x00000000e8080000, 0x0000000100000000)
  eden space 131584K, 0% used [0x00000000d5580000,0x00000000d5580000,0x00000000dd600000)
  from space 21504K, 67% used [0x00000000deb00000,0x00000000df92e870,0x00000000e0000000)
  to   space 21504K, 0% used [0x00000000dd600000,0x00000000dd600000,0x00000000deb00000)
 ParOldGen       total 349696K, used 24K [0x0000000080000000, 0x0000000095580000, 0x00000000d5580000)
  object space 349696K, 0% used [0x0000000080000000,0x0000000080006000,0x0000000095580000)
 Metaspace       used 20570K, capacity 21230K, committed 21296K, reserved 1067008K
  class space    used 2893K, capacity 3095K, committed 3120K, reserved 1048576K
Event: 2.699 GC heap after
Heap after GC invocations=3 (full 1):
 PSYoungGen      total 153088K, used 0K [0x00000000d5580000, 0x00000000e8080000, 0x0000000100000000)
  eden space 131584K, 0% used [0x00000000d5580000,0x00000000d5580000,0x00000000dd600000)
  from space 21504K, 0% used [0x00000000deb00000,0x00000000deb00000,0x00000000e0000000)
  to   space 21504K, 0% used [0x00000000dd600000,0x00000000dd600000,0x00000000deb00000)
 ParOldGen       total 209920K, used 13866K [0x0000000080000000, 0x000000008cd00000, 0x00000000d5580000)
  object space 209920K, 6% used [0x0000000080000000,0x0000000080d8aac0,0x000000008cd00000)
 Metaspace       used 20570K, capacity 21230K, committed 21296K, reserved 1067008K
  class space    used 2893K, capacity 3095K, committed 3120K, reserved 1048576K
}
Event: 3.746 GC heap before
{Heap before GC invocations=4 (full 1):
 PSYoungGen      total 153088K, used 131584K [0x00000000d5580000, 0x00000000e8080000, 0x0000000100000000)
  eden space 131584K, 100% used [0x00000000d5580000,0x00000000dd600000,0x00000000dd600000)
  from space 21504K, 0% used [0x00000000deb00000,0x00000000deb00000,0x00000000e0000000)
  to   space 21504K, 0% used [0x00000000dd600000,0x00000000dd600000,0x00000000deb00000)
 ParOldGen       total 209920K, used 13866K [0x0000000080000000, 0x000000008cd00000, 0x00000000d5580000)
  object space 209920K, 6% used [0x0000000080000000,0x0000000080d8aac0,0x000000008cd00000)
 Metaspace       used 32284K, capacity 33286K, committed 33328K, reserved 1077248K
  class space    used 4369K, capacity 4630K, committed 4656K, reserved 1048576K
Event: 3.757 GC heap after
Heap after GC invocations=4 (full 1):
 PSYoungGen      total 153088K, used 13633K [0x00000000d5580000, 0x00000000e4080000, 0x0000000100000000)
  eden space 131584K, 0% used [0x00000000d5580000,0x00000000d5580000,0x00000000dd600000)
  from space 21504K, 63% used [0x00000000dd600000,0x00000000de3505c8,0x00000000deb00000)
  to   space 21504K, 0% used [0x00000000e2b80000,0x00000000e2b80000,0x00000000e4080000)
 ParOldGen       total 209920K, used 13874K [0x0000000080000000, 0x000000008cd00000, 0x00000000d5580000)
  object space 209920K, 6% used [0x0000000080000000,0x0000000080d8cac0,0x000000008cd00000)
 Metaspace       used 32284K, capacity 33286K, committed 33328K, reserved 1077248K
  class space    used 4369K, capacity 4630K, committed 4656K, reserved 1048576K
}
Event: 4.081 GC heap before
{Heap before GC invocations=5 (full 1):
 PSYoungGen      total 153088K, used 54315K [0x00000000d5580000, 0x00000000e4080000, 0x0000000100000000)
  eden space 131584K, 30% used [0x00000000d5580000,0x00000000d7d3a6c0,0x00000000dd600000)
  from space 21504K, 63% used [0x00000000dd600000,0x00000000de3505c8,0x00000000deb00000)
  to   space 21504K, 0% used [0x00000000e2b80000,0x00000000e2b80000,0x00000000e4080000)
 ParOldGen       total 209920K, used 13874K [0x0000000080000000, 0x000000008cd00000, 0x00000000d5580000)
  object space 209920K, 6% used [0x0000000080000000,0x0000000080d8cac0,0x000000008cd00000)
 Metaspace       used 34396K, capacity 35382K, committed 35496K, reserved 1079296K
  class space    used 4675K, capacity 4941K, committed 5032K, reserved 1048576K
Event: 4.087 GC heap after
Heap after GC invocations=5 (full 1):
 PSYoungGen      total 219136K, used 9475K [0x00000000d5580000, 0x00000000e4600000, 0x0000000100000000)
  eden space 197632K, 0% used [0x00000000d5580000,0x00000000d5580000,0x00000000e1680000)
  from space 21504K, 44% used [0x00000000e2b80000,0x00000000e34c0f88,0x00000000e4080000)
  to   space 21504K, 0% used [0x00000000e1680000,0x00000000e1680000,0x00000000e2b80000)
 ParOldGen       total 209920K, used 13882K [0x0000000080000000, 0x000000008cd00000, 0x00000000d5580000)
  object space 209920K, 6% used [0x0000000080000000,0x0000000080d8eac0,0x000000008cd00000)
 Metaspace       used 34396K, capacity 35382K, committed 35496K, reserved 1079296K
  class space    used 4675K, capacity 4941K, committed 5032K, reserved 1048576K
}
Event: 4.088 GC heap before
{Heap before GC invocations=6 (full 2):
 PSYoungGen      total 219136K, used 9475K [0x00000000d5580000, 0x00000000e4600000, 0x0000000100000000)
  eden space 197632K, 0% used [0x00000000d5580000,0x00000000d5580000,0x00000000e1680000)
  from space 21504K, 44% used [0x00000000e2b80000,0x00000000e34c0f88,0x00000000e4080000)
  to   space 21504K, 0% used [0x00000000e1680000,0x00000000e1680000,0x00000000e2b80000)
 ParOldGen       total 209920K, used 13882K [0x0000000080000000, 0x000000008cd00000, 0x00000000d5580000)
  object space 209920K, 6% used [0x0000000080000000,0x0000000080d8eac0,0x000000008cd00000)
 Metaspace       used 34396K, capacity 35382K, committed 35496K, reserved 1079296K
  class space    used 4675K, capacity 4941K, committed 5032K, reserved 1048576K
Event: 4.129 GC heap after
Heap after GC invocations=6 (full 2):
 PSYoungGen      total 219136K, used 0K [0x00000000d5580000, 0x00000000e4600000, 0x0000000100000000)
  eden space 197632K, 0% used [0x00000000d5580000,0x00000000d5580000,0x00000000e1680000)
  from space 21504K, 0% used [0x00000000e2b80000,0x00000000e2b80000,0x00000000e4080000)
  to   space 21504K, 0% used [0x00000000e1680000,0x00000000e1680000,0x00000000e2b80000)
 ParOldGen       total 332800K, used 16920K [0x0000000080000000, 0x0000000094500000, 0x00000000d5580000)
  object space 332800K, 5% used [0x0000000080000000,0x00000000810863d0,0x0000000094500000)
 Metaspace       used 34396K, capacity 35382K, committed 35496K, reserved 1079296K
  class space    used 4675K, capacity 4941K, committed 5032K, reserved 1048576K
}
Event: 5.872 GC heap before
{Heap before GC invocations=7 (full 2):
 PSYoungGen      total 219136K, used 197632K [0x00000000d5580000, 0x00000000e4600000, 0x0000000100000000)
  eden space 197632K, 100% used [0x00000000d5580000,0x00000000e1680000,0x00000000e1680000)
  from space 21504K, 0% used [0x00000000e2b80000,0x00000000e2b80000,0x00000000e4080000)
  to   space 21504K, 0% used [0x00000000e1680000,0x00000000e1680000,0x00000000e2b80000)
 ParOldGen       total 332800K, used 16920K [0x0000000080000000, 0x0000000094500000, 0x00000000d5580000)
  object space 332800K, 5% used [0x0000000080000000,0x00000000810863d0,0x0000000094500000)
 Metaspace       used 47729K, capacity 49574K, committed 49704K, reserved 1091584K
  class space    used 6445K, capacity 6894K, committed 6952K, reserved 1048576K
Event: 5.886 GC heap after
Heap after GC invocations=7 (full 2):
 PSYoungGen      total 219136K, used 21485K [0x00000000d5580000, 0x00000000e8880000, 0x0000000100000000)
  eden space 197632K, 0% used [0x00000000d5580000,0x00000000d5580000,0x00000000e1680000)
  from space 21504K, 99% used [0x00000000e1680000,0x00000000e2b7b7e8,0x00000000e2b80000)
  to   space 22016K, 0% used [0x00000000e7300000,0x00000000e7300000,0x00000000e8880000)
 ParOldGen       total 332800K, used 17450K [0x0000000080000000, 0x0000000094500000, 0x00000000d5580000)
  object space 332800K, 5% used [0x0000000080000000,0x000000008110a9f0,0x0000000094500000)
 Metaspace       used 47729K, capacity 49574K, committed 49704K, reserved 1091584K
  class space    used 6445K, capacity 6894K, committed 6952K, reserved 1048576K
}

Deoptimization events (10 events):
Event: 6.178 Thread 0x000000001d172800 Uncommon trap: reason=bimorphic action=maybe_recompile pc=0x0000000002fbce50 method=java.util.Hashtable.get(Ljava/lang/Object;)Ljava/lang/Object; @ 6
Event: 6.178 Thread 0x000000001d172800 Uncommon trap: reason=bimorphic action=maybe_recompile pc=0x0000000002fbce50 method=java.util.Hashtable.get(Ljava/lang/Object;)Ljava/lang/Object; @ 6
Event: 6.192 Thread 0x000000001d172800 Uncommon trap: reason=unstable_if action=reinterpret pc=0x0000000003076cdc method=java.lang.String.replace(CC)Ljava/lang/String; @ 2
Event: 6.195 Thread 0x000000001d172800 Uncommon trap: reason=unstable_if action=reinterpret pc=0x0000000003a290b8 method=org.codehaus.groovy.runtime.metaclass.MetaMethodIndex.copyNonPrivateNonNewMetaMethods(Lorg/codehaus/groovy/runtime/metaclass/MetaMethodIndex$Entry;Lorg/codehaus/groovy/runti
Event: 6.195 Thread 0x000000001d172800 Uncommon trap: reason=unstable_if action=reinterpret pc=0x0000000003c31f1c method=groovy.lang.MetaClassImpl$1MOPIter.methodNameAction(Ljava/lang/Class;Lorg/codehaus/groovy/runtime/metaclass/MetaMethodIndex$Entry;)V @ 182
Event: 6.241 Thread 0x000000001d172800 Uncommon trap: reason=unstable_if action=reinterpret pc=0x0000000003ca50d4 method=org.gradle.internal.service.DefaultServiceRegistry$OwnServices.getService(Ljava/lang/reflect/Type;)Lorg/gradle/internal/service/Service; @ 27
Event: 6.272 Thread 0x000000001d172800 Uncommon trap: reason=unstable_if action=reinterpret pc=0x000000000325fe84 method=java.lang.String.lastIndexOf([CII[CIII)I @ 17
Event: 6.272 Thread 0x000000001d172800 Uncommon trap: reason=unstable_if action=reinterpret pc=0x0000000003c92f14 method=sun.net.www.protocol.jar.Handler.parseURL(Ljava/net/URL;Ljava/lang/String;II)V @ 116
Event: 6.416 Thread 0x000000001d172800 Uncommon trap: reason=unstable_if action=reinterpret pc=0x000000000360ae4c method=java.util.WeakHashMap.expungeStaleEntries()V @ 66
Event: 6.476 Thread 0x000000001d172800 Uncommon trap: reason=unstable_if action=reinterpret pc=0x0000000003c01308 method=groovy.lang.MetaClassImpl.filterPropertyMethod(Ljava/lang/Object;ZZ)Ljava/lang/Object; @ 72

Classes redefined (0 events):
No events

Internal exceptions (10 events):
Event: 6.480 Thread 0x000000001d172800 Exception <a 'java/lang/ClassNotFoundException': build_aofuzrpprvlninwpgdosxzhez$_run_closure1Customizer> (0x00000000d99abd40) thrown at [C:\ws\UTv\Corretto8Src\installers\windows\zip\corretto-build\buildRoot\src\hotspot\src\share\vm\classfile\systemDicti
Event: 6.493 Thread 0x000000001d172800 Exception <a 'java/lang/ClassNotFoundException': org/gradle/api/internal/file/collections/DefaultConfigurableFileTreeBeanInfo> (0x00000000d9b389d8) thrown at [C:\ws\UTv\Corretto8Src\installers\windows\zip\corretto-build\buildRoot\src\hotspot\src\share\vm\
Event: 6.494 Thread 0x000000001d172800 Exception <a 'java/lang/ClassNotFoundException': org/gradle/api/internal/file/CompositeFileTreeBeanInfo> (0x00000000d9b75660) thrown at [C:\ws\UTv\Corretto8Src\installers\windows\zip\corretto-build\buildRoot\src\hotspot\src\share\vm\classfile\systemDictio
Event: 6.494 Thread 0x000000001d172800 Exception <a 'java/lang/ClassNotFoundException': org/gradle/api/internal/file/CompositeFileCollectionBeanInfo> (0x00000000d9bb6ec0) thrown at [C:\ws\UTv\Corretto8Src\installers\windows\zip\corretto-build\buildRoot\src\hotspot\src\share\vm\classfile\system
Event: 6.495 Thread 0x000000001d172800 Exception <a 'java/lang/ClassNotFoundException': org/gradle/api/internal/file/AbstractFileCollectionBeanInfo> (0x00000000d9bf8a60) thrown at [C:\ws\UTv\Corretto8Src\installers\windows\zip\corretto-build\buildRoot\src\hotspot\src\share\vm\classfile\systemD
Event: 6.495 Thread 0x000000001d172800 Exception <a 'java/lang/ClassNotFoundException': org/gradle/api/internal/file/AbstractFileCollectionCustomizer> (0x00000000d9c3b378) thrown at [C:\ws\UTv\Corretto8Src\installers\windows\zip\corretto-build\buildRoot\src\hotspot\src\share\vm\classfile\syste
Event: 6.496 Thread 0x000000001d172800 Exception <a 'java/lang/ClassNotFoundException': org/gradle/api/internal/file/CompositeFileCollectionCustomizer> (0x00000000d9c8ee00) thrown at [C:\ws\UTv\Corretto8Src\installers\windows\zip\corretto-build\buildRoot\src\hotspot\src\share\vm\classfile\syst
Event: 6.497 Thread 0x000000001d172800 Exception <a 'java/lang/ClassNotFoundException': org/gradle/api/internal/file/CompositeFileTreeCustomizer> (0x00000000d9cdc370) thrown at [C:\ws\UTv\Corretto8Src\installers\windows\zip\corretto-build\buildRoot\src\hotspot\src\share\vm\classfile\systemDict
Event: 6.499 Thread 0x000000001d172800 Exception <a 'java/lang/ClassNotFoundException': org/gradle/api/internal/file/collections/DefaultConfigurableFileTreeCustomizer> (0x00000000d9d36cd8) thrown at [C:\ws\UTv\Corretto8Src\installers\windows\zip\corretto-build\buildRoot\src\hotspot\src\share\v
Event: 6.588 Thread 0x000000001d172800 Exception <a 'java/lang/NoSuchMethodError': java.lang.Object.lambda$comparingInt$7b0bb60$1(Ljava/util/function/ToIntFunction;Ljava/lang/Object;Ljava/lang/Object;)I> (0x00000000da427d28) thrown at [C:\ws\UTv\Corretto8Src\installers\windows\zip\corretto-bui

Events (10 events):
Event: 6.733 loading class com/android/build/gradle/internal/tasks/MergeNativeLibsTask$CreationAction$handleProvider$1
Event: 6.733 loading class com/android/build/gradle/internal/tasks/MergeNativeLibsTask$CreationAction$handleProvider$1 done
Event: 6.734 loading class com/android/build/gradle/internal/tasks/featuresplit/FeatureSetMetadataWriterTask
Event: 6.734 loading class com/android/build/gradle/internal/tasks/featuresplit/FeatureSetMetadataWriterTask done
Event: 6.735 loading class com/android/build/gradle/internal/tasks/featuresplit/FeatureSetMetadataWriterTask$CreationAction$handleProvider$1
Event: 6.735 loading class com/android/build/gradle/internal/tasks/featuresplit/FeatureSetMetadataWriterTask$CreationAction$handleProvider$1 done
Event: 6.735 loading class com/android/build/gradle/internal/tasks/ValidateSigningTask
Event: 6.735 loading class com/android/build/gradle/internal/tasks/ValidateSigningTask done
Event: 6.736 loading class com/android/build/gradle/internal/scope/InternalArtifactType$VALIDATE_SIGNING_CONFIG
Event: 6.736 loading class com/android/build/gradle/internal/scope/InternalArtifactType$VALIDATE_SIGNING_CONFIG done


Dynamic libraries:
0x00007ff7f9bb0000 - 0x00007ff7f9be5000 	C:\Program Files\Amazon Corretto\jdk1.8.0_252\bin\java.exe
0x00007ff9f93c0000 - 0x00007ff9f95b0000 	C:\Windows\SYSTEM32\ntdll.dll
0x00007ff9f9290000 - 0x00007ff9f9342000 	C:\Windows\System32\KERNEL32.DLL
0x00007ff9f6c00000 - 0x00007ff9f6ea4000 	C:\Windows\System32\KERNELBASE.dll
0x00007ff9f8020000 - 0x00007ff9f80c3000 	C:\Windows\System32\ADVAPI32.dll
0x00007ff9f8270000 - 0x00007ff9f830e000 	C:\Windows\System32\msvcrt.dll
0x00007ff9f7650000 - 0x00007ff9f76e7000 	C:\Windows\System32\sechost.dll
0x00007ff9f7760000 - 0x00007ff9f7880000 	C:\Windows\System32\RPCRT4.dll
0x00007ff9f80d0000 - 0x00007ff9f8265000 	C:\Windows\System32\USER32.dll
0x00007ff9f6ba0000 - 0x00007ff9f6bc1000 	C:\Windows\System32\win32u.dll
0x00007ff9f9350000 - 0x00007ff9f9376000 	C:\Windows\System32\GDI32.dll
0x00007ff9f71b0000 - 0x00007ff9f7346000 	C:\Windows\System32\gdi32full.dll
0x00007ff9f73d0000 - 0x00007ff9f746e000 	C:\Windows\System32\msvcp_win.dll
0x00007ff9f6eb0000 - 0x00007ff9f6faa000 	C:\Windows\System32\ucrtbase.dll
0x00007ff9e5770000 - 0x00007ff9e59f4000 	C:\Windows\WinSxS\amd64_microsoft.windows.common-controls_6595b64144ccf1df_6.0.18362.1016_none_9e7a36bbe461dae4\COMCTL32.dll
0x00007ff9f8a80000 - 0x00007ff9f8db5000 	C:\Windows\System32\combase.dll
0x00007ff9f7350000 - 0x00007ff9f73d0000 	C:\Windows\System32\bcryptPrimitives.dll
0x00007ff9f7ff0000 - 0x00007ff9f801e000 	C:\Windows\System32\IMM32.DLL
0x000000005f500000 - 0x000000005f5d2000 	C:\Program Files\Amazon Corretto\jdk1.8.0_252\jre\bin\msvcr100.dll
0x000000005c780000 - 0x000000005cfd1000 	C:\Program Files\Amazon Corretto\jdk1.8.0_252\jre\bin\server\jvm.dll
0x00007ff9f7470000 - 0x00007ff9f7478000 	C:\Windows\System32\PSAPI.DLL
0x00007ff9f3d00000 - 0x00007ff9f3d24000 	C:\Windows\SYSTEM32\WINMM.dll
0x00007ff9ebc70000 - 0x00007ff9ebc7a000 	C:\Windows\SYSTEM32\VERSION.dll
0x00007ff9f0fe0000 - 0x00007ff9f0fe9000 	C:\Windows\SYSTEM32\WSOCK32.dll
0x00007ff9f8580000 - 0x00007ff9f85ef000 	C:\Windows\System32\WS2_32.dll
0x00007ff9f3b40000 - 0x00007ff9f3b6d000 	C:\Windows\SYSTEM32\WINMMBASE.dll
0x00007ff9f6fb0000 - 0x00007ff9f6ffa000 	C:\Windows\System32\cfgmgr32.dll
0x00007ff9f3ba0000 - 0x00007ff9f3baf000 	C:\Program Files\Amazon Corretto\jdk1.8.0_252\jre\bin\verify.dll
0x00007ff9f2000000 - 0x00007ff9f2029000 	C:\Program Files\Amazon Corretto\jdk1.8.0_252\jre\bin\java.dll
0x00007ff9f1fe0000 - 0x00007ff9f1ff6000 	C:\Program Files\Amazon Corretto\jdk1.8.0_252\jre\bin\zip.dll
0x00007ff9f7900000 - 0x00007ff9f7fe7000 	C:\Windows\System32\SHELL32.dll
0x00007ff9f89d0000 - 0x00007ff9f8a79000 	C:\Windows\System32\shcore.dll
0x00007ff9f6340000 - 0x00007ff9f6ac2000 	C:\Windows\System32\windows.storage.dll
0x00007ff9f62c0000 - 0x00007ff9f62e3000 	C:\Windows\System32\profapi.dll
0x00007ff9f62f0000 - 0x00007ff9f633a000 	C:\Windows\System32\powrprof.dll
0x00007ff9f6270000 - 0x00007ff9f6280000 	C:\Windows\System32\UMPDC.dll
0x00007ff9f8450000 - 0x00007ff9f84a2000 	C:\Windows\System32\shlwapi.dll
0x00007ff9f6280000 - 0x00007ff9f6291000 	C:\Windows\System32\kernel.appcore.dll
0x00007ff9f6b80000 - 0x00007ff9f6b97000 	C:\Windows\System32\cryptsp.dll
0x00007ff9f17e0000 - 0x00007ff9f17fa000 	C:\Program Files\Amazon Corretto\jdk1.8.0_252\jre\bin\net.dll
0x00007ff9f5a80000 - 0x00007ff9f5ae7000 	C:\Windows\system32\mswsock.dll
0x00007ff9f13c0000 - 0x00007ff9f13d2000 	C:\Program Files\Amazon Corretto\jdk1.8.0_252\jre\bin\nio.dll
0x00007ff9ee500000 - 0x00007ff9ee526000 	C:\Users\evbri\.gradle\native\31\windows-amd64\native-platform.dll
0x00007ff9f1fd0000 - 0x00007ff9f1fdd000 	C:\Program Files\Amazon Corretto\jdk1.8.0_252\jre\bin\management.dll
0x00007ff9f5600000 - 0x00007ff9f5633000 	C:\Windows\system32\rsaenh.dll
0x00007ff9f6bd0000 - 0x00007ff9f6bf6000 	C:\Windows\System32\bcrypt.dll
0x00007ff9f6190000 - 0x00007ff9f61b5000 	C:\Windows\SYSTEM32\USERENV.dll
0x00007ff9f5c00000 - 0x00007ff9f5c0c000 	C:\Windows\SYSTEM32\CRYPTBASE.dll
0x00007ff9f57a0000 - 0x00007ff9f57da000 	C:\Windows\SYSTEM32\IPHLPAPI.DLL
0x00007ff9f89c0000 - 0x00007ff9f89c8000 	C:\Windows\System32\NSI.dll
0x00007ff9f0250000 - 0x00007ff9f0266000 	C:\Windows\SYSTEM32\dhcpcsvc6.DLL
0x00007ff9f01e0000 - 0x00007ff9f01fc000 	C:\Windows\SYSTEM32\dhcpcsvc.DLL
0x00007ff9f57e0000 - 0x00007ff9f58ab000 	C:\Windows\SYSTEM32\DNSAPI.dll

VM Arguments:
jvm_args: -Xmx2048m -Dfile.encoding=windows-1252 -Duser.country=IE -Duser.language=en -Duser.variant 
java_command: org.gradle.launcher.daemon.bootstrap.GradleDaemon 6.1.1
java_class_path (initial): C:\Users\evbri\.gradle\wrapper\dists\gradle-6.1.1-all\cfmwm155h49vnt3hynmlrsdst\gradle-6.1.1\lib\gradle-launcher-6.1.1.jar
Launcher Type: SUN_STANDARD

Environment Variables:
JAVA_HOME=C:\Program Files\Amazon Corretto\jdk1.8.0_252
PATH=C:\Program Files (x86)\NVIDIA Corporation\PhysX\Common;C:\Program Files\Amazon Corretto\jdk1.8.0_252\bin;C:\Program Files (x86)\Python38-32\Scripts\;C:\Program Files (x86)\Python38-32\;C:\Program Files\ImageMagick-7.0.9-Q16;C:\Python38\Scripts\;C:\Python38\;C:\Program Files (x86)\Common Files\Oracle\Java\javapath;C:\Windows\system32;C:\Windows;C:\Windows\System32\Wbem;C:\Windows\System32\WindowsPowerShell\v1.0\;C:\Windows\System32\OpenSSH\;C:\Program Files\WIDCOMM\Bluetooth Software\;C:\Program Files\WIDCOMM\Bluetooth Software\syswow64;C:\ProgramData\chocolatey\bin;C:\Program Files\Git\cmd;C:\Program Files\nodejs\;C:\ProgramData\nvm;C:\Program Files\nodejs;C:\Program Files (x86)\Yarn\bin\;C:\Users\evbri\Maven\apache-maven-3.6.3\bin;C:\Program Files\Amazon Corretto\jdk1.8.0_252\bin;C:\Users\evbri\AppData\Local\Android\Sdk;C:\Users\evbri\AppData\Local\Android\Sdk\platform-tools;C:\Program Files\dotnet\;C:\Program Files\Microsoft SQL Server\130\Tools\Binn\;F:\Program Files (x86)\IncrediBuild;C:\Program Files (x86)\Microsoft Emulator Manager\1.0\;C:\Program Files\Docker\Docker\resources\bin;C:\ProgramData\DockerDesktop\version-bin;C:\Users\evbri\AppData\Local\Microsoft\WindowsApps;C:\Program Files\JetBrains\IntelliJ IDEA 2019.2.4\bin;;C:\Program Files (x86)\Nmap;C:\Users\evbri\AppData\Roaming\npm;C:\Users\evbri\AppData\Local\Programs\Microsoft VS Code\bin;C:\Users\evbri\AppData\Local\Yarn\bin;;C:\Users\evbri\AppData\Local\Programs\Fiddler;C:\Users\evbri\.dotnet\tools
USERNAME=evbri
OS=Windows_NT
PROCESSOR_IDENTIFIER=AMD64 Family 23 Model 8 Stepping 2, AuthenticAMD



---------------  S Y S T E M  ---------------

OS: Windows 10.0 , 64 bit Build 18362 (10.0.18362.959)

CPU:total 12 (initial active 12) (12 cores per cpu, 1 threads per core) family 23 model 8 stepping 2, cmov, cx8, fxsr, mmx, sse, sse2, sse3, ssse3, sse4.1, sse4.2, popcnt, avx, avx2, aes, clmul, mmxext, 3dnowpref, lzcnt, sse4a, tsc, tscinvbit, tscinv, bmi1

Memory: 4k page, physical 33487044k(6468048k free), swap 62708288k(5180k free)

vm_info: OpenJDK 64-Bit Server VM (25.252-b09) for windows-amd64 JRE (1.8.0_252-b09), built on Apr 17 2020 18:10:37 by "Administrator" with MS VC++ 10.0 (VS2010)

time: Sat Sep 12 22:27:52 2020
timezone: GMT Summer Time
elapsed time: 6 seconds (0d 0h 0m 6s)

