#
# There is insufficient memory for the Java Runtime Environment to continue.
# Native memory allocation (malloc) failed to allocate 1008976 bytes for Chunk::new
# Possible reasons:
#   The system is out of physical RAM or swap space
#   The process is running with CompressedOops enabled, and the Java Heap may be blocking the growth of the native heap
# Possible solutions:
#   Reduce memory load on the system
#   Increase physical memory or swap space
#   Check if swap backing store is full
#   Decrease Java heap size (-Xmx/-Xms)
#   Decrease number of Java threads
#   Decrease Java thread stack sizes (-Xss)
#   Set larger code cache with -XX:ReservedCodeCacheSize=
#   JVM is running with Unscaled Compressed Oops mode in which the Java heap is
#     placed in the first 4GB address space. The Java Heap base address is the
#     maximum limit for the native heap growth. Please use -XX:HeapBaseMinAddress
#     to set the Java Heap base and to place the Java Heap above 4GB virtual address.
# This output file may be truncated or incomplete.
#
#  Out of Memory Error (allocation.cpp:389), pid=28092, tid=0x0000000000006994
#
# JRE version: OpenJDK Runtime Environment (8.0_252-b09) (build 1.8.0_252-b09)
# Java VM: OpenJDK 64-Bit Server VM (25.252-b09 mixed mode windows-amd64 compressed oops)
# Failed to write core dump. Minidumps are not enabled by default on client versions of Windows
#

---------------  T H R E A D  ---------------

Current thread (0x000000001929a000):  JavaThread "C2 CompilerThread0" daemon [_thread_in_native, id=27028, stack(0x000000001a8e0000,0x000000001a9e0000)]

Stack: [0x000000001a8e0000,0x000000001a9e0000]
[error occurred during error reporting (printing stack bounds), id 0xc0000005]

Native frames: (J=compiled Java code, j=interpreted, Vv=VM code, C=native code)


Current CompileTask:
C2: 336721 23079       4       com.squareup.javapoet.CodeWriter::emit (803 bytes)


---------------  P R O C E S S  ---------------

Java Threads: ( => current thread )
  0x000000001fb89000 JavaThread "stdout" [_thread_in_native, id=23780, stack(0x000000002c670000,0x000000002c770000)]
  0x000000001fb80000 JavaThread "stderr" [_thread_in_native, id=31124, stack(0x000000002c570000,0x000000002c670000)]
  0x000000001fb83000 JavaThread "stdout" [_thread_in_native, id=18952, stack(0x000000002c470000,0x000000002c570000)]
  0x000000001fb86000 JavaThread "stderr" [_thread_in_native, id=16564, stack(0x000000002c370000,0x000000002c470000)]
  0x000000001fb81800 JavaThread "stdout" [_thread_in_native, id=22724, stack(0x000000002c270000,0x000000002c370000)]
  0x000000001fb82000 JavaThread "stderr" [_thread_in_native, id=316, stack(0x000000002c170000,0x000000002c270000)]
  0x000000001fb85000 JavaThread "stdout" [_thread_in_native, id=24908, stack(0x000000002c070000,0x000000002c170000)]
  0x000000001fb80800 JavaThread "stderr" [_thread_in_native, id=436, stack(0x000000002bf70000,0x000000002c070000)]
  0x000000001b8da800 JavaThread "stdout" [_thread_in_native, id=22316, stack(0x000000002be70000,0x000000002bf70000)]
  0x000000001b8d7800 JavaThread "stderr" [_thread_in_native, id=22924, stack(0x000000002bd70000,0x000000002be70000)]
  0x000000001b8d6800 JavaThread "stdout" [_thread_in_native, id=16508, stack(0x000000002a3c0000,0x000000002a4c0000)]
  0x000000001b8d9800 JavaThread "stderr" [_thread_in_native, id=21972, stack(0x000000002a2c0000,0x000000002a3c0000)]
  0x000000001b8db000 JavaThread "stdout" [_thread_in_native, id=27724, stack(0x000000002a1c0000,0x000000002a2c0000)]
  0x000000001b8d9000 JavaThread "stderr" [_thread_in_native, id=27584, stack(0x000000002a0c0000,0x000000002a1c0000)]
  0x000000001b8d4800 JavaThread "pool-10-thread-1" [_thread_blocked, id=22572, stack(0x0000000029dc0000,0x0000000029ec0000)]
  0x000000001b8d0000 JavaThread "WorkerExecutor Queue Thread 12" [_thread_blocked, id=28624, stack(0x0000000029cc0000,0x0000000029dc0000)]
  0x000000001b8cd800 JavaThread "WorkerExecutor Queue Thread 11" [_thread_blocked, id=21712, stack(0x0000000029bc0000,0x0000000029cc0000)]
  0x000000001b8d2000 JavaThread "WorkerExecutor Queue Thread 10" [_thread_blocked, id=8248, stack(0x0000000029ac0000,0x0000000029bc0000)]
  0x000000001b8d0800 JavaThread "WorkerExecutor Queue Thread 9" [_thread_blocked, id=25124, stack(0x00000000299c0000,0x0000000029ac0000)]
  0x0000000025f87000 JavaThread "WorkerExecutor Queue Thread 8" [_thread_blocked, id=20304, stack(0x00000000298c0000,0x00000000299c0000)]
  0x0000000025f7e000 JavaThread "WorkerExecutor Queue Thread 7" [_thread_blocked, id=29904, stack(0x00000000297c0000,0x00000000298c0000)]
  0x0000000025f85000 JavaThread "WorkerExecutor Queue Thread 6" [_thread_blocked, id=27456, stack(0x00000000296c0000,0x00000000297c0000)]
  0x0000000025f84000 JavaThread "WorkerExecutor Queue Thread 5" [_thread_blocked, id=29592, stack(0x00000000293c0000,0x00000000294c0000)]
  0x0000000025f82800 JavaThread "WorkerExecutor Queue Thread 4" [_thread_blocked, id=14200, stack(0x00000000292c0000,0x00000000293c0000)]
  0x0000000025f81000 JavaThread "WorkerExecutor Queue Thread 3" [_thread_blocked, id=10100, stack(0x0000000028c90000,0x0000000028d90000)]
  0x0000000025f7b000 JavaThread "WorkerExecutor Queue Thread 2" [_thread_blocked, id=29188, stack(0x0000000028890000,0x0000000028990000)]
  0x0000000025f7a800 JavaThread "WorkerExecutor Queue" [_thread_blocked, id=24980, stack(0x0000000028790000,0x0000000028890000)]
  0x0000000025f79800 JavaThread "Cache worker for execution history cache (C:\Users\evbri\AndroidStudioProjects\RailApp\.gradle\6.1.1\executionHistory)" [_thread_in_vm, id=19996, stack(0x0000000028290000,0x0000000028390000)]
  0x0000000025f80800 JavaThread "Execution worker for ':' Thread 11" [_thread_in_Java, id=5768, stack(0x0000000027960000,0x0000000027a60000)]
  0x0000000025f7d800 JavaThread "Execution worker for ':' Thread 10" [_thread_blocked, id=27152, stack(0x0000000027860000,0x0000000027960000)]
  0x0000000025f79000 JavaThread "Execution worker for ':' Thread 9" [_thread_blocked, id=22984, stack(0x0000000027760000,0x0000000027860000)]
  0x0000000025f7f800 JavaThread "Execution worker for ':' Thread 8" [_thread_blocked, id=19880, stack(0x0000000027660000,0x0000000027760000)]
  0x0000000025f78000 JavaThread "Execution worker for ':' Thread 7" [_thread_blocked, id=2712, stack(0x0000000027560000,0x0000000027660000)]
  0x000000002b033800 JavaThread "Execution worker for ':' Thread 6" [_thread_blocked, id=29796, stack(0x0000000027460000,0x0000000027560000)]
  0x000000002b02c000 JavaThread "Execution worker for ':' Thread 5" [_thread_blocked, id=5428, stack(0x0000000027360000,0x0000000027460000)]
  0x000000002b02d000 JavaThread "Execution worker for ':' Thread 4" [_thread_blocked, id=28272, stack(0x0000000027260000,0x0000000027360000)]
  0x000000002b031800 JavaThread "Execution worker for ':' Thread 3" [_thread_blocked, id=19372, stack(0x0000000027160000,0x0000000027260000)]
  0x000000002b033000 JavaThread "Execution worker for ':' Thread 2" [_thread_blocked, id=8508, stack(0x0000000027060000,0x0000000027160000)]
  0x000000002b02d800 JavaThread "Execution worker for ':'" [_thread_blocked, id=31452, stack(0x0000000026f60000,0x0000000027060000)]
  0x000000002b02a000 JavaThread "Cache worker for file content cache (C:\Users\evbri\AndroidStudioProjects\RailApp\.gradle\6.1.1\fileContent)" [_thread_blocked, id=25004, stack(0x0000000026e60000,0x0000000026f60000)]
  0x000000002b02e800 JavaThread "Cache worker for Build Output Cleanup Cache (C:\Users\evbri\AndroidStudioProjects\RailApp\.gradle\buildOutputCleanup)" [_thread_blocked, id=24836, stack(0x0000000025990000,0x0000000025a90000)]
  0x000000002b027800 JavaThread "Build operations Thread 12" [_thread_blocked, id=16884, stack(0x0000000024890000,0x0000000024990000)]
  0x000000002b024800 JavaThread "Build operations Thread 11" [_thread_blocked, id=31444, stack(0x0000000024190000,0x0000000024290000)]
  0x000000002b027000 JavaThread "Build operations Thread 10" [_thread_blocked, id=15196, stack(0x0000000024090000,0x0000000024190000)]
  0x000000002b02b800 JavaThread "Build operations Thread 9" [_thread_blocked, id=10924, stack(0x0000000023f90000,0x0000000024090000)]
  0x000000002b026000 JavaThread "Build operations Thread 8" [_thread_blocked, id=19608, stack(0x0000000023e90000,0x0000000023f90000)]
  0x000000002b028800 JavaThread "Build operations Thread 7" [_thread_blocked, id=8580, stack(0x0000000023d90000,0x0000000023e90000)]
  0x000000002b02a800 JavaThread "Build operations Thread 6" [_thread_blocked, id=12268, stack(0x0000000023c90000,0x0000000023d90000)]
  0x000000002b025800 JavaThread "Build operations Thread 5" [_thread_blocked, id=1780, stack(0x0000000023b90000,0x0000000023c90000)]
  0x0000000025b11800 JavaThread "Build operations Thread 4" [_thread_blocked, id=30440, stack(0x0000000023a90000,0x0000000023b90000)]
  0x0000000025b11000 JavaThread "Build operations Thread 3" [_thread_blocked, id=12276, stack(0x0000000023990000,0x0000000023a90000)]
  0x0000000025b10000 JavaThread "Build operations Thread 2" [_thread_blocked, id=30240, stack(0x0000000023890000,0x0000000023990000)]
  0x0000000025b0e000 JavaThread "Build operations" [_thread_blocked, id=16648, stack(0x0000000023790000,0x0000000023890000)]
  0x0000000025b13000 JavaThread "Cache worker for cache directory md-rule (C:\Users\evbri\.gradle\caches\6.1.1\md-rule)" [_thread_blocked, id=12260, stack(0x0000000021ea0000,0x0000000021fa0000)]
  0x0000000025b0f800 JavaThread "Cache worker for cache directory md-supplier (C:\Users\evbri\.gradle\caches\6.1.1\md-supplier)" [_thread_blocked, id=25088, stack(0x00000000214a0000,0x00000000215a0000)]
  0x0000000025b0e800 JavaThread "Cache worker for file hash cache (C:\Users\evbri\AndroidStudioProjects\RailApp\.gradle\6.1.1\fileHashes)" [_thread_blocked, id=9536, stack(0x00000000213a0000,0x00000000214a0000)]
  0x0000000025b12800 JavaThread "Cache worker for checksums cache (C:\Users\evbri\AndroidStudioProjects\RailApp\.gradle\checksums)" [_thread_blocked, id=12092, stack(0x00000000212a0000,0x00000000213a0000)]
  0x0000000025b0d000 JavaThread "Thread-202" [_thread_blocked, id=26984, stack(0x000000001e900000,0x000000001ea00000)]
  0x0000000025b05800 JavaThread "Stdin handler" [_thread_blocked, id=27700, stack(0x000000001e600000,0x000000001e700000)]
  0x0000000025b07000 JavaThread "Asynchronous log dispatcher for DefaultDaemonConnection: socket connection from /127.0.0.1:18859 to /127.0.0.1:19024" [_thread_blocked, id=29448, stack(0x000000001e400000,0x000000001e500000)]
  0x0000000025b09800 JavaThread "Daemon worker Thread 3" [_thread_blocked, id=29972, stack(0x000000001e100000,0x000000001e200000)]
  0x0000000025b0c800 JavaThread "Cancel handler" [_thread_blocked, id=21976, stack(0x000000001e000000,0x000000001e100000)]
  0x0000000025b08000 JavaThread "Handler for socket connection from /127.0.0.1:18859 to /127.0.0.1:19024" [_thread_in_native, id=22868, stack(0x0000000000ba0000,0x0000000000ca0000)]
  0x0000000025b05000 JavaThread "Daemon Thread 3" [_thread_blocked, id=4624, stack(0x0000000000aa0000,0x0000000000ba0000)]
  0x0000000025b0b800 JavaThread "RMI TCP Connection(idle)" daemon [_thread_blocked, id=15068, stack(0x00000000009a0000,0x0000000000aa0000)]
  0x000000001fb7f000 JavaThread "RMI Reaper" [_thread_blocked, id=24832, stack(0x0000000028b90000,0x0000000028c90000)]
  0x000000001af80000 JavaThread "RMI TCP Accept-0" daemon [_thread_in_native, id=9032, stack(0x0000000028a90000,0x0000000028b90000)]
  0x000000001af7e800 JavaThread "GC Daemon" daemon [_thread_blocked, id=24912, stack(0x0000000028990000,0x0000000028a90000)]
  0x000000001af7f800 JavaThread "RMI Scheduler(0)" daemon [_thread_blocked, id=24640, stack(0x0000000027f90000,0x0000000028090000)]
  0x000000001fb87800 JavaThread "Java2D Disposer" daemon [_thread_blocked, id=24888, stack(0x0000000028d90000,0x0000000028e90000)]
  0x00000000225c6800 JavaThread "Cache worker for file content cache (C:\Users\evbri\.gradle\caches\6.1.1\fileContent)" [_thread_blocked, id=24280, stack(0x0000000025890000,0x0000000025990000)]
  0x00000000225c5800 JavaThread "Memory manager" [_thread_blocked, id=9832, stack(0x0000000025790000,0x0000000025890000)]
  0x000000001cd42000 JavaThread "Cache worker for execution history cache (C:\Users\evbri\.gradle\caches\6.1.1\executionHistory)" [_thread_blocked, id=16024, stack(0x00000000219a0000,0x0000000021aa0000)]
  0x000000001cd41800 JavaThread "Cache worker for file hash cache (C:\Users\evbri\.gradle\caches\6.1.1\fileHashes)" [_thread_blocked, id=2460, stack(0x000000001ee00000,0x000000001ef00000)]
  0x000000001cd40800 JavaThread "File lock request listener" [_thread_in_native, id=3172, stack(0x000000001ed00000,0x000000001ee00000)]
  0x000000001cc50000 JavaThread "Cache worker for journal cache (C:\Users\evbri\.gradle\caches\journal-1)" [_thread_blocked, id=14144, stack(0x000000001ec00000,0x000000001ed00000)]
  0x000000001cb26000 JavaThread "Daemon periodic checks" [_thread_blocked, id=29856, stack(0x000000001df00000,0x000000001e000000)]
  0x000000001caf9800 JavaThread "Incoming local TCP Connector on port 18859" [_thread_in_native, id=5628, stack(0x000000001dcc0000,0x000000001ddc0000)]
  0x000000001ca50800 JavaThread "Daemon health stats" [_thread_blocked, id=25904, stack(0x000000001d680000,0x000000001d780000)]
  0x000000001933a800 JavaThread "Service Thread" daemon [_thread_blocked, id=26748, stack(0x000000001ace0000,0x000000001ade0000)]
  0x00000000192aa000 JavaThread "C1 CompilerThread3" daemon [_thread_blocked, id=30708, stack(0x000000001abe0000,0x000000001ace0000)]
  0x00000000192a8800 JavaThread "C2 CompilerThread2" daemon [_thread_blocked, id=2800, stack(0x000000001aae0000,0x000000001abe0000)]
  0x00000000192a0800 JavaThread "C2 CompilerThread1" daemon [_thread_blocked, id=22704, stack(0x000000001a9e0000,0x000000001aae0000)]
=>0x000000001929a000 JavaThread "C2 CompilerThread0" daemon [_thread_in_native, id=27028, stack(0x000000001a8e0000,0x000000001a9e0000)]
  0x0000000019295000 JavaThread "Attach Listener" daemon [_thread_blocked, id=8640, stack(0x000000001a7e0000,0x000000001a8e0000)]
  0x0000000019292800 JavaThread "Signal Dispatcher" daemon [_thread_blocked, id=15884, stack(0x000000001a6e0000,0x000000001a7e0000)]
  0x0000000017ba2000 JavaThread "Finalizer" daemon [_thread_blocked, id=21508, stack(0x000000001a4e0000,0x000000001a5e0000)]
  0x0000000019283000 JavaThread "Reference Handler" daemon [_thread_blocked, id=9668, stack(0x000000001a3e0000,0x000000001a4e0000)]
  0x0000000002832800 JavaThread "main" [_thread_blocked, id=29708, stack(0x00000000026d0000,0x00000000027d0000)]

Other Threads:
  0x0000000017b96000 VMThread [stack: 0x000000001a2e0000,0x000000001a3e0000] [id=6292]
  0x000000001933b800 WatcherThread [stack: 0x000000001ade0000,0x000000001aee0000] [id=7856]

VM state:not at safepoint (normal execution)

VM Mutex/Monitor currently owned by a thread: None

heap address: 0x0000000080000000, size: 2048 MB, Compressed Oops mode: 32-bit
Narrow klass base: 0x0000000000000000, Narrow klass shift: 3
Compressed class space size: 1073741824 Address: 0x0000000100000000

Heap:
 PSYoungGen      total 509952K, used 412790K [0x00000000d5580000, 0x0000000100000000, 0x0000000100000000)
  eden space 433152K, 77% used [0x00000000d5580000,0x00000000e9da42d8,0x00000000efc80000)
  from space 76800K, 99% used [0x00000000f6e00000,0x00000000fb8f9918,0x00000000fb900000)
  to   space 116224K, 0% used [0x00000000efc80000,0x00000000efc80000,0x00000000f6e00000)
 ParOldGen       total 532992K, used 168303K [0x0000000080000000, 0x00000000a0880000, 0x00000000d5580000)
  object space 532992K, 31% used [0x0000000080000000,0x000000008a45bd60,0x00000000a0880000)
 Metaspace       used 126072K, capacity 134138K, committed 134296K, reserved 1165312K
  class space    used 15986K, capacity 17544K, committed 17584K, reserved 1048576K

Card table byte_map: [0x0000000011cf0000,0x0000000012100000] byte_map_base: 0x00000000118f0000

Marking Bits: (ParMarkBitMap*) 0x000000005cf550b0
 Begin Bits: [0x0000000012db0000, 0x0000000014db0000)
 End Bits:   [0x0000000014db0000, 0x0000000016db0000)

Polling page: 0x0000000000d20000

CodeCache: size=245760Kb used=61974Kb max_used=61994Kb free=183785Kb
 bounds [0x0000000002930000, 0x0000000006620000, 0x0000000011930000]
 total_blobs=19367 nmethods=18349 adapters=930
 compilation: enabled

Compilation events (10 events):
Event: 336.440 Thread 0x00000000192a0800 nmethod 23111 0x0000000006607710 code [0x0000000006607880, 0x0000000006607a98]
Event: 336.450 Thread 0x00000000192aa000 23112       3       org.gradle.api.internal.tasks.execution.ExecuteActionsTaskExecuter$TaskExecution::getInputChangeTrackingStrategy (63 bytes)
Event: 336.450 Thread 0x00000000192aa000 nmethod 23112 0x0000000006606ad0 code [0x0000000006606ca0, 0x0000000006607518]
Event: 336.454 Thread 0x00000000192aa000 23113       3       java.io.ObjectOutputStream$ReplaceTable::assign (33 bytes)
Event: 336.454 Thread 0x00000000192aa000 nmethod 23113 0x00000000066088d0 code [0x0000000006608a80, 0x0000000006608fd8]
Event: 336.457 Thread 0x00000000192aa000 23114       3       com.android.builder.internal.aapt.AaptPackageConfig$Builder::addResourceDir (67 bytes)
Event: 336.458 Thread 0x00000000192aa000 nmethod 23114 0x000000000660af50 code [0x000000000660b220, 0x000000000660c538]
Event: 336.461 Thread 0x00000000192aa000 23115       3       com.android.builder.internal.aapt.v2.AaptV2CommandBuilder$makeLinkCommand$$inlined$sortedBy$1::<init> (5 bytes)
Event: 336.461 Thread 0x00000000192aa000 nmethod 23115 0x0000000006606710 code [0x0000000006606860, 0x0000000006606a10]
Event: 336.474 Thread 0x00000000192a8800 nmethod 23095 0x0000000006610b10 code [0x0000000006610d80, 0x0000000006613158]

GC Heap History (10 events):
Event: 134.201 GC heap before
{Heap before GC invocations=18 (full 4):
 PSYoungGen      total 431104K, used 418048K [0x00000000d5580000, 0x00000000f6c80000, 0x0000000100000000)
  eden space 372224K, 100% used [0x00000000d5580000,0x00000000ec100000,0x00000000ec100000)
  from space 58880K, 77% used [0x00000000ec100000,0x00000000eedc0010,0x00000000efa80000)
  to   space 62464K, 0% used [0x00000000f2f80000,0x00000000f2f80000,0x00000000f6c80000)
 ParOldGen       total 532992K, used 83924K [0x0000000080000000, 0x00000000a0880000, 0x00000000d5580000)
  object space 532992K, 15% used [0x0000000080000000,0x00000000851f5158,0x00000000a0880000)
 Metaspace       used 105204K, capacity 110182K, committed 110360K, reserved 1144832K
  class space    used 13323K, capacity 14316K, committed 14384K, reserved 1048576K
Event: 134.221 GC heap after
Heap after GC invocations=18 (full 4):
 PSYoungGen      total 482304K, used 46770K [0x00000000d5580000, 0x00000000f7280000, 0x0000000100000000)
  eden space 419840K, 0% used [0x00000000d5580000,0x00000000d5580000,0x00000000eef80000)
  from space 62464K, 74% used [0x00000000f2f80000,0x00000000f5d2cba0,0x00000000f6c80000)
  to   space 65536K, 0% used [0x00000000eef80000,0x00000000eef80000,0x00000000f2f80000)
 ParOldGen       total 532992K, used 83932K [0x0000000080000000, 0x00000000a0880000, 0x00000000d5580000)
  object space 532992K, 15% used [0x0000000080000000,0x00000000851f7158,0x00000000a0880000)
 Metaspace       used 105204K, capacity 110182K, committed 110360K, reserved 1144832K
  class space    used 13323K, capacity 14316K, committed 14384K, reserved 1048576K
}
Event: 139.356 GC heap before
{Heap before GC invocations=19 (full 4):
 PSYoungGen      total 482304K, used 466610K [0x00000000d5580000, 0x00000000f7280000, 0x0000000100000000)
  eden space 419840K, 100% used [0x00000000d5580000,0x00000000eef80000,0x00000000eef80000)
  from space 62464K, 74% used [0x00000000f2f80000,0x00000000f5d2cba0,0x00000000f6c80000)
  to   space 65536K, 0% used [0x00000000eef80000,0x00000000eef80000,0x00000000f2f80000)
 ParOldGen       total 532992K, used 83932K [0x0000000080000000, 0x00000000a0880000, 0x00000000d5580000)
  object space 532992K, 15% used [0x0000000080000000,0x00000000851f7158,0x00000000a0880000)
 Metaspace       used 112801K, capacity 118238K, committed 118296K, reserved 1153024K
  class space    used 14249K, capacity 15352K, committed 15408K, reserved 1048576K
Event: 139.383 GC heap after
Heap after GC invocations=19 (full 4):
 PSYoungGen      total 485376K, used 65508K [0x00000000d5580000, 0x00000000fb900000, 0x0000000100000000)
  eden space 419840K, 0% used [0x00000000d5580000,0x00000000d5580000,0x00000000eef80000)
  from space 65536K, 99% used [0x00000000eef80000,0x00000000f2f79058,0x00000000f2f80000)
  to   space 76800K, 0% used [0x00000000f6e00000,0x00000000f6e00000,0x00000000fb900000)
 ParOldGen       total 532992K, used 90588K [0x0000000080000000, 0x00000000a0880000, 0x00000000d5580000)
  object space 532992K, 16% used [0x0000000080000000,0x00000000858771e0,0x00000000a0880000)
 Metaspace       used 112801K, capacity 118238K, committed 118296K, reserved 1153024K
  class space    used 14249K, capacity 15352K, committed 15408K, reserved 1048576K
}
Event: 194.435 GC heap before
{Heap before GC invocations=20 (full 4):
 PSYoungGen      total 485376K, used 485348K [0x00000000d5580000, 0x00000000fb900000, 0x0000000100000000)
  eden space 419840K, 100% used [0x00000000d5580000,0x00000000eef80000,0x00000000eef80000)
  from space 65536K, 99% used [0x00000000eef80000,0x00000000f2f79058,0x00000000f2f80000)
  to   space 76800K, 0% used [0x00000000f6e00000,0x00000000f6e00000,0x00000000fb900000)
 ParOldGen       total 532992K, used 90588K [0x0000000080000000, 0x00000000a0880000, 0x00000000d5580000)
  object space 532992K, 16% used [0x0000000080000000,0x00000000858771e0,0x00000000a0880000)
 Metaspace       used 115718K, capacity 122468K, committed 122776K, reserved 1157120K
  class space    used 14689K, capacity 15995K, committed 16048K, reserved 1048576K
Event: 194.479 GC heap after
Heap after GC invocations=20 (full 4):
 PSYoungGen      total 531456K, used 76799K [0x00000000d5580000, 0x00000000fd280000, 0x0000000100000000)
  eden space 454656K, 0% used [0x00000000d5580000,0x00000000d5580000,0x00000000f1180000)
  from space 76800K, 99% used [0x00000000f6e00000,0x00000000fb8fff08,0x00000000fb900000)
  to   space 94720K, 0% used [0x00000000f1180000,0x00000000f1180000,0x00000000f6e00000)
 ParOldGen       total 532992K, used 109337K [0x0000000080000000, 0x00000000a0880000, 0x00000000d5580000)
  object space 532992K, 20% used [0x0000000080000000,0x0000000086ac6658,0x00000000a0880000)
 Metaspace       used 115718K, capacity 122468K, committed 122776K, reserved 1157120K
  class space    used 14689K, capacity 15995K, committed 16048K, reserved 1048576K
}
Event: 199.855 GC heap before
{Heap before GC invocations=21 (full 4):
 PSYoungGen      total 531456K, used 531455K [0x00000000d5580000, 0x00000000fd280000, 0x0000000100000000)
  eden space 454656K, 100% used [0x00000000d5580000,0x00000000f1180000,0x00000000f1180000)
  from space 76800K, 99% used [0x00000000f6e00000,0x00000000fb8fff08,0x00000000fb900000)
  to   space 94720K, 0% used [0x00000000f1180000,0x00000000f1180000,0x00000000f6e00000)
 ParOldGen       total 532992K, used 109337K [0x0000000080000000, 0x00000000a0880000, 0x00000000d5580000)
  object space 532992K, 20% used [0x0000000080000000,0x0000000086ac6658,0x00000000a0880000)
 Metaspace       used 117273K, capacity 124062K, committed 124184K, reserved 1157120K
  class space    used 14843K, capacity 16168K, committed 16176K, reserved 1048576K
Event: 199.894 GC heap after
Heap after GC invocations=21 (full 4):
 PSYoungGen      total 549376K, used 68476K [0x00000000d5580000, 0x00000000fd280000, 0x0000000100000000)
  eden space 454656K, 0% used [0x00000000d5580000,0x00000000d5580000,0x00000000f1180000)
  from space 94720K, 72% used [0x00000000f1180000,0x00000000f545f0c8,0x00000000f6e00000)
  to   space 76800K, 0% used [0x00000000f6e00000,0x00000000f6e00000,0x00000000fb900000)
 ParOldGen       total 532992K, used 140804K [0x0000000080000000, 0x00000000a0880000, 0x00000000d5580000)
  object space 532992K, 26% used [0x0000000080000000,0x00000000889811e0,0x00000000a0880000)
 Metaspace       used 117273K, capacity 124062K, committed 124184K, reserved 1157120K
  class space    used 14843K, capacity 16168K, committed 16176K, reserved 1048576K
}
Event: 335.038 GC heap before
{Heap before GC invocations=22 (full 4):
 PSYoungGen      total 549376K, used 523132K [0x00000000d5580000, 0x00000000fd280000, 0x0000000100000000)
  eden space 454656K, 100% used [0x00000000d5580000,0x00000000f1180000,0x00000000f1180000)
  from space 94720K, 72% used [0x00000000f1180000,0x00000000f545f0c8,0x00000000f6e00000)
  to   space 76800K, 0% used [0x00000000f6e00000,0x00000000f6e00000,0x00000000fb900000)
 ParOldGen       total 532992K, used 140804K [0x0000000080000000, 0x00000000a0880000, 0x00000000d5580000)
  object space 532992K, 26% used [0x0000000080000000,0x00000000889811e0,0x00000000a0880000)
 Metaspace       used 125909K, capacity 133904K, committed 134040K, reserved 1165312K
  class space    used 15981K, capacity 17539K, committed 17584K, reserved 1048576K
Event: 335.082 GC heap after
Heap after GC invocations=22 (full 4):
 PSYoungGen      total 509952K, used 76774K [0x00000000d5580000, 0x0000000100000000, 0x0000000100000000)
  eden space 433152K, 0% used [0x00000000d5580000,0x00000000d5580000,0x00000000efc80000)
  from space 76800K, 99% used [0x00000000f6e00000,0x00000000fb8f9918,0x00000000fb900000)
  to   space 116224K, 0% used [0x00000000efc80000,0x00000000efc80000,0x00000000f6e00000)
 ParOldGen       total 532992K, used 168303K [0x0000000080000000, 0x00000000a0880000, 0x00000000d5580000)
  object space 532992K, 31% used [0x0000000080000000,0x000000008a45bd60,0x00000000a0880000)
 Metaspace       used 125909K, capacity 133904K, committed 134040K, reserved 1165312K
  class space    used 15981K, capacity 17539K, committed 17584K, reserved 1048576K
}

Deoptimization events (10 events):
Event: 201.177 Thread 0x000000001b8cf000 Uncommon trap: reason=class_check action=maybe_recompile pc=0x00000000063f8f70 method=com.google.common.collect.AbstractMapBasedMultimap.put(Ljava/lang/Object;Ljava/lang/Object;)Z @ 5
Event: 203.371 Thread 0x000000001af77800 Uncommon trap: reason=bimorphic action=maybe_recompile pc=0x0000000003d43798 method=java.util.Collections$SetFromMap.contains(Ljava/lang/Object;)Z @ 5
Event: 203.407 Thread 0x000000001fb80000 Uncommon trap: reason=null_check action=make_not_entrant pc=0x00000000036fc6b4 method=java.lang.ThreadLocal$ThreadLocalMap.getEntryAfterMiss(Ljava/lang/ThreadLocal;ILjava/lang/ThreadLocal$ThreadLocalMap$Entry;)Ljava/lang/ThreadLocal$ThreadLocalMap$Entry; 
Event: 203.413 Thread 0x000000001fb80000 Uncommon trap: reason=bimorphic action=maybe_recompile pc=0x00000000056486f8 method=com.google.common.cache.LocalCache$Segment.get(Ljava/lang/Object;I)Ljava/lang/Object; @ 44
Event: 334.044 Thread 0x0000000025b09800 Uncommon trap: reason=class_check action=maybe_recompile pc=0x0000000004574fdc method=org.gradle.internal.work.DefaultWorkerLeaseService$DefaultWorkerLease.acquireLock()Z @ 4
Event: 334.181 Thread 0x0000000025b09800 Uncommon trap: reason=bimorphic action=maybe_recompile pc=0x0000000002c15194 method=org.codehaus.groovy.util.SingleKeyHashMap.get(Ljava/lang/Object;)Ljava/lang/Object; @ 43
Event: 335.160 Thread 0x0000000025f80800 Uncommon trap: reason=speculate_class_check action=maybe_recompile pc=0x00000000060e8a5c method=org.gradle.internal.snapshot.AbstractIncompleteSnapshotWithChildren$2.handleNewChild(I)Lorg/gradle/internal/snapshot/FileSystemNode; @ 50
Event: 335.160 Thread 0x0000000025f80800 Uncommon trap: reason=speculate_class_check action=maybe_recompile pc=0x00000000060e8a5c method=org.gradle.internal.snapshot.AbstractIncompleteSnapshotWithChildren$2.handleNewChild(I)Lorg/gradle/internal/snapshot/FileSystemNode; @ 50
Event: 336.033 Thread 0x000000001cc50000 Uncommon trap: reason=unstable_if action=reinterpret pc=0x00000000055cd110 method=java.util.concurrent.locks.AbstractQueuedSynchronizer.unparkSuccessor(Ljava/util/concurrent/locks/AbstractQueuedSynchronizer$Node;)V @ 22
Event: 336.226 Thread 0x0000000025f7d800 Uncommon trap: reason=bimorphic action=maybe_recompile pc=0x000000000463376c method=com.sun.org.apache.xerces.internal.dom.ElementImpl.getNodeName()Ljava/lang/String; @ 8

Classes redefined (0 events):
No events

Internal exceptions (10 events):
Event: 336.258 Thread 0x0000000025f7d800 Exception <a 'sun/nio/fs/WindowsException'> (0x00000000e8c8ea10) thrown at [C:\ws\UTv\Corretto8Src\installers\windows\zip\corretto-build\buildRoot\src\hotspot\src\share\vm\prims\jni.cpp, line 710]
Event: 336.272 Thread 0x0000000025f84000 Exception <a 'sun/nio/fs/WindowsException'> (0x00000000e8cca030) thrown at [C:\ws\UTv\Corretto8Src\installers\windows\zip\corretto-build\buildRoot\src\hotspot\src\share\vm\prims\jni.cpp, line 710]
Event: 336.450 Thread 0x0000000025f80800 Exception <a 'sun/nio/fs/WindowsException'> (0x00000000e99a6c88) thrown at [C:\ws\UTv\Corretto8Src\installers\windows\zip\corretto-build\buildRoot\src\hotspot\src\share\vm\prims\jni.cpp, line 710]
Event: 336.450 Thread 0x0000000025f80800 Exception <a 'sun/nio/fs/WindowsException'> (0x00000000e99a7d28) thrown at [C:\ws\UTv\Corretto8Src\installers\windows\zip\corretto-build\buildRoot\src\hotspot\src\share\vm\prims\jni.cpp, line 710]
Event: 336.451 Thread 0x0000000025f80800 Exception <a 'sun/nio/fs/WindowsException'> (0x00000000e99a8990) thrown at [C:\ws\UTv\Corretto8Src\installers\windows\zip\corretto-build\buildRoot\src\hotspot\src\share\vm\prims\jni.cpp, line 710]
Event: 336.451 Thread 0x0000000025f80800 Exception <a 'sun/nio/fs/WindowsException'> (0x00000000e99a9a40) thrown at [C:\ws\UTv\Corretto8Src\installers\windows\zip\corretto-build\buildRoot\src\hotspot\src\share\vm\prims\jni.cpp, line 710]
Event: 336.451 Thread 0x0000000025f80800 Exception <a 'sun/nio/fs/WindowsException'> (0x00000000e99aa640) thrown at [C:\ws\UTv\Corretto8Src\installers\windows\zip\corretto-build\buildRoot\src\hotspot\src\share\vm\prims\jni.cpp, line 710]
Event: 336.451 Thread 0x0000000025f80800 Exception <a 'sun/nio/fs/WindowsException'> (0x00000000e99ab6d8) thrown at [C:\ws\UTv\Corretto8Src\installers\windows\zip\corretto-build\buildRoot\src\hotspot\src\share\vm\prims\jni.cpp, line 710]
Event: 336.451 Thread 0x0000000025f80800 Exception <a 'sun/nio/fs/WindowsException'> (0x00000000e99ac1d8) thrown at [C:\ws\UTv\Corretto8Src\installers\windows\zip\corretto-build\buildRoot\src\hotspot\src\share\vm\prims\jni.cpp, line 710]
Event: 336.451 Thread 0x0000000025f80800 Exception <a 'sun/nio/fs/WindowsException'> (0x00000000e99ad240) thrown at [C:\ws\UTv\Corretto8Src\installers\windows\zip\corretto-build\buildRoot\src\hotspot\src\share\vm\prims\jni.cpp, line 710]

Events (10 events):
Event: 336.226 Thread 0x0000000025f7d800 DEOPT PACKING pc=0x000000000463376c sp=0x000000002795b3b0
Event: 336.226 Thread 0x0000000025f7d800 DEOPT UNPACKING pc=0x000000000297557b sp=0x000000002795b380 mode 2
Event: 336.259 Executing VM operation: RevokeBias
Event: 336.260 Executing VM operation: RevokeBias done
Event: 336.456 Executing VM operation: RevokeBias
Event: 336.456 Executing VM operation: RevokeBias done
Event: 336.491 Executing VM operation: RevokeBias
Event: 336.491 Executing VM operation: RevokeBias done
Event: 336.492 Executing VM operation: RevokeBias
Event: 336.492 Executing VM operation: RevokeBias done


Dynamic libraries:
0x00007ff7f9bb0000 - 0x00007ff7f9be5000 	C:\Program Files\Amazon Corretto\jdk1.8.0_252\bin\java.exe
0x00007ff9f93c0000 - 0x00007ff9f95b0000 	C:\Windows\SYSTEM32\ntdll.dll
0x00007ff9f9290000 - 0x00007ff9f9342000 	C:\Windows\System32\KERNEL32.DLL
0x00007ff9f6c00000 - 0x00007ff9f6ea4000 	C:\Windows\System32\KERNELBASE.dll
0x00007ff9f8020000 - 0x00007ff9f80c3000 	C:\Windows\System32\ADVAPI32.dll
0x00007ff9f8270000 - 0x00007ff9f830e000 	C:\Windows\System32\msvcrt.dll
0x00007ff9f7650000 - 0x00007ff9f76e7000 	C:\Windows\System32\sechost.dll
0x00007ff9f7760000 - 0x00007ff9f7880000 	C:\Windows\System32\RPCRT4.dll
0x00007ff9f80d0000 - 0x00007ff9f8265000 	C:\Windows\System32\USER32.dll
0x00007ff9f6ba0000 - 0x00007ff9f6bc1000 	C:\Windows\System32\win32u.dll
0x00007ff9f9350000 - 0x00007ff9f9376000 	C:\Windows\System32\GDI32.dll
0x00007ff9f71b0000 - 0x00007ff9f7346000 	C:\Windows\System32\gdi32full.dll
0x00007ff9f73d0000 - 0x00007ff9f746e000 	C:\Windows\System32\msvcp_win.dll
0x00007ff9f6eb0000 - 0x00007ff9f6faa000 	C:\Windows\System32\ucrtbase.dll
0x00007ff9e5770000 - 0x00007ff9e59f4000 	C:\Windows\WinSxS\amd64_microsoft.windows.common-controls_6595b64144ccf1df_6.0.18362.1016_none_9e7a36bbe461dae4\COMCTL32.dll
0x00007ff9f8a80000 - 0x00007ff9f8db5000 	C:\Windows\System32\combase.dll
0x00007ff9f7350000 - 0x00007ff9f73d0000 	C:\Windows\System32\bcryptPrimitives.dll
0x00007ff9f7ff0000 - 0x00007ff9f801e000 	C:\Windows\System32\IMM32.DLL
0x000000005f500000 - 0x000000005f5d2000 	C:\Program Files\Amazon Corretto\jdk1.8.0_252\jre\bin\msvcr100.dll
0x000000005c780000 - 0x000000005cfd1000 	C:\Program Files\Amazon Corretto\jdk1.8.0_252\jre\bin\server\jvm.dll
0x00007ff9f7470000 - 0x00007ff9f7478000 	C:\Windows\System32\PSAPI.DLL
0x00007ff9f0fe0000 - 0x00007ff9f0fe9000 	C:\Windows\SYSTEM32\WSOCK32.dll
0x00007ff9f8580000 - 0x00007ff9f85ef000 	C:\Windows\System32\WS2_32.dll
0x00007ff9ebc70000 - 0x00007ff9ebc7a000 	C:\Windows\SYSTEM32\VERSION.dll
0x00007ff9f3d00000 - 0x00007ff9f3d24000 	C:\Windows\SYSTEM32\WINMM.dll
0x00007ff9f3b40000 - 0x00007ff9f3b6d000 	C:\Windows\SYSTEM32\WINMMBASE.dll
0x00007ff9f6fb0000 - 0x00007ff9f6ffa000 	C:\Windows\System32\cfgmgr32.dll
0x00007ff9f13b0000 - 0x00007ff9f13bf000 	C:\Program Files\Amazon Corretto\jdk1.8.0_252\jre\bin\verify.dll
0x00007ff9e4a10000 - 0x00007ff9e4a39000 	C:\Program Files\Amazon Corretto\jdk1.8.0_252\jre\bin\java.dll
0x00007ff9eecf0000 - 0x00007ff9eed06000 	C:\Program Files\Amazon Corretto\jdk1.8.0_252\jre\bin\zip.dll
0x00007ff9f7900000 - 0x00007ff9f7fe7000 	C:\Windows\System32\SHELL32.dll
0x00007ff9f89d0000 - 0x00007ff9f8a79000 	C:\Windows\System32\shcore.dll
0x00007ff9f6340000 - 0x00007ff9f6ac2000 	C:\Windows\System32\windows.storage.dll
0x00007ff9f62c0000 - 0x00007ff9f62e3000 	C:\Windows\System32\profapi.dll
0x00007ff9f62f0000 - 0x00007ff9f633a000 	C:\Windows\System32\powrprof.dll
0x00007ff9f6270000 - 0x00007ff9f6280000 	C:\Windows\System32\UMPDC.dll
0x00007ff9f8450000 - 0x00007ff9f84a2000 	C:\Windows\System32\shlwapi.dll
0x00007ff9f6280000 - 0x00007ff9f6291000 	C:\Windows\System32\kernel.appcore.dll
0x00007ff9f6b80000 - 0x00007ff9f6b97000 	C:\Windows\System32\cryptsp.dll
0x00007ff9e5b80000 - 0x00007ff9e5b9a000 	C:\Program Files\Amazon Corretto\jdk1.8.0_252\jre\bin\net.dll
0x00007ff9f5a80000 - 0x00007ff9f5ae7000 	C:\Windows\system32\mswsock.dll
0x00007ff9e53c0000 - 0x00007ff9e53d2000 	C:\Program Files\Amazon Corretto\jdk1.8.0_252\jre\bin\nio.dll
0x00007ff9f12d0000 - 0x00007ff9f12f6000 	C:\Users\evbri\.gradle\native\31\windows-amd64\native-platform.dll
0x00007ff9f12c0000 - 0x00007ff9f12cd000 	C:\Program Files\Amazon Corretto\jdk1.8.0_252\jre\bin\management.dll
0x00007ff9f5600000 - 0x00007ff9f5633000 	C:\Windows\system32\rsaenh.dll
0x00007ff9f6bd0000 - 0x00007ff9f6bf6000 	C:\Windows\System32\bcrypt.dll
0x00007ff9f6190000 - 0x00007ff9f61b5000 	C:\Windows\SYSTEM32\USERENV.dll
0x00007ff9f5c00000 - 0x00007ff9f5c0c000 	C:\Windows\SYSTEM32\CRYPTBASE.dll
0x00007ff9f57a0000 - 0x00007ff9f57da000 	C:\Windows\SYSTEM32\IPHLPAPI.DLL
0x00007ff9f89c0000 - 0x00007ff9f89c8000 	C:\Windows\System32\NSI.dll
0x00007ff9f0250000 - 0x00007ff9f0266000 	C:\Windows\SYSTEM32\dhcpcsvc6.DLL
0x00007ff9f01e0000 - 0x00007ff9f01fc000 	C:\Windows\SYSTEM32\dhcpcsvc.DLL
0x00007ff9f57e0000 - 0x00007ff9f58ab000 	C:\Windows\SYSTEM32\DNSAPI.dll
0x00007ff9be210000 - 0x00007ff9be3a8000 	C:\Program Files\Amazon Corretto\jdk1.8.0_252\jre\bin\awt.dll
0x00007ff9f88f0000 - 0x00007ff9f89b5000 	C:\Windows\System32\OLEAUT32.dll
0x00007ff9f4380000 - 0x00007ff9f440f000 	C:\Windows\SYSTEM32\apphelp.dll
0x00007ff9f49a0000 - 0x00007ff9f49cd000 	C:\Windows\system32\DWMAPI.DLL
0x00007ff9f44c0000 - 0x00007ff9f4559000 	C:\Windows\system32\uxtheme.dll
0x00007ff9e4850000 - 0x00007ff9e486e000 	C:\Users\evbri\AppData\Local\Temp\native-platform3992810366899285603dir\native-platform.dll

VM Arguments:
jvm_args: -Xmx2048m -Dfile.encoding=windows-1252 -Duser.country=IE -Duser.language=en -Duser.variant 
java_command: org.gradle.launcher.daemon.bootstrap.GradleDaemon 6.1.1
java_class_path (initial): C:\Users\evbri\.gradle\wrapper\dists\gradle-6.1.1-all\cfmwm155h49vnt3hynmlrsdst\gradle-6.1.1\lib\gradle-launcher-6.1.1.jar
Launcher Type: SUN_STANDARD

Environment Variables:
JAVA_HOME=C:\Program Files\Amazon Corretto\jdk1.8.0_252
PATH=C:\Program Files (x86)\NVIDIA Corporation\PhysX\Common;C:\Program Files\Amazon Corretto\jdk1.8.0_252\bin;C:\Program Files (x86)\Python38-32\Scripts\;C:\Program Files (x86)\Python38-32\;C:\Program Files\ImageMagick-7.0.9-Q16;C:\Python38\Scripts\;C:\Python38\;C:\Program Files (x86)\Common Files\Oracle\Java\javapath;C:\Windows\system32;C:\Windows;C:\Windows\System32\Wbem;C:\Windows\System32\WindowsPowerShell\v1.0\;C:\Windows\System32\OpenSSH\;C:\Program Files\WIDCOMM\Bluetooth Software\;C:\Program Files\WIDCOMM\Bluetooth Software\syswow64;C:\ProgramData\chocolatey\bin;C:\Program Files\Git\cmd;C:\Program Files\nodejs\;C:\ProgramData\nvm;C:\Program Files\nodejs;C:\Program Files (x86)\Yarn\bin\;C:\Users\evbri\Maven\apache-maven-3.6.3\bin;C:\Program Files\Amazon Corretto\jdk1.8.0_252\bin;C:\Users\evbri\AppData\Local\Android\Sdk;C:\Users\evbri\AppData\Local\Android\Sdk\platform-tools;C:\Program Files\dotnet\;C:\Program Files\Microsoft SQL Server\130\Tools\Binn\;F:\Program Files (x86)\IncrediBuild;C:\Program Files (x86)\Microsoft Emulator Manager\1.0\;C:\Program Files\Docker\Docker\resources\bin;C:\ProgramData\DockerDesktop\version-bin;C:\Users\evbri\AppData\Local\Microsoft\WindowsApps;C:\Program Files\JetBrains\IntelliJ IDEA 2019.2.4\bin;;C:\Program Files (x86)\Nmap;C:\Users\evbri\AppData\Roaming\npm;C:\Users\evbri\AppData\Local\Programs\Microsoft VS Code\bin;C:\Users\evbri\AppData\Local\Yarn\bin;;C:\Users\evbri\AppData\Local\Programs\Fiddler;C:\Users\evbri\.dotnet\tools
USERNAME=evbri
OS=Windows_NT
PROCESSOR_IDENTIFIER=AMD64 Family 23 Model 8 Stepping 2, AuthenticAMD



---------------  S Y S T E M  ---------------

OS: Windows 10.0 , 64 bit Build 18362 (10.0.18362.959)

CPU:total 12 (initial active 12) (12 cores per cpu, 1 threads per core) family 23 model 8 stepping 2, cmov, cx8, fxsr, mmx, sse, sse2, sse3, ssse3, sse4.1, sse4.2, popcnt, avx, avx2, aes, clmul, mmxext, 3dnowpref, lzcnt, sse4a, tsc, tscinvbit, tscinv, bmi1

Memory: 4k page, physical 33487044k(5653268k free), swap 62708288k(13504k free)

vm_info: OpenJDK 64-Bit Server VM (25.252-b09) for windows-amd64 JRE (1.8.0_252-b09), built on Apr 17 2020 18:10:37 by "Administrator" with MS VC++ 10.0 (VS2010)

time: Mon Sep 14 18:14:07 2020
timezone: GMT Summer Time
elapsed time: 336 seconds (0d 0h 5m 36s)

