#
# There is insufficient memory for the Java Runtime Environment to continue.
# Native memory allocation (malloc) failed to allocate 694256 bytes for Chunk::new
# Possible reasons:
#   The system is out of physical RAM or swap space
#   The process is running with CompressedOops enabled, and the Java Heap may be blocking the growth of the native heap
# Possible solutions:
#   Reduce memory load on the system
#   Increase physical memory or swap space
#   Check if swap backing store is full
#   Decrease Java heap size (-Xmx/-Xms)
#   Decrease number of Java threads
#   Decrease Java thread stack sizes (-Xss)
#   Set larger code cache with -XX:ReservedCodeCacheSize=
#   JVM is running with Unscaled Compressed Oops mode in which the Java heap is
#     placed in the first 4GB address space. The Java Heap base address is the
#     maximum limit for the native heap growth. Please use -XX:HeapBaseMinAddress
#     to set the Java Heap base and to place the Java Heap above 4GB virtual address.
# This output file may be truncated or incomplete.
#
#  Out of Memory Error (allocation.cpp:389), pid=18656, tid=0x00000000000075b8
#
# JRE version: OpenJDK Runtime Environment (8.0_252-b09) (build 1.8.0_252-b09)
# Java VM: OpenJDK 64-Bit Server VM (25.252-b09 mixed mode windows-amd64 compressed oops)
# Failed to write core dump. Minidumps are not enabled by default on client versions of Windows
#

---------------  T H R E A D  ---------------

Current thread (0x000000001957f000):  JavaThread "C2 CompilerThread1" daemon [_thread_in_native, id=30136, stack(0x000000001acd0000,0x000000001add0000)]

Stack: [0x000000001acd0000,0x000000001add0000]
[error occurred during error reporting (printing stack bounds), id 0xc0000005]

Native frames: (J=compiled Java code, j=interpreted, Vv=VM code, C=native code)


Current CompileTask:
C2:   6315 4777       4       com.sun.beans.TypeResolver::resolve (37 bytes)


---------------  P R O C E S S  ---------------

Java Threads: ( => current thread )
  0x0000000022c4f800 JavaThread "Cache worker for Build Output Cleanup Cache (C:\Users\evbri\AndroidStudioProjects\RailApp\.gradle\buildOutputCleanup)" [_thread_blocked, id=3028, stack(0x0000000024bc0000,0x0000000024cc0000)]
  0x0000000022c51000 JavaThread "Build operations Thread 12" [_thread_blocked, id=25376, stack(0x00000000246c0000,0x00000000247c0000)]
  0x0000000022c47800 JavaThread "Build operations Thread 11" [_thread_blocked, id=29464, stack(0x00000000245c0000,0x00000000246c0000)]
  0x0000000022c4e000 JavaThread "Build operations Thread 10" [_thread_blocked, id=7324, stack(0x00000000244c0000,0x00000000245c0000)]
  0x0000000022c4d000 JavaThread "Build operations Thread 9" [_thread_blocked, id=24600, stack(0x00000000243c0000,0x00000000244c0000)]
  0x0000000022c45800 JavaThread "Build operations Thread 8" [_thread_blocked, id=29208, stack(0x00000000242c0000,0x00000000243c0000)]
  0x0000000022c48800 JavaThread "Build operations Thread 7" [_thread_blocked, id=19704, stack(0x00000000241c0000,0x00000000242c0000)]
  0x0000000022c4c800 JavaThread "Build operations Thread 6" [_thread_blocked, id=26128, stack(0x00000000240c0000,0x00000000241c0000)]
  0x0000000022c46000 JavaThread "Build operations Thread 5" [_thread_blocked, id=23684, stack(0x0000000023fc0000,0x00000000240c0000)]
  0x0000000022c47000 JavaThread "Build operations Thread 4" [_thread_blocked, id=22804, stack(0x0000000023ec0000,0x0000000023fc0000)]
  0x0000000022c4b800 JavaThread "Build operations Thread 3" [_thread_blocked, id=21540, stack(0x0000000023dc0000,0x0000000023ec0000)]
  0x0000000022c4a000 JavaThread "Build operations Thread 2" [_thread_blocked, id=29832, stack(0x0000000023cc0000,0x0000000023dc0000)]
  0x0000000022c44800 JavaThread "Build operations" [_thread_blocked, id=28960, stack(0x0000000023bc0000,0x0000000023cc0000)]
  0x000000001cea3000 JavaThread "Cache worker for execution history cache (C:\Users\evbri\.gradle\caches\6.1.1\executionHistory)" [_thread_blocked, id=13080, stack(0x0000000021c40000,0x0000000021d40000)]
  0x000000001cea0000 JavaThread "Cache worker for cache directory md-rule (C:\Users\evbri\.gradle\caches\6.1.1\md-rule)" [_thread_blocked, id=19328, stack(0x00000000216e0000,0x00000000217e0000)]
  0x000000001cea1800 JavaThread "Cache worker for cache directory md-supplier (C:\Users\evbri\.gradle\caches\6.1.1\md-supplier)" [_thread_blocked, id=29552, stack(0x0000000021390000,0x0000000021490000)]
  0x000000001cea2000 JavaThread "Cache worker for file hash cache (C:\Users\evbri\AndroidStudioProjects\RailApp\.gradle\6.1.1\fileHashes)" [_thread_blocked, id=20900, stack(0x00000000215e0000,0x00000000216e0000)]
  0x000000001cea0800 JavaThread "Cache worker for checksums cache (C:\Users\evbri\AndroidStudioProjects\RailApp\.gradle\checksums)" [_thread_blocked, id=7344, stack(0x00000000214e0000,0x00000000215e0000)]
  0x000000001ce9f000 JavaThread "Cache worker for file hash cache (C:\Users\evbri\.gradle\caches\6.1.1\fileHashes)" [_thread_blocked, id=5800, stack(0x000000001f0f0000,0x000000001f1f0000)]
  0x000000001ce9a800 JavaThread "File lock request listener" [_thread_in_native, id=30048, stack(0x000000001eff0000,0x000000001f0f0000)]
  0x000000001ce7f000 JavaThread "Cache worker for journal cache (C:\Users\evbri\.gradle\caches\journal-1)" [_thread_blocked, id=7264, stack(0x000000001eef0000,0x000000001eff0000)]
  0x000000001ccc8000 JavaThread "Thread-9" [_thread_blocked, id=12968, stack(0x000000001ebf0000,0x000000001ecf0000)]
  0x000000001cdd2000 JavaThread "Stdin handler" [_thread_blocked, id=17300, stack(0x000000001eaf0000,0x000000001ebf0000)]
  0x000000001cdd1800 JavaThread "Asynchronous log dispatcher for DefaultDaemonConnection: socket connection from /127.0.0.1:57613 to /127.0.0.1:57614" [_thread_blocked, id=29380, stack(0x000000001e9f0000,0x000000001eaf0000)]
  0x000000001ce1f000 JavaThread "Daemon worker" [_thread_blocked, id=26456, stack(0x000000001e8f0000,0x000000001e9f0000)]
  0x000000001cd16000 JavaThread "Cancel handler" [_thread_blocked, id=17772, stack(0x000000001e6f0000,0x000000001e7f0000)]
  0x000000001cd3f000 JavaThread "Handler for socket connection from /127.0.0.1:57613 to /127.0.0.1:57614" [_thread_in_native, id=25464, stack(0x000000001e3f0000,0x000000001e4f0000)]
  0x000000001cd3c000 JavaThread "Daemon" [_thread_blocked, id=10668, stack(0x000000001e2f0000,0x000000001e3f0000)]
  0x000000001cd1c000 JavaThread "Daemon periodic checks" [_thread_blocked, id=16544, stack(0x000000001e1f0000,0x000000001e2f0000)]
  0x000000001cca6800 JavaThread "Incoming local TCP Connector on port 57613" [_thread_in_native, id=20792, stack(0x000000001dfb0000,0x000000001e0b0000)]
  0x000000001cc1e000 JavaThread "Daemon health stats" [_thread_blocked, id=28280, stack(0x000000001d970000,0x000000001da70000)]
  0x0000000019614000 JavaThread "Service Thread" daemon [_thread_blocked, id=9020, stack(0x000000001afd0000,0x000000001b0d0000)]
  0x0000000019589000 JavaThread "C1 CompilerThread3" daemon [_thread_blocked, id=14196, stack(0x000000001aed0000,0x000000001afd0000)]
  0x0000000019588800 JavaThread "C2 CompilerThread2" daemon [_thread_in_native, id=20236, stack(0x000000001add0000,0x000000001aed0000)]
=>0x000000001957f000 JavaThread "C2 CompilerThread1" daemon [_thread_in_native, id=30136, stack(0x000000001acd0000,0x000000001add0000)]
  0x0000000019579000 JavaThread "C2 CompilerThread0" daemon [_thread_in_native, id=21948, stack(0x000000001abd0000,0x000000001acd0000)]
  0x0000000019572000 JavaThread "Attach Listener" daemon [_thread_blocked, id=7472, stack(0x000000001aad0000,0x000000001abd0000)]
  0x0000000019571000 JavaThread "Signal Dispatcher" daemon [_thread_blocked, id=4072, stack(0x000000001a9d0000,0x000000001aad0000)]
  0x0000000017e92000 JavaThread "Finalizer" daemon [_thread_blocked, id=27364, stack(0x000000001a7d0000,0x000000001a8d0000)]
  0x0000000019563000 JavaThread "Reference Handler" daemon [_thread_blocked, id=17864, stack(0x000000001a6d0000,0x000000001a7d0000)]
  0x0000000002b22800 JavaThread "main" [_thread_blocked, id=30672, stack(0x0000000002a20000,0x0000000002b20000)]

Other Threads:
  0x0000000017e86000 VMThread [stack: 0x000000001a5d0000,0x000000001a6d0000] [id=30724]
  0x0000000019616000 WatcherThread [stack: 0x000000001b0d0000,0x000000001b1d0000] [id=21620]

VM state:not at safepoint (normal execution)

VM Mutex/Monitor currently owned by a thread: None

heap address: 0x0000000080000000, size: 2048 MB, Compressed Oops mode: 32-bit
Narrow klass base: 0x0000000000000000, Narrow klass shift: 3
Compressed class space size: 1073741824 Address: 0x0000000100000000

Heap:
 PSYoungGen      total 215552K, used 61748K [0x00000000d5580000, 0x00000000e8a00000, 0x0000000100000000)
  eden space 194048K, 20% used [0x00000000d5580000,0x00000000d7cd2c08,0x00000000e1300000)
  from space 21504K, 99% used [0x00000000e1300000,0x00000000e27fa478,0x00000000e2800000)
  to   space 23552K, 0% used [0x00000000e7300000,0x00000000e7300000,0x00000000e8a00000)
 ParOldGen       total 211968K, used 19400K [0x0000000080000000, 0x000000008cf00000, 0x00000000d5580000)
  object space 211968K, 9% used [0x0000000080000000,0x00000000812f2130,0x000000008cf00000)
 Metaspace       used 52459K, capacity 54198K, committed 54312K, reserved 1095680K
  class space    used 6967K, capacity 7412K, committed 7464K, reserved 1048576K

Card table byte_map: [0x0000000011fe0000,0x00000000123f0000] byte_map_base: 0x0000000011be0000

Marking Bits: (ParMarkBitMap*) 0x000000005cf550b0
 Begin Bits: [0x00000000130a0000, 0x00000000150a0000)
 End Bits:   [0x00000000150a0000, 0x00000000170a0000)

Polling page: 0x0000000000ba0000

CodeCache: size=245760Kb used=14962Kb max_used=14970Kb free=230797Kb
 bounds [0x0000000002c20000, 0x0000000003ad0000, 0x0000000011c20000]
 total_blobs=5168 nmethods=4402 adapters=679
 compilation: enabled

Compilation events (10 events):
Event: 6.296 Thread 0x0000000019588800 nmethod 4835 0x0000000003ac4dd0 code [0x0000000003ac4f40, 0x0000000003ac5248]
Event: 6.296 Thread 0x0000000019588800 4836   !   4       java.net.URL::<init> (543 bytes)
Event: 6.300 Thread 0x0000000019589000 4837       3       java.lang.Enum::hashCode (5 bytes)
Event: 6.300 Thread 0x0000000019589000 nmethod 4837 0x0000000003ac4a50 code [0x0000000003ac4bc0, 0x0000000003ac4d48]
Event: 6.308 Thread 0x0000000019589000 4838       1       com.android.build.gradle.internal.publishing.OutputSpecImpl::getOutputType (5 bytes)
Event: 6.308 Thread 0x0000000019589000 nmethod 4838 0x0000000003ac4790 code [0x0000000003ac48e0, 0x0000000003ac49f0]
Event: 6.308 Thread 0x0000000019589000 4839       1       com.android.build.gradle.internal.publishing.OutputSpecImpl::getArtifactType (5 bytes)
Event: 6.308 Thread 0x0000000019589000 nmethod 4839 0x0000000003ac44d0 code [0x0000000003ac4620, 0x0000000003ac4730]
Event: 6.308 Thread 0x0000000019589000 4840       1       com.android.build.gradle.internal.publishing.OutputSpecImpl::getPublishedConfigTypes (5 bytes)
Event: 6.308 Thread 0x0000000019589000 nmethod 4840 0x0000000003ac4210 code [0x0000000003ac4360, 0x0000000003ac4470]

GC Heap History (10 events):
Event: 2.631 GC heap before
{Heap before GC invocations=3 (full 1):
 PSYoungGen      total 153088K, used 13911K [0x00000000d5580000, 0x00000000e0000000, 0x0000000100000000)
  eden space 131584K, 0% used [0x00000000d5580000,0x00000000d5580000,0x00000000dd600000)
  from space 21504K, 64% used [0x00000000deb00000,0x00000000df895ff8,0x00000000e0000000)
  to   space 21504K, 0% used [0x00000000dd600000,0x00000000dd600000,0x00000000deb00000)
 ParOldGen       total 349696K, used 24K [0x0000000080000000, 0x0000000095580000, 0x00000000d5580000)
  object space 349696K, 0% used [0x0000000080000000,0x0000000080006000,0x0000000095580000)
 Metaspace       used 20649K, capacity 21174K, committed 21296K, reserved 1067008K
  class space    used 2905K, capacity 3087K, committed 3120K, reserved 1048576K
Event: 2.658 GC heap after
Heap after GC invocations=3 (full 1):
 PSYoungGen      total 153088K, used 0K [0x00000000d5580000, 0x00000000e0000000, 0x0000000100000000)
  eden space 131584K, 0% used [0x00000000d5580000,0x00000000d5580000,0x00000000dd600000)
  from space 21504K, 0% used [0x00000000deb00000,0x00000000deb00000,0x00000000e0000000)
  to   space 21504K, 0% used [0x00000000dd600000,0x00000000dd600000,0x00000000deb00000)
 ParOldGen       total 211968K, used 13405K [0x0000000080000000, 0x000000008cf00000, 0x00000000d5580000)
  object space 211968K, 6% used [0x0000000080000000,0x0000000080d17528,0x000000008cf00000)
 Metaspace       used 20649K, capacity 21174K, committed 21296K, reserved 1067008K
  class space    used 2905K, capacity 3087K, committed 3120K, reserved 1048576K
}
Event: 3.818 GC heap before
{Heap before GC invocations=4 (full 1):
 PSYoungGen      total 153088K, used 131584K [0x00000000d5580000, 0x00000000e0000000, 0x0000000100000000)
  eden space 131584K, 100% used [0x00000000d5580000,0x00000000dd600000,0x00000000dd600000)
  from space 21504K, 0% used [0x00000000deb00000,0x00000000deb00000,0x00000000e0000000)
  to   space 21504K, 0% used [0x00000000dd600000,0x00000000dd600000,0x00000000deb00000)
 ParOldGen       total 211968K, used 13405K [0x0000000080000000, 0x000000008cf00000, 0x00000000d5580000)
  object space 211968K, 6% used [0x0000000080000000,0x0000000080d17528,0x000000008cf00000)
 Metaspace       used 32273K, capacity 33034K, committed 33328K, reserved 1077248K
  class space    used 4391K, capacity 4644K, committed 4656K, reserved 1048576K
Event: 3.826 GC heap after
Heap after GC invocations=4 (full 1):
 PSYoungGen      total 153088K, used 13873K [0x00000000d5580000, 0x00000000e3d00000, 0x0000000100000000)
  eden space 131584K, 0% used [0x00000000d5580000,0x00000000d5580000,0x00000000dd600000)
  from space 21504K, 64% used [0x00000000dd600000,0x00000000de38c7e8,0x00000000deb00000)
  to   space 21504K, 0% used [0x00000000e2800000,0x00000000e2800000,0x00000000e3d00000)
 ParOldGen       total 211968K, used 13413K [0x0000000080000000, 0x000000008cf00000, 0x00000000d5580000)
  object space 211968K, 6% used [0x0000000080000000,0x0000000080d19528,0x000000008cf00000)
 Metaspace       used 32273K, capacity 33034K, committed 33328K, reserved 1077248K
  class space    used 4391K, capacity 4644K, committed 4656K, reserved 1048576K
}
Event: 4.176 GC heap before
{Heap before GC invocations=5 (full 1):
 PSYoungGen      total 153088K, used 63760K [0x00000000d5580000, 0x00000000e3d00000, 0x0000000100000000)
  eden space 131584K, 37% used [0x00000000d5580000,0x00000000d8637b70,0x00000000dd600000)
  from space 21504K, 64% used [0x00000000dd600000,0x00000000de38c7e8,0x00000000deb00000)
  to   space 21504K, 0% used [0x00000000e2800000,0x00000000e2800000,0x00000000e3d00000)
 ParOldGen       total 211968K, used 13413K [0x0000000080000000, 0x000000008cf00000, 0x00000000d5580000)
  object space 211968K, 6% used [0x0000000080000000,0x0000000080d19528,0x000000008cf00000)
 Metaspace       used 34628K, capacity 35428K, committed 35496K, reserved 1079296K
  class space    used 4718K, capacity 4975K, committed 5032K, reserved 1048576K
Event: 4.183 GC heap after
Heap after GC invocations=5 (full 1):
 PSYoungGen      total 215552K, used 10213K [0x00000000d5580000, 0x00000000e4500000, 0x0000000100000000)
  eden space 194048K, 0% used [0x00000000d5580000,0x00000000d5580000,0x00000000e1300000)
  from space 21504K, 47% used [0x00000000e2800000,0x00000000e31f9420,0x00000000e3d00000)
  to   space 21504K, 0% used [0x00000000e1300000,0x00000000e1300000,0x00000000e2800000)
 ParOldGen       total 211968K, used 13421K [0x0000000080000000, 0x000000008cf00000, 0x00000000d5580000)
  object space 211968K, 6% used [0x0000000080000000,0x0000000080d1b528,0x000000008cf00000)
 Metaspace       used 34628K, capacity 35428K, committed 35496K, reserved 1079296K
  class space    used 4718K, capacity 4975K, committed 5032K, reserved 1048576K
}
Event: 4.183 GC heap before
{Heap before GC invocations=6 (full 2):
 PSYoungGen      total 215552K, used 10213K [0x00000000d5580000, 0x00000000e4500000, 0x0000000100000000)
  eden space 194048K, 0% used [0x00000000d5580000,0x00000000d5580000,0x00000000e1300000)
  from space 21504K, 47% used [0x00000000e2800000,0x00000000e31f9420,0x00000000e3d00000)
  to   space 21504K, 0% used [0x00000000e1300000,0x00000000e1300000,0x00000000e2800000)
 ParOldGen       total 211968K, used 13421K [0x0000000080000000, 0x000000008cf00000, 0x00000000d5580000)
  object space 211968K, 6% used [0x0000000080000000,0x0000000080d1b528,0x000000008cf00000)
 Metaspace       used 34628K, capacity 35428K, committed 35496K, reserved 1079296K
  class space    used 4718K, capacity 4975K, committed 5032K, reserved 1048576K
Event: 4.222 GC heap after
Heap after GC invocations=6 (full 2):
 PSYoungGen      total 215552K, used 0K [0x00000000d5580000, 0x00000000e4500000, 0x0000000100000000)
  eden space 194048K, 0% used [0x00000000d5580000,0x00000000d5580000,0x00000000e1300000)
  from space 21504K, 0% used [0x00000000e2800000,0x00000000e2800000,0x00000000e3d00000)
  to   space 21504K, 0% used [0x00000000e1300000,0x00000000e1300000,0x00000000e2800000)
 ParOldGen       total 211968K, used 16638K [0x0000000080000000, 0x000000008cf00000, 0x00000000d5580000)
  object space 211968K, 7% used [0x0000000080000000,0x000000008103fa20,0x000000008cf00000)
 Metaspace       used 34628K, capacity 35428K, committed 35496K, reserved 1079296K
  class space    used 4718K, capacity 4975K, committed 5032K, reserved 1048576K
}
Event: 6.070 GC heap before
{Heap before GC invocations=7 (full 2):
 PSYoungGen      total 215552K, used 194048K [0x00000000d5580000, 0x00000000e4500000, 0x0000000100000000)
  eden space 194048K, 100% used [0x00000000d5580000,0x00000000e1300000,0x00000000e1300000)
  from space 21504K, 0% used [0x00000000e2800000,0x00000000e2800000,0x00000000e3d00000)
  to   space 21504K, 0% used [0x00000000e1300000,0x00000000e1300000,0x00000000e2800000)
 ParOldGen       total 211968K, used 16638K [0x0000000080000000, 0x000000008cf00000, 0x00000000d5580000)
  object space 211968K, 7% used [0x0000000080000000,0x000000008103fa20,0x000000008cf00000)
 Metaspace       used 51106K, capacity 52752K, committed 53032K, reserved 1095680K
  class space    used 6777K, capacity 7170K, committed 7208K, reserved 1048576K
Event: 6.087 GC heap after
Heap after GC invocations=7 (full 2):
 PSYoungGen      total 215552K, used 21481K [0x00000000d5580000, 0x00000000e8a00000, 0x0000000100000000)
  eden space 194048K, 0% used [0x00000000d5580000,0x00000000d5580000,0x00000000e1300000)
  from space 21504K, 99% used [0x00000000e1300000,0x00000000e27fa478,0x00000000e2800000)
  to   space 23552K, 0% used [0x00000000e7300000,0x00000000e7300000,0x00000000e8a00000)
 ParOldGen       total 211968K, used 19400K [0x0000000080000000, 0x000000008cf00000, 0x00000000d5580000)
  object space 211968K, 9% used [0x0000000080000000,0x00000000812f2130,0x000000008cf00000)
 Metaspace       used 51106K, capacity 52752K, committed 53032K, reserved 1095680K
  class space    used 6777K, capacity 7170K, committed 7208K, reserved 1048576K
}

Deoptimization events (10 events):
Event: 5.811 Thread 0x000000001ce1f000 Uncommon trap: reason=unstable_if action=reinterpret pc=0x000000000393736c method=org.gradle.internal.instantiation.generator.AbstractClassGenerator$InjectionAnnotationValidator.validateMethod(Ljava/lang/reflect/Method;Lorg/gradle/internal/reflect/Propert
Event: 5.811 Thread 0x000000001ce1f000 Uncommon trap: reason=unstable_if action=reinterpret pc=0x00000000039c40dc method=org.gradle.internal.instantiation.generator.AbstractClassGenerator$InjectionAnnotationValidator.validateMethod(Ljava/lang/reflect/Method;Lorg/gradle/internal/reflect/Propert
Event: 5.831 Thread 0x000000001ce1f000 Uncommon trap: reason=bimorphic action=maybe_recompile pc=0x00000000035b7804 method=java.util.AbstractCollection.addAll(Ljava/util/Collection;)Z @ 29
Event: 5.871 Thread 0x000000001ce1f000 Uncommon trap: reason=unstable_if action=reinterpret pc=0x0000000002dfe2dc method=java.lang.String.replace(CC)Ljava/lang/String; @ 2
Event: 5.875 Thread 0x000000001ce1f000 Uncommon trap: reason=bimorphic action=maybe_recompile pc=0x00000000035f17f4 method=org.codehaus.groovy.runtime.metaclass.MetaMethodIndex.addMethodToList(Ljava/lang/Object;Lgroovy/lang/MetaMethod;)Ljava/lang/Object; @ 96
Event: 5.875 Thread 0x000000001ce1f000 Uncommon trap: reason=unstable_if action=reinterpret pc=0x00000000037d605c method=groovy.lang.MetaClassImpl$1MOPIter.methodNameAction(Ljava/lang/Class;Lorg/codehaus/groovy/runtime/metaclass/MetaMethodIndex$Entry;)V @ 182
Event: 5.952 Thread 0x000000001ce1f000 Uncommon trap: reason=unstable_if action=reinterpret pc=0x0000000002ff3444 method=java.lang.String.lastIndexOf([CII[CIII)I @ 17
Event: 5.952 Thread 0x000000001ce1f000 Uncommon trap: reason=unstable_if action=reinterpret pc=0x000000000380ce2c method=sun.net.www.protocol.jar.Handler.parseURL(Ljava/net/URL;Ljava/lang/String;II)V @ 116
Event: 5.997 Thread 0x000000001ce1f000 Uncommon trap: reason=unstable_if action=reinterpret pc=0x00000000035dc074 method=org.codehaus.groovy.reflection.CachedMethod.compareToMethod(Ljava/lang/reflect/Method;)I @ 111
Event: 6.218 Thread 0x000000001ce1f000 Uncommon trap: reason=unstable_if action=reinterpret pc=0x00000000031ee550 method=groovy.lang.MetaClassImpl.filterPropertyMethod(Ljava/lang/Object;ZZ)Ljava/lang/Object; @ 72

Classes redefined (0 events):
No events

Internal exceptions (10 events):
Event: 6.222 Thread 0x000000001ce1f000 Exception <a 'java/lang/ClassNotFoundException': build_aofuzrpprvlninwpgdosxzhez$_run_closure1BeanInfo> (0x00000000d6f5eb60) thrown at [C:\ws\UTv\Corretto8Src\installers\windows\zip\corretto-build\buildRoot\src\hotspot\src\share\vm\classfile\systemDiction
Event: 6.223 Thread 0x000000001ce1f000 Exception <a 'java/lang/ClassNotFoundException': build_aofuzrpprvlninwpgdosxzhez$_run_closure1Customizer> (0x00000000d6f72dc0) thrown at [C:\ws\UTv\Corretto8Src\installers\windows\zip\corretto-build\buildRoot\src\hotspot\src\share\vm\classfile\systemDicti
Event: 6.232 Thread 0x000000001ce1f000 Exception <a 'java/lang/ClassNotFoundException': org/gradle/api/internal/file/collections/DefaultConfigurableFileTreeBeanInfo> (0x00000000d710d688) thrown at [C:\ws\UTv\Corretto8Src\installers\windows\zip\corretto-build\buildRoot\src\hotspot\src\share\vm\
Event: 6.232 Thread 0x000000001ce1f000 Exception <a 'java/lang/ClassNotFoundException': org/gradle/api/internal/file/CompositeFileTreeBeanInfo> (0x00000000d714a310) thrown at [C:\ws\UTv\Corretto8Src\installers\windows\zip\corretto-build\buildRoot\src\hotspot\src\share\vm\classfile\systemDictio
Event: 6.233 Thread 0x000000001ce1f000 Exception <a 'java/lang/ClassNotFoundException': org/gradle/api/internal/file/CompositeFileCollectionBeanInfo> (0x00000000d718bb70) thrown at [C:\ws\UTv\Corretto8Src\installers\windows\zip\corretto-build\buildRoot\src\hotspot\src\share\vm\classfile\system
Event: 6.233 Thread 0x000000001ce1f000 Exception <a 'java/lang/ClassNotFoundException': org/gradle/api/internal/file/AbstractFileCollectionBeanInfo> (0x00000000d71cd710) thrown at [C:\ws\UTv\Corretto8Src\installers\windows\zip\corretto-build\buildRoot\src\hotspot\src\share\vm\classfile\systemD
Event: 6.234 Thread 0x000000001ce1f000 Exception <a 'java/lang/ClassNotFoundException': org/gradle/api/internal/file/AbstractFileCollectionCustomizer> (0x00000000d7210028) thrown at [C:\ws\UTv\Corretto8Src\installers\windows\zip\corretto-build\buildRoot\src\hotspot\src\share\vm\classfile\syste
Event: 6.235 Thread 0x000000001ce1f000 Exception <a 'java/lang/ClassNotFoundException': org/gradle/api/internal/file/CompositeFileCollectionCustomizer> (0x00000000d7263b18) thrown at [C:\ws\UTv\Corretto8Src\installers\windows\zip\corretto-build\buildRoot\src\hotspot\src\share\vm\classfile\syst
Event: 6.235 Thread 0x000000001ce1f000 Exception <a 'java/lang/ClassNotFoundException': org/gradle/api/internal/file/CompositeFileTreeCustomizer> (0x00000000d72b1088) thrown at [C:\ws\UTv\Corretto8Src\installers\windows\zip\corretto-build\buildRoot\src\hotspot\src\share\vm\classfile\systemDict
Event: 6.236 Thread 0x000000001ce1f000 Exception <a 'java/lang/ClassNotFoundException': org/gradle/api/internal/file/collections/DefaultConfigurableFileTreeCustomizer> (0x00000000d730b9c8) thrown at [C:\ws\UTv\Corretto8Src\installers\windows\zip\corretto-build\buildRoot\src\hotspot\src\share\v

Events (10 events):
Event: 6.311 loading class com/android/build/api/variant/VariantOutputConfiguration
Event: 6.311 loading class com/android/build/api/variant/VariantOutputConfiguration done
Event: 6.313 loading class com/android/build/api/component/impl/ComponentPropertiesImpl$$special$$inlined$apply$lambda$1
Event: 6.313 loading class com/android/build/api/component/impl/ComponentPropertiesImpl$$special$$inlined$apply$lambda$1 done
Event: 6.313 loading class com/android/build/gradle/internal/utils/HasConfigurableValuesKt
Event: 6.313 loading class com/android/build/gradle/internal/utils/HasConfigurableValuesKt done
Event: 6.314 loading class com/android/build/gradle/internal/scope/OutputFactory
Event: 6.314 loading class com/android/build/gradle/internal/scope/OutputFactory done
Event: 6.314 loading class com/android/build/gradle/internal/scope/OutputFactory$Main
Event: 6.314 loading class com/android/build/gradle/internal/scope/OutputFactory$Main done


Dynamic libraries:
0x00007ff7f9bb0000 - 0x00007ff7f9be5000 	C:\Program Files\Amazon Corretto\jdk1.8.0_252\bin\java.exe
0x00007ff9f93c0000 - 0x00007ff9f95b0000 	C:\Windows\SYSTEM32\ntdll.dll
0x00007ff9f9290000 - 0x00007ff9f9342000 	C:\Windows\System32\KERNEL32.DLL
0x00007ff9f6c00000 - 0x00007ff9f6ea4000 	C:\Windows\System32\KERNELBASE.dll
0x00007ff9f8020000 - 0x00007ff9f80c3000 	C:\Windows\System32\ADVAPI32.dll
0x00007ff9f8270000 - 0x00007ff9f830e000 	C:\Windows\System32\msvcrt.dll
0x00007ff9f7650000 - 0x00007ff9f76e7000 	C:\Windows\System32\sechost.dll
0x00007ff9f7760000 - 0x00007ff9f7880000 	C:\Windows\System32\RPCRT4.dll
0x00007ff9f80d0000 - 0x00007ff9f8265000 	C:\Windows\System32\USER32.dll
0x00007ff9f6ba0000 - 0x00007ff9f6bc1000 	C:\Windows\System32\win32u.dll
0x00007ff9f9350000 - 0x00007ff9f9376000 	C:\Windows\System32\GDI32.dll
0x00007ff9f71b0000 - 0x00007ff9f7346000 	C:\Windows\System32\gdi32full.dll
0x00007ff9f73d0000 - 0x00007ff9f746e000 	C:\Windows\System32\msvcp_win.dll
0x00007ff9f6eb0000 - 0x00007ff9f6faa000 	C:\Windows\System32\ucrtbase.dll
0x00007ff9e5770000 - 0x00007ff9e59f4000 	C:\Windows\WinSxS\amd64_microsoft.windows.common-controls_6595b64144ccf1df_6.0.18362.1016_none_9e7a36bbe461dae4\COMCTL32.dll
0x00007ff9f8a80000 - 0x00007ff9f8db5000 	C:\Windows\System32\combase.dll
0x00007ff9f7350000 - 0x00007ff9f73d0000 	C:\Windows\System32\bcryptPrimitives.dll
0x00007ff9f7ff0000 - 0x00007ff9f801e000 	C:\Windows\System32\IMM32.DLL
0x000000005f500000 - 0x000000005f5d2000 	C:\Program Files\Amazon Corretto\jdk1.8.0_252\jre\bin\msvcr100.dll
0x000000005c780000 - 0x000000005cfd1000 	C:\Program Files\Amazon Corretto\jdk1.8.0_252\jre\bin\server\jvm.dll
0x00007ff9f7470000 - 0x00007ff9f7478000 	C:\Windows\System32\PSAPI.DLL
0x00007ff9f0fe0000 - 0x00007ff9f0fe9000 	C:\Windows\SYSTEM32\WSOCK32.dll
0x00007ff9f3d00000 - 0x00007ff9f3d24000 	C:\Windows\SYSTEM32\WINMM.dll
0x00007ff9ebc70000 - 0x00007ff9ebc7a000 	C:\Windows\SYSTEM32\VERSION.dll
0x00007ff9f8580000 - 0x00007ff9f85ef000 	C:\Windows\System32\WS2_32.dll
0x00007ff9f3b40000 - 0x00007ff9f3b6d000 	C:\Windows\SYSTEM32\WINMMBASE.dll
0x00007ff9f6fb0000 - 0x00007ff9f6ffa000 	C:\Windows\System32\cfgmgr32.dll
0x00007ff9f2020000 - 0x00007ff9f202f000 	C:\Program Files\Amazon Corretto\jdk1.8.0_252\jre\bin\verify.dll
0x00007ff9f1ff0000 - 0x00007ff9f2019000 	C:\Program Files\Amazon Corretto\jdk1.8.0_252\jre\bin\java.dll
0x00007ff9f1fd0000 - 0x00007ff9f1fe6000 	C:\Program Files\Amazon Corretto\jdk1.8.0_252\jre\bin\zip.dll
0x00007ff9f7900000 - 0x00007ff9f7fe7000 	C:\Windows\System32\SHELL32.dll
0x00007ff9f89d0000 - 0x00007ff9f8a79000 	C:\Windows\System32\shcore.dll
0x00007ff9f6340000 - 0x00007ff9f6ac2000 	C:\Windows\System32\windows.storage.dll
0x00007ff9f62c0000 - 0x00007ff9f62e3000 	C:\Windows\System32\profapi.dll
0x00007ff9f62f0000 - 0x00007ff9f633a000 	C:\Windows\System32\powrprof.dll
0x00007ff9f6270000 - 0x00007ff9f6280000 	C:\Windows\System32\UMPDC.dll
0x00007ff9f8450000 - 0x00007ff9f84a2000 	C:\Windows\System32\shlwapi.dll
0x00007ff9f6280000 - 0x00007ff9f6291000 	C:\Windows\System32\kernel.appcore.dll
0x00007ff9f6b80000 - 0x00007ff9f6b97000 	C:\Windows\System32\cryptsp.dll
0x00007ff9f12a0000 - 0x00007ff9f12ba000 	C:\Program Files\Amazon Corretto\jdk1.8.0_252\jre\bin\net.dll
0x00007ff9f5a80000 - 0x00007ff9f5ae7000 	C:\Windows\system32\mswsock.dll
0x00007ff9f1200000 - 0x00007ff9f1212000 	C:\Program Files\Amazon Corretto\jdk1.8.0_252\jre\bin\nio.dll
0x00007ff9ee500000 - 0x00007ff9ee526000 	C:\Users\evbri\.gradle\native\31\windows-amd64\native-platform.dll
0x00007ff9f17d0000 - 0x00007ff9f17dd000 	C:\Program Files\Amazon Corretto\jdk1.8.0_252\jre\bin\management.dll
0x00007ff9f5600000 - 0x00007ff9f5633000 	C:\Windows\system32\rsaenh.dll
0x00007ff9f6bd0000 - 0x00007ff9f6bf6000 	C:\Windows\System32\bcrypt.dll
0x00007ff9f6190000 - 0x00007ff9f61b5000 	C:\Windows\SYSTEM32\USERENV.dll
0x00007ff9f5c00000 - 0x00007ff9f5c0c000 	C:\Windows\SYSTEM32\CRYPTBASE.dll
0x00007ff9f57a0000 - 0x00007ff9f57da000 	C:\Windows\SYSTEM32\IPHLPAPI.DLL
0x00007ff9f89c0000 - 0x00007ff9f89c8000 	C:\Windows\System32\NSI.dll
0x00007ff9f0250000 - 0x00007ff9f0266000 	C:\Windows\SYSTEM32\dhcpcsvc6.DLL
0x00007ff9f01e0000 - 0x00007ff9f01fc000 	C:\Windows\SYSTEM32\dhcpcsvc.DLL
0x00007ff9f57e0000 - 0x00007ff9f58ab000 	C:\Windows\SYSTEM32\DNSAPI.dll

VM Arguments:
jvm_args: -Xmx2048m -Dfile.encoding=windows-1252 -Duser.country=IE -Duser.language=en -Duser.variant 
java_command: org.gradle.launcher.daemon.bootstrap.GradleDaemon 6.1.1
java_class_path (initial): C:\Users\evbri\.gradle\wrapper\dists\gradle-6.1.1-all\cfmwm155h49vnt3hynmlrsdst\gradle-6.1.1\lib\gradle-launcher-6.1.1.jar
Launcher Type: SUN_STANDARD

Environment Variables:
JAVA_HOME=C:\Program Files\Amazon Corretto\jdk1.8.0_252
PATH=C:\Program Files (x86)\NVIDIA Corporation\PhysX\Common;C:\Program Files\Amazon Corretto\jdk1.8.0_252\bin;C:\Program Files (x86)\Python38-32\Scripts\;C:\Program Files (x86)\Python38-32\;C:\Program Files\ImageMagick-7.0.9-Q16;C:\Python38\Scripts\;C:\Python38\;C:\Program Files (x86)\Common Files\Oracle\Java\javapath;C:\Windows\system32;C:\Windows;C:\Windows\System32\Wbem;C:\Windows\System32\WindowsPowerShell\v1.0\;C:\Windows\System32\OpenSSH\;C:\Program Files\WIDCOMM\Bluetooth Software\;C:\Program Files\WIDCOMM\Bluetooth Software\syswow64;C:\ProgramData\chocolatey\bin;C:\Program Files\Git\cmd;C:\Program Files\nodejs\;C:\ProgramData\nvm;C:\Program Files\nodejs;C:\Program Files (x86)\Yarn\bin\;C:\Users\evbri\Maven\apache-maven-3.6.3\bin;C:\Program Files\Amazon Corretto\jdk1.8.0_252\bin;C:\Users\evbri\AppData\Local\Android\Sdk;C:\Users\evbri\AppData\Local\Android\Sdk\platform-tools;C:\Program Files\dotnet\;C:\Program Files\Microsoft SQL Server\130\Tools\Binn\;F:\Program Files (x86)\IncrediBuild;C:\Program Files (x86)\Microsoft Emulator Manager\1.0\;C:\Program Files\Docker\Docker\resources\bin;C:\ProgramData\DockerDesktop\version-bin;C:\Users\evbri\AppData\Local\Microsoft\WindowsApps;C:\Program Files\JetBrains\IntelliJ IDEA 2019.2.4\bin;;C:\Program Files (x86)\Nmap;C:\Users\evbri\AppData\Roaming\npm;C:\Users\evbri\AppData\Local\Programs\Microsoft VS Code\bin;C:\Users\evbri\AppData\Local\Yarn\bin;;C:\Users\evbri\AppData\Local\Programs\Fiddler;C:\Users\evbri\.dotnet\tools
USERNAME=evbri
OS=Windows_NT
PROCESSOR_IDENTIFIER=AMD64 Family 23 Model 8 Stepping 2, AuthenticAMD



---------------  S Y S T E M  ---------------

OS: Windows 10.0 , 64 bit Build 18362 (10.0.18362.959)

CPU:total 12 (initial active 12) (12 cores per cpu, 1 threads per core) family 23 model 8 stepping 2, cmov, cx8, fxsr, mmx, sse, sse2, sse3, ssse3, sse4.1, sse4.2, popcnt, avx, avx2, aes, clmul, mmxext, 3dnowpref, lzcnt, sse4a, tsc, tscinvbit, tscinv, bmi1

Memory: 4k page, physical 33487044k(5727768k free), swap 62708288k(5236k free)

vm_info: OpenJDK 64-Bit Server VM (25.252-b09) for windows-amd64 JRE (1.8.0_252-b09), built on Apr 17 2020 18:10:37 by "Administrator" with MS VC++ 10.0 (VS2010)

time: Sat Sep 12 22:30:13 2020
timezone: GMT Summer Time
elapsed time: 6 seconds (0d 0h 0m 6s)

